#
# A fatal error has been detected by the Java Runtime Environment:
#
#  SIGSEGV (0xb) at pc=0x00007fff8a2af250, pid=3010, tid=0x0000000000001007
#
# JRE version: Java(TM) SE Runtime Environment (8.0_121-b13) (build 1.8.0_121-b13)
# Java VM: Java HotSpot(TM) 64-Bit Server VM (25.121-b13 mixed mode bsd-amd64 compressed oops)
# Problematic frame:
# C  [libobjc.A.dylib+0x6250]  objc_msgSend+0x10
#
# Failed to write core dump. Core dumps have been disabled. To enable core dumping, try "ulimit -c unlimited" before starting Java again
#
# If you would like to submit a bug report, please visit:
#   http://bugreport.java.com/bugreport/crash.jsp
# The crash happened outside the Java Virtual Machine in native code.
# See problematic frame for where to report the bug.
#

---------------  T H R E A D  ---------------

Current thread (0x00007fd74b94d800):  JavaThread "AppKit Thread" daemon [_thread_in_native, id=4103, stack(0x00007fff58822000,0x00007fff59022000)]

siginfo: si_signo: 11 (SIGSEGV), si_code: 0 (unknown), si_addr: 0x0000000000000000

Registers:
RAX=0xe2126857e697cc00, RBX=0x00007fd749c4e410, RCX=0x00007fd74a0120f8, RDX=0x00000000a1a1a1a1
RSP=0x00007fff5901c060, RBP=0x00007fff5901c090, RSI=0x00007fff90208527, RDI=0x00007fd74a85bed0
R8 =0x00007fd74a97abb0, R9 =0x00000000744cfe96, R10=0x0000000000000000, R11=0x300007fd74a860d0
R12=0x00007fd74ab6a200, R13=0x00007fd74ab51510, R14=0x00007fd74a85bed0, R15=0x0000000000000000
RIP=0x00007fff8a2af250, EFLAGS=0x0000000000010246, ERR=0x0000000000000000
  TRAPNO=0x000000000000000d

Top of Stack: (sp=0x00007fff5901c060)
0x00007fff5901c060:   e2126857e697cc00 00000001a0123598
0x00007fff5901c070:   00007fd749c4e410 00000001a0157c60
0x00007fff5901c080:   00007fd74ab51510 00007fd74ab6b900
0x00007fff5901c090:   00007fff5901c5d0 00007fff8f9cfae3
0x00007fff5901c0a0:   0000000000000000 0000000000000000
0x00007fff5901c0b0:   4089000000000000 4082c00000000000
0x00007fff5901c0c0:   0000000000000000 0000000000000000
0x00007fff5901c0d0:   4089000000000000 4082c00000000000
0x00007fff5901c0e0:   402c000000000000 4030000000000000
0x00007fff5901c0f0:   001c000000000000 4082d80000000000
0x00007fff5901c100:   00007fff901ce93e 0030000000000001
0x00007fff5901c110:   0000000000000000 0000000000000000
0x00007fff5901c120:   00007fd74a92fe60 4083700000000000
0x00007fff5901c130:   00007fd749c4fa30 00007fff5901c2b0
0x00007fff5901c140:   00007fd749c4e410 00007fff00000000
0x00007fff5901c150:   401c000000000000 4082d80000000000
0x00007fff5901c160:   00007fff5901c2a0 00007fff8f9df038
0x00007fff5901c170:   401c000000000000 4082d80000000000
0x00007fff5901c180:   402c000000000000 4030000000000000
0x00007fff5901c190:   00007fff5901c270 00007fff886a3d2d
0x00007fff5901c1a0:   00007fd749c4fa30 00007fd749c4fa30
0x00007fff5901c1b0:   4089000000000000 4083700000000000
0x00007fff5901c1c0:   401c000000000000 4082d80000000000
0x00007fff5901c1d0:   402c000000000000 4030000000000000
0x00007fff5901c1e0:   0000000000000000 0000000000000000
0x00007fff5901c1f0:   401c000000000000 4082d80000000000
0x00007fff5901c200:   402c000000000000 4030000000000000
0x00007fff5901c210:   0000000000000000 0000000000000000
0x00007fff5901c220:   0000000000000000 0000000000000000
0x00007fff5901c230:   0000000000000000 0000000000000000
0x00007fff5901c240:   4089000000000000 0000000000000000
0x00007fff5901c250:   00007fd74ab50140 0000000000000000 

Instructions: (pc=0x00007fff8a2af250)
0x00007fff8a2af230:   90 90 90 90 90 90 90 90 90 90 90 90 90 90 90 90
0x00007fff8a2af240:   48 85 ff 74 2b 40 f6 c7 01 2e 75 3b 4c 8b 1f 50
0x00007fff8a2af250:   4d 8b 53 10 89 f0 41 23 02 4d 8b 5c c2 10 ff c0
0x00007fff8a2af260:   4d 85 db 74 36 49 3b 33 75 ec 58 41 ff 63 10 90 

Register to memory mapping:

RAX=0xe2126857e697cc00 is an unknown value
RBX=0x00007fd749c4e410 is an unknown value
RCX=0x00007fd74a0120f8 is an unknown value
RDX=0x00000000a1a1a1a1 is an unknown value
RSP=0x00007fff5901c060 is pointing into the stack for thread: 0x00007fd74b94d800
RBP=0x00007fff5901c090 is pointing into the stack for thread: 0x00007fd74b94d800
RSI=0x00007fff90208527: NSAppKitVersionNumber+0x4f947 in /System/Library/Frameworks/AppKit.framework/Versions/C/AppKit at 0x00007fff8f83c000
RDI=0x00007fd74a85bed0 is an unknown value
R8 =0x00007fd74a97abb0 is an unknown value
R9 =0x00000000744cfe96 is an unknown value
R10=0x0000000000000000 is an unknown value
R11=0x300007fd74a860d0 is an unknown value
R12=0x00007fd74ab6a200 is an unknown value
R13=0x00007fd74ab51510 is an unknown value
R14=0x00007fd74a85bed0 is an unknown value
R15=0x0000000000000000 is an unknown value


Stack: [0x00007fff58822000,0x00007fff59022000],  sp=0x00007fff5901c060,  free space=8168k
Native frames: (J=compiled Java code, j=interpreted, Vv=VM code, C=native code)
C  [libobjc.A.dylib+0x6250]  objc_msgSend+0x10
C  [AppKit+0x193ae3]  -[NSView _recursiveDisplayRectIfNeededIgnoringOpacity:isVisibleRect:rectIsVisibleRectForView:topView:]+0x722
C  [AppKit+0x194a44]  -[NSView _recursiveDisplayRectIfNeededIgnoringOpacity:isVisibleRect:rectIsVisibleRectForView:topView:]+0x1683
C  [AppKit+0x193143]  -[NSThemeFrame _recursiveDisplayRectIfNeededIgnoringOpacity:isVisibleRect:rectIsVisibleRectForView:topView:]+0x13a
C  [AppKit+0x18ed6d]  -[NSView _displayRectIgnoringOpacity:isVisibleRect:rectIsVisibleRectForView:]+0x1243
C  [AppKit+0x158c93]  -[NSView displayIfNeeded]+0x726
C  [AppKit+0x1581cc]  _handleWindowNeedsDisplayOrLayoutOrUpdateConstraints+0x2e2
C  [Foundation+0x74463]  __NSFireTimer+0x60
C  [CoreFoundation+0x50804]  __CFRUNLOOP_IS_CALLING_OUT_TO_A_TIMER_CALLBACK_FUNCTION__+0x14
C  [CoreFoundation+0x5031d]  __CFRunLoopDoTimer+0x22d
C  [CoreFoundation+0x35ad9]  __CFRunLoopRun+0x5f9
C  [CoreFoundation+0x350e2]  CFRunLoopRunSpecific+0x122
C  [HIToolbox+0x5feb4]  RunCurrentEventLoopInMode+0xd1
C  [HIToolbox+0x5fc52]  ReceiveNextEventCommon+0x164
C  [HIToolbox+0x5fae3]  BlockUntilNextEventMatchingListInMode+0x3e
C  [AppKit+0x155533]  _DPSNextEvent+0x2ad
C  [AppKit+0x154df2]  -[NSApplication nextEventMatchingMask:untilDate:inMode:dequeue:]+0x80
C  [libosxapp.dylib+0x23aa]  -[NSApplicationAWT nextEventMatchingMask:untilDate:inMode:dequeue:]+0x7c
C  [AppKit+0x14c1a3]  -[NSApplication run]+0x205
C  [libosxapp.dylib+0x214d]  +[NSApplicationAWT runAWTLoopWithApp:]+0x9c
C  [libawt_lwawt.dylib+0x45ff7]  -[AWTStarter starter:]+0x389
C  [Foundation+0x935ca]  __NSThreadPerformPerform+0xe1
C  [CoreFoundation+0x12b31]  __CFRUNLOOP_IS_CALLING_OUT_TO_A_SOURCE0_PERFORM_FUNCTION__+0x11
C  [CoreFoundation+0x12455]  __CFRunLoopDoSources0+0xf5
C  [CoreFoundation+0x357f5]  __CFRunLoopRun+0x315
C  [CoreFoundation+0x350e2]  CFRunLoopRunSpecific+0x122
C  [java+0x6465]  CreateExecutionEnvironment+0x367
C  [java+0x218c]  JLI_Launch+0x7a0
C  [java+0x84c2]  main+0x65
C  [java+0x19e4]  start+0x34
C  0x0000000000000005


---------------  P R O C E S S  ---------------

Java Threads: ( => current thread )
  0x00007fd74c001800 JavaThread "DestroyJavaVM" [_thread_blocked, id=6659, stack(0x0000000107caf000,0x0000000107daf000)]
  0x00007fd74c166000 JavaThread "LWJGL Application" [_thread_in_native, id=54019, stack(0x00000001a044a000,0x00000001a054a000)]
  0x00007fd74b872000 JavaThread "AWT-Shutdown" [_thread_blocked, id=29955, stack(0x000000019d8fc000,0x000000019d9fc000)]
=>0x00007fd74b94d800 JavaThread "AppKit Thread" daemon [_thread_in_native, id=4103, stack(0x00007fff58822000,0x00007fff59022000)]
  0x00007fd74c028800 JavaThread "Service Thread" daemon [_thread_blocked, id=24067, stack(0x000000019c17b000,0x000000019c27b000)]
  0x00007fd74a04b000 JavaThread "C1 CompilerThread2" daemon [_thread_blocked, id=23555, stack(0x000000019c078000,0x000000019c178000)]
  0x00007fd74a04a000 JavaThread "C2 CompilerThread1" daemon [_thread_blocked, id=23043, stack(0x000000019bf75000,0x000000019c075000)]
  0x00007fd74a048800 JavaThread "C2 CompilerThread0" daemon [_thread_blocked, id=22531, stack(0x000000019be72000,0x000000019bf72000)]
  0x00007fd74c027800 JavaThread "Signal Dispatcher" daemon [_thread_blocked, id=22019, stack(0x000000019bd6f000,0x000000019be6f000)]
  0x00007fd74b004800 JavaThread "Finalizer" daemon [_thread_blocked, id=17155, stack(0x000000019ba9b000,0x000000019bb9b000)]
  0x00007fd74b802800 JavaThread "Reference Handler" daemon [_thread_blocked, id=16643, stack(0x000000019b998000,0x000000019ba98000)]

Other Threads:
  0x00007fd74a03b800 VMThread [stack: 0x000000019b895000,0x000000019b995000] [id=16131]
  0x00007fd74b81a800 WatcherThread [stack: 0x000000019c27e000,0x000000019c37e000] [id=24579]

VM state:not at safepoint (normal execution)

VM Mutex/Monitor currently owned by a thread: None

Heap:
 PSYoungGen      total 18944K, used 11984K [0x0000000142100000, 0x0000000143600000, 0x0000000157600000)
  eden space 16384K, 73% used [0x0000000142100000,0x0000000142cb40c0,0x0000000143100000)
  from space 2560K, 0% used [0x0000000143380000,0x0000000143380000,0x0000000143600000)
  to   space 2560K, 0% used [0x0000000143100000,0x0000000143100000,0x0000000143380000)
 ParOldGen       total 44032K, used 0K [0x0000000117600000, 0x000000011a100000, 0x0000000142100000)
  object space 44032K, 0% used [0x0000000117600000,0x0000000117600000,0x000000011a100000)
 Metaspace       used 7840K, capacity 7971K, committed 8064K, reserved 1056768K
  class space    used 782K, capacity 856K, committed 896K, reserved 1048576K

Card table byte_map: [0x0000000157600000,0x0000000157801000] byte_map_base: 0x0000000156d45000

Marking Bits: (ParMarkBitMap*) 0x00000001075fcd30
 Begin Bits: [0x0000000157c0d000, 0x0000000158c0d000)
 End Bits:   [0x0000000158c0d000, 0x0000000159c0d000)

Polling page: 0x0000000107df4000

CodeCache: size=245760Kb used=2340Kb max_used=2351Kb free=243419Kb
 bounds [0x0000000107e8a000, 0x00000001080fa000, 0x0000000116e8a000]
 total_blobs=992 nmethods=561 adapters=345
 compilation: enabled

Compilation events (10 events):
Event: 2.163 Thread 0x00007fd74a04b000  557       3       com.badlogic.gdx.graphics.glutils.ShaderProgram::enableVertexAttribute (16 bytes)
Event: 2.164 Thread 0x00007fd74a04b000 nmethod 557 0x00000001080d0b90 code [0x00000001080d0da0, 0x00000001080d1728]
Event: 2.164 Thread 0x00007fd74a04b000  558       3       com.badlogic.gdx.graphics.glutils.ShaderProgram::disableVertexAttribute (28 bytes)
Event: 2.165 Thread 0x00007fd74a04b000 nmethod 558 0x00000001080d1e10 code [0x00000001080d2040, 0x00000001080d2a58]
Event: 2.215 Thread 0x00007fd74a04b000  559       3       java.util.Objects::requireNonNull (15 bytes)
Event: 2.215 Thread 0x00007fd74a04b000 nmethod 559 0x00000001080d3190 code [0x00000001080d3300, 0x00000001080d3528]
Event: 2.215 Thread 0x00007fd74a04b000  560       3       java.util.Vector::elementData (7 bytes)
Event: 2.215 Thread 0x00007fd74a04b000 nmethod 560 0x00000001080d3610 code [0x00000001080d3780, 0x00000001080d3910]
Event: 2.216 Thread 0x00007fd74a04a000  561       4       java.nio.DirectByteBuffer::put (18 bytes)
Event: 2.216 Thread 0x00007fd74a04a000 nmethod 561 0x00000001080d66d0 code [0x00000001080d6820, 0x00000001080d68d8]

GC Heap History (0 events):
No events

Deoptimization events (0 events):
No events

Internal exceptions (10 events):
Event: 0.290 Thread 0x00007fd74c001800 Exception <a 'java/lang/NoSuchFieldError': method resolution failed> (0x0000000142532d90) thrown at [/Users/java_re/workspace/8-2-build-macosx-x86_64/jdk8u121/8372/hotspot/src/share/vm/prims/methodHandles.cpp, line 1146]
Event: 0.293 Thread 0x00007fd74c001800 Exception <a 'java/lang/NoSuchFieldError': method resolution failed> (0x00000001425404c0) thrown at [/Users/java_re/workspace/8-2-build-macosx-x86_64/jdk8u121/8372/hotspot/src/share/vm/prims/methodHandles.cpp, line 1146]
Event: 0.392 Thread 0x00007fd74c001800 Exception <a 'java/io/FileNotFoundException'> (0x00000001425bb3e8) thrown at [/Users/java_re/workspace/8-2-build-macosx-x86_64/jdk8u121/8372/hotspot/src/share/vm/prims/jni.cpp, line 709]
Event: 0.392 Thread 0x00007fd74c001800 Exception <a 'java/io/FileNotFoundException'> (0x00000001425bbf70) thrown at [/Users/java_re/workspace/8-2-build-macosx-x86_64/jdk8u121/8372/hotspot/src/share/vm/prims/jni.cpp, line 709]
Event: 0.406 Thread 0x00007fd74c001800 Exception <a 'java/security/PrivilegedActionException'> (0x00000001425d2cd8) thrown at [/Users/java_re/workspace/8-2-build-macosx-x86_64/jdk8u121/8372/hotspot/src/share/vm/prims/jvm.cpp, line 1390]
Event: 0.406 Thread 0x00007fd74c001800 Exception <a 'java/security/PrivilegedActionException'> (0x00000001425d48c0) thrown at [/Users/java_re/workspace/8-2-build-macosx-x86_64/jdk8u121/8372/hotspot/src/share/vm/prims/jvm.cpp, line 1390]
Event: 0.406 Thread 0x00007fd74c001800 Exception <a 'java/security/PrivilegedActionException'> (0x00000001425d59e0) thrown at [/Users/java_re/workspace/8-2-build-macosx-x86_64/jdk8u121/8372/hotspot/src/share/vm/prims/jvm.cpp, line 1390]
Event: 0.407 Thread 0x00007fd74c001800 Exception <a 'java/security/PrivilegedActionException'> (0x00000001425dab00) thrown at [/Users/java_re/workspace/8-2-build-macosx-x86_64/jdk8u121/8372/hotspot/src/share/vm/prims/jvm.cpp, line 1390]
Event: 0.407 Thread 0x00007fd74c001800 Exception <a 'java/security/PrivilegedActionException'> (0x00000001425db758) thrown at [/Users/java_re/workspace/8-2-build-macosx-x86_64/jdk8u121/8372/hotspot/src/share/vm/prims/jvm.cpp, line 1390]
Event: 0.407 Thread 0x00007fd74c001800 Exception <a 'java/security/PrivilegedActionException'> (0x00000001425dc380) thrown at [/Users/java_re/workspace/8-2-build-macosx-x86_64/jdk8u121/8372/hotspot/src/share/vm/prims/jvm.cpp, line 1390]

Events (10 events):
Event: 0.755 loading class org/lwjgl/opengl/Sync$RunningAvg
Event: 0.755 loading class org/lwjgl/opengl/Sync$RunningAvg done
Event: 1.232 loading class com/badlogic/gdx/backends/lwjgl/LwjglInput$TouchEvent
Event: 1.232 loading class com/badlogic/gdx/backends/lwjgl/LwjglInput$TouchEvent done
Event: 1.233 loading class com/badlogic/gdx/utils/Pool$Poolable
Event: 1.233 loading class com/badlogic/gdx/utils/Pool$Poolable done
Event: 2.212 loading class com/badlogic/gdx/backends/lwjgl/LwjglApplication$2
Event: 2.212 loading class com/badlogic/gdx/backends/lwjgl/LwjglApplication$2 done
Event: 2.214 loading class org/lwjgl/opengl/CallbackUtil
Event: 2.214 loading class org/lwjgl/opengl/CallbackUtil done


Dynamic libraries:
0x000000000523f000 	/System/Library/Frameworks/Cocoa.framework/Versions/A/Cocoa
0x000000000523f000 	/System/Library/Frameworks/Security.framework/Versions/A/Security
0x000000000523f000 	/System/Library/Frameworks/ApplicationServices.framework/Versions/A/ApplicationServices
0x000000000523f000 	/usr/lib/libz.1.dylib
0x000000000523f000 	/usr/lib/libSystem.B.dylib
0x000000000523f000 	/usr/lib/libobjc.A.dylib
0x000000000523f000 	/System/Library/Frameworks/CoreFoundation.framework/Versions/A/CoreFoundation
0x000000000523f000 	/System/Library/Frameworks/Foundation.framework/Versions/C/Foundation
0x000000000523f000 	/System/Library/Frameworks/AppKit.framework/Versions/C/AppKit
0x000000000523f000 	/System/Library/Frameworks/CoreData.framework/Versions/A/CoreData
0x000000000523f000 	/System/Library/PrivateFrameworks/RemoteViewServices.framework/Versions/A/RemoteViewServices
0x000000000523f000 	/System/Library/Frameworks/AudioToolbox.framework/Versions/A/AudioToolbox
0x000000000523f000 	/System/Library/Frameworks/AudioUnit.framework/Versions/A/AudioUnit
0x000000000523f000 	/System/Library/PrivateFrameworks/DataDetectorsCore.framework/Versions/A/DataDetectorsCore
0x000000000523f000 	/System/Library/PrivateFrameworks/DesktopServicesPriv.framework/Versions/A/DesktopServicesPriv
0x000000000523f000 	/System/Library/Frameworks/Carbon.framework/Versions/A/Frameworks/HIToolbox.framework/Versions/A/HIToolbox
0x000000000523f000 	/System/Library/Frameworks/QuartzCore.framework/Versions/A/QuartzCore
0x000000000523f000 	/System/Library/Frameworks/Carbon.framework/Versions/A/Frameworks/SpeechRecognition.framework/Versions/A/SpeechRecognition
0x000000000523f000 	/usr/lib/libauto.dylib
0x000000000523f000 	/usr/lib/libicucore.A.dylib
0x000000000523f000 	/usr/lib/libxml2.2.dylib
0x000000000523f000 	/System/Library/PrivateFrameworks/CoreUI.framework/Versions/A/CoreUI
0x000000000523f000 	/System/Library/Frameworks/CoreAudio.framework/Versions/A/CoreAudio
0x000000000523f000 	/System/Library/Frameworks/DiskArbitration.framework/Versions/A/DiskArbitration
0x000000000523f000 	/usr/lib/liblangid.dylib
0x000000000523f000 	/System/Library/PrivateFrameworks/MultitouchSupport.framework/Versions/A/MultitouchSupport
0x000000000523f000 	/System/Library/Frameworks/IOKit.framework/Versions/A/IOKit
0x000000000523f000 	/usr/lib/libDiagnosticMessagesClient.dylib
0x000000000523f000 	/System/Library/Frameworks/CoreServices.framework/Versions/A/CoreServices
0x000000000523f000 	/System/Library/PrivateFrameworks/PerformanceAnalysis.framework/Versions/A/PerformanceAnalysis
0x000000000523f000 	/System/Library/PrivateFrameworks/GenerationalStorage.framework/Versions/A/GenerationalStorage
0x000000000523f000 	/System/Library/Frameworks/OpenGL.framework/Versions/A/OpenGL
0x000000000523f000 	/System/Library/Frameworks/CoreText.framework/Versions/A/CoreText
0x000000000523f000 	/System/Library/Frameworks/ImageIO.framework/Versions/A/ImageIO
0x000000000523f000 	/System/Library/PrivateFrameworks/Backup.framework/Versions/A/Backup
0x000000000523f000 	/System/Library/Frameworks/CFNetwork.framework/Versions/A/CFNetwork
0x000000000523f000 	/System/Library/Frameworks/SystemConfiguration.framework/Versions/A/SystemConfiguration
0x000000000523f000 	/usr/lib/libCRFSuite.dylib
0x000000000523f000 	/System/Library/PrivateFrameworks/TCC.framework/Versions/A/TCC
0x000000000523f000 	/usr/lib/libc++.1.dylib
0x000000000523f000 	/usr/lib/libc++abi.dylib
0x000000000523f000 	/usr/lib/system/libcache.dylib
0x000000000523f000 	/usr/lib/system/libcommonCrypto.dylib
0x000000000523f000 	/usr/lib/system/libcompiler_rt.dylib
0x000000000523f000 	/usr/lib/system/libcopyfile.dylib
0x000000000523f000 	/usr/lib/system/libdispatch.dylib
0x000000000523f000 	/usr/lib/system/libdnsinfo.dylib
0x000000000523f000 	/usr/lib/system/libdyld.dylib
0x000000000523f000 	/usr/lib/system/libkeymgr.dylib
0x000000000523f000 	/usr/lib/system/liblaunch.dylib
0x000000000523f000 	/usr/lib/system/libmacho.dylib
0x000000000523f000 	/usr/lib/system/libquarantine.dylib
0x000000000523f000 	/usr/lib/system/libremovefile.dylib
0x000000000523f000 	/usr/lib/system/libsystem_blocks.dylib
0x000000000523f000 	/usr/lib/system/libsystem_c.dylib
0x000000000523f000 	/usr/lib/system/libsystem_dnssd.dylib
0x000000000523f000 	/usr/lib/system/libsystem_info.dylib
0x000000000523f000 	/usr/lib/system/libsystem_kernel.dylib
0x000000000523f000 	/usr/lib/system/libsystem_m.dylib
0x000000000523f000 	/usr/lib/system/libsystem_network.dylib
0x000000000523f000 	/usr/lib/system/libsystem_notify.dylib
0x000000000523f000 	/usr/lib/system/libsystem_sandbox.dylib
0x000000000523f000 	/usr/lib/system/libunc.dylib
0x000000000523f000 	/usr/lib/system/libunwind.dylib
0x000000000523f000 	/usr/lib/system/libxpc.dylib
0x000000000523f000 	/usr/lib/system/libcorecrypto.dylib
0x000000000523f000 	/usr/lib/libstdc++.6.dylib
0x000000000523f000 	/usr/lib/libbsm.0.dylib
0x000000000523f000 	/usr/lib/libsqlite3.dylib
0x000000000523f000 	/usr/lib/libxar.1.dylib
0x000000000523f000 	/usr/lib/libpam.2.dylib
0x000000000523f000 	/usr/lib/libOpenScriptingUtil.dylib
0x000000000523f000 	/usr/lib/libbz2.1.0.dylib
0x000000000523f000 	/System/Library/Frameworks/CoreServices.framework/Versions/A/Frameworks/CarbonCore.framework/Versions/A/CarbonCore
0x000000000523f000 	/System/Library/Frameworks/CoreServices.framework/Versions/A/Frameworks/Metadata.framework/Versions/A/Metadata
0x000000000523f000 	/System/Library/Frameworks/CoreServices.framework/Versions/A/Frameworks/OSServices.framework/Versions/A/OSServices
0x000000000523f000 	/System/Library/Frameworks/CoreServices.framework/Versions/A/Frameworks/SearchKit.framework/Versions/A/SearchKit
0x000000000523f000 	/System/Library/Frameworks/CoreServices.framework/Versions/A/Frameworks/AE.framework/Versions/A/AE
0x000000000523f000 	/System/Library/Frameworks/CoreServices.framework/Versions/A/Frameworks/LaunchServices.framework/Versions/A/LaunchServices
0x000000000523f000 	/System/Library/Frameworks/CoreServices.framework/Versions/A/Frameworks/DictionaryServices.framework/Versions/A/DictionaryServices
0x000000000523f000 	/System/Library/Frameworks/NetFS.framework/Versions/A/NetFS
0x000000000523f000 	/usr/lib/system/libkxld.dylib
0x000000000523f000 	/System/Library/PrivateFrameworks/NetAuth.framework/Versions/A/NetAuth
0x000000000523f000 	/System/Library/Frameworks/OpenDirectory.framework/Versions/A/Frameworks/CFOpenDirectory.framework/Versions/A/CFOpenDirectory
0x000000000523f000 	/usr/lib/libxslt.1.dylib
0x000000000523f000 	/System/Library/PrivateFrameworks/FamilyControls.framework/Versions/A/FamilyControls
0x000000000523f000 	/System/Library/Frameworks/Carbon.framework/Versions/A/Frameworks/Ink.framework/Versions/A/Ink
0x000000000523f000 	/System/Library/Frameworks/ApplicationServices.framework/Versions/A/Frameworks/CoreGraphics.framework/Versions/A/CoreGraphics
0x000000000523f000 	/System/Library/Frameworks/ApplicationServices.framework/Versions/A/Frameworks/ATS.framework/Versions/A/ATS
0x000000000523f000 	/System/Library/Frameworks/ApplicationServices.framework/Versions/A/Frameworks/ColorSync.framework/Versions/A/ColorSync
0x000000000523f000 	/System/Library/Frameworks/ApplicationServices.framework/Versions/A/Frameworks/HIServices.framework/Versions/A/HIServices
0x000000000523f000 	/System/Library/Frameworks/ApplicationServices.framework/Versions/A/Frameworks/LangAnalysis.framework/Versions/A/LangAnalysis
0x000000000523f000 	/System/Library/Frameworks/ApplicationServices.framework/Versions/A/Frameworks/PrintCore.framework/Versions/A/PrintCore
0x000000000523f000 	/System/Library/Frameworks/ApplicationServices.framework/Versions/A/Frameworks/QD.framework/Versions/A/QD
0x000000000523f000 	/System/Library/Frameworks/ApplicationServices.framework/Versions/A/Frameworks/SpeechSynthesis.framework/Versions/A/SpeechSynthesis
0x000000000523f000 	/System/Library/Frameworks/IOSurface.framework/Versions/A/IOSurface
0x000000000523f000 	/System/Library/Frameworks/Accelerate.framework/Versions/A/Accelerate
0x000000000523f000 	/System/Library/Frameworks/ApplicationServices.framework/Versions/A/Frameworks/ATS.framework/Versions/A/Resources/libFontParser.dylib
0x000000000523f000 	/System/Library/Frameworks/ApplicationServices.framework/Versions/A/Frameworks/ATS.framework/Versions/A/Resources/libFontRegistry.dylib
0x000000000523f000 	/System/Library/Frameworks/Accelerate.framework/Versions/A/Frameworks/vImage.framework/Versions/A/vImage
0x000000000523f000 	/System/Library/Frameworks/Accelerate.framework/Versions/A/Frameworks/vecLib.framework/Versions/A/vecLib
0x000000000523f000 	/System/Library/Frameworks/Accelerate.framework/Versions/A/Frameworks/vecLib.framework/Versions/A/libvDSP.dylib
0x000000000523f000 	/System/Library/Frameworks/Accelerate.framework/Versions/A/Frameworks/vecLib.framework/Versions/A/libvMisc.dylib
0x000000000523f000 	/System/Library/Frameworks/Accelerate.framework/Versions/A/Frameworks/vecLib.framework/Versions/A/libLAPACK.dylib
0x000000000523f000 	/System/Library/Frameworks/Accelerate.framework/Versions/A/Frameworks/vecLib.framework/Versions/A/libBLAS.dylib
0x000000000523f000 	/System/Library/Frameworks/ImageIO.framework/Versions/A/Resources/libJPEG.dylib
0x000000000523f000 	/System/Library/Frameworks/ImageIO.framework/Versions/A/Resources/libTIFF.dylib
0x000000000523f000 	/System/Library/Frameworks/ImageIO.framework/Versions/A/Resources/libPng.dylib
0x000000000523f000 	/System/Library/Frameworks/ImageIO.framework/Versions/A/Resources/libGIF.dylib
0x000000000523f000 	/System/Library/Frameworks/ImageIO.framework/Versions/A/Resources/libJP2.dylib
0x000000000523f000 	/System/Library/Frameworks/ImageIO.framework/Versions/A/Resources/libRadiance.dylib
0x000000000523f000 	/usr/lib/libcups.2.dylib
0x000000000523f000 	/System/Library/Frameworks/Kerberos.framework/Versions/A/Kerberos
0x000000000523f000 	/System/Library/Frameworks/GSS.framework/Versions/A/GSS
0x000000000523f000 	/usr/lib/libresolv.9.dylib
0x000000000523f000 	/usr/lib/libiconv.2.dylib
0x000000000523f000 	/System/Library/PrivateFrameworks/Heimdal.framework/Versions/A/Heimdal
0x000000000523f000 	/System/Library/PrivateFrameworks/TrustEvaluationAgent.framework/Versions/A/TrustEvaluationAgent
0x000000000523f000 	/System/Library/Frameworks/OpenDirectory.framework/Versions/A/OpenDirectory
0x000000000523f000 	/System/Library/PrivateFrameworks/CommonAuth.framework/Versions/A/CommonAuth
0x000000000523f000 	/System/Library/PrivateFrameworks/Bom.framework/Versions/A/Bom
0x000000000523f000 	/System/Library/Frameworks/CoreVideo.framework/Versions/A/CoreVideo
0x000000000523f000 	/System/Library/Frameworks/QuartzCore.framework/Versions/A/Frameworks/CoreImage.framework/Versions/A/CoreImage
0x000000000523f000 	/System/Library/Frameworks/QuartzCore.framework/Versions/A/Frameworks/ScalableUserInterface.framework/Versions/A/ScalableUserInterface
0x000000000523f000 	/System/Library/Frameworks/OpenGL.framework/Versions/A/Libraries/libGLU.dylib
0x000000000523f000 	/System/Library/Frameworks/OpenGL.framework/Versions/A/Libraries/libGFXShared.dylib
0x000000000523f000 	/System/Library/Frameworks/OpenGL.framework/Versions/A/Libraries/libGL.dylib
0x000000000523f000 	/System/Library/Frameworks/OpenGL.framework/Versions/A/Libraries/libGLImage.dylib
0x000000000523f000 	/System/Library/Frameworks/OpenGL.framework/Versions/A/Libraries/libCVMSPluginSupport.dylib
0x000000000523f000 	/System/Library/Frameworks/OpenGL.framework/Versions/A/Libraries/libCoreVMClient.dylib
0x000000000523f000 	/System/Library/PrivateFrameworks/CrashReporterSupport.framework/Versions/A/CrashReporterSupport
0x000000000523f000 	/System/Library/Frameworks/OpenCL.framework/Versions/A/OpenCL
0x000000000523f000 	/System/Library/PrivateFrameworks/FaceCoreLight.framework/Versions/A/FaceCoreLight
0x000000000523f000 	/System/Library/PrivateFrameworks/AppleFSCompression.framework/Versions/A/AppleFSCompression
0x000000000523f000 	/System/Library/PrivateFrameworks/Ubiquity.framework/Versions/A/Ubiquity
0x000000000523f000 	/System/Library/Frameworks/ServiceManagement.framework/Versions/A/ServiceManagement
0x000000000523f000 	/System/Library/PrivateFrameworks/ChunkingLibrary.framework/Versions/A/ChunkingLibrary
0x000000000523f000 	/System/Library/Frameworks/vecLib.framework/Versions/A/vecLib
0x000000000523f000 	/System/Library/Frameworks/SecurityFoundation.framework/Versions/A/SecurityFoundation
0x000000000523f000 	/System/Library/PrivateFrameworks/CommerceKit.framework/Versions/A/Frameworks/CommerceCore.framework/Versions/A/CommerceCore
0x000000000523f000 	/System/Library/PrivateFrameworks/CoreSymbolication.framework/Versions/A/CoreSymbolication
0x000000000523f000 	/System/Library/PrivateFrameworks/Symbolication.framework/Versions/A/Symbolication
0x000000000523f000 	/System/Library/PrivateFrameworks/DebugSymbols.framework/Versions/A/DebugSymbols
0x0000000106d0c000 	/Library/Java/JavaVirtualMachines/jdk1.8.0_121.jdk/Contents/Home/jre/lib/server/libjvm.dylib
0x0000000107db1000 	/Library/Java/JavaVirtualMachines/jdk1.8.0_121.jdk/Contents/Home/jre/lib/libverify.dylib
0x0000000107dbf000 	/Library/Java/JavaVirtualMachines/jdk1.8.0_121.jdk/Contents/Home/jre/lib/libjava.dylib
0x0000000107e81000 	/Library/Java/JavaVirtualMachines/jdk1.8.0_121.jdk/Contents/Home/jre/lib/libzip.dylib
0x000000019bb9d000 	/System/Library/Frameworks/JavaVM.framework/Frameworks/JavaRuntimeSupport.framework/JavaRuntimeSupport
0x000000019bbb6000 	/System/Library/Frameworks/JavaVM.framework/Versions/A/Frameworks/JavaNativeFoundation.framework/Versions/A/JavaNativeFoundation
0x000000019bbcc000 	/System/Library/Frameworks/JavaVM.framework/Versions/A/JavaVM
0x000000000523f000 	/System/Library/Frameworks/Carbon.framework/Versions/A/Carbon
0x000000019bbd9000 	/System/Library/PrivateFrameworks/JavaLaunching.framework/Versions/A/JavaLaunching
0x000000000523f000 	/System/Library/Frameworks/Carbon.framework/Versions/A/Frameworks/CommonPanels.framework/Versions/A/CommonPanels
0x000000000523f000 	/System/Library/Frameworks/Carbon.framework/Versions/A/Frameworks/Help.framework/Versions/A/Help
0x000000000523f000 	/System/Library/Frameworks/Carbon.framework/Versions/A/Frameworks/ImageCapture.framework/Versions/A/ImageCapture
0x000000000523f000 	/System/Library/Frameworks/Carbon.framework/Versions/A/Frameworks/OpenScripting.framework/Versions/A/OpenScripting
0x000000000523f000 	/System/Library/Frameworks/Carbon.framework/Versions/A/Frameworks/Print.framework/Versions/A/Print
0x000000000523f000 	/System/Library/Frameworks/Carbon.framework/Versions/A/Frameworks/SecurityHI.framework/Versions/A/SecurityHI
0x000000019c3da000 	/private/var/folders/cl/40rj8v854dn3dwd1f2dr28c40000gn/T/libgdxliaderlich/6e213a1/libgdx64.dylib
0x000000019c424000 	/Library/Java/JavaVirtualMachines/jdk1.8.0_121.jdk/Contents/Home/jre/lib/libawt.dylib
0x000000019c4cc000 	/Library/Java/JavaVirtualMachines/jdk1.8.0_121.jdk/Contents/Home/jre/lib/./libmlib_image.dylib
0x000000019c598000 	/Library/Java/JavaVirtualMachines/jdk1.8.0_121.jdk/Contents/Home/jre/lib/libawt_lwawt.dylib
0x000000019c64f000 	/Library/Java/JavaVirtualMachines/jdk1.8.0_121.jdk/Contents/Home/jre/lib/./libosxapp.dylib
0x000000019c66b000 	/System/Library/Frameworks/ExceptionHandling.framework/Versions/A/ExceptionHandling
0x000000000523f000 	/System/Library/PrivateFrameworks/CoreServicesInternal.framework/Versions/A/CoreServicesInternal
0x000000000523f000 	/System/Library/PrivateFrameworks/Librarian.framework/Versions/A/Librarian
0x000000000523f000 	/System/Library/Frameworks/ApplicationServices.framework/Versions/A/Frameworks/CoreGraphics.framework/Versions/A/Resources/libCSync.A.dylib
0x000000000523f000 	/System/Library/Frameworks/ApplicationServices.framework/Versions/A/Frameworks/CoreGraphics.framework/Versions/A/Resources/libRIP.A.dylib
0x000000000523f000 	/System/Library/Frameworks/ApplicationServices.framework/Versions/A/Frameworks/CoreGraphics.framework/Versions/A/Resources/libCGXType.A.dylib
0x00000001a00b2000 	/Library/Java/JavaVirtualMachines/jdk1.8.0_121.jdk/Contents/Home/jre/lib/libfontmanager.dylib
0x00000001a0119000 	/private/var/folders/cl/40rj8v854dn3dwd1f2dr28c40000gn/T/libgdxliaderlich/f7649394/liblwjgl.dylib
0x000000019da44000 	/Library/Java/JavaVirtualMachines/jdk1.8.0_121.jdk/Contents/Home/jre/lib/libjawt.dylib
0x000000019da47000 	/var/folders/cl/40rj8v854dn3dwd1f2dr28c40000gn/T/libgdxliaderlich/f7649394/openal.dylib
0x000000013019b000 	/System/Library/Components/CoreAudio.component/Contents/MacOS/CoreAudio
0x000000019e84e000 	/System/Library/Extensions/AppleHDA.kext/Contents/PlugIns/AppleHDAHALPlugIn.bundle/Contents/MacOS/AppleHDAHALPlugIn
0x00000001a054c000 	/System/Library/Frameworks/OpenGL.framework/Resources/GLEngine.bundle/GLEngine
0x00000001a0741000 	/System/Library/Frameworks/OpenGL.framework/Versions/A/Libraries/libGLProgrammability.dylib
0x00000001a08e9000 	/System/Library/Extensions/AppleIntelHD4000GraphicsGLDriver.bundle/Contents/MacOS/AppleIntelHD4000GraphicsGLDriver
0x00000001a0ee5000 	/System/Library/PrivateFrameworks/IOAccelerator.framework/Versions/A/IOAccelerator
0x00000001a0ef2000 	/System/Library/PrivateFrameworks/GPUSupport.framework/Versions/A/Libraries/libGPUSupportMercury.dylib
0x00000001a1305000 	/System/Library/Frameworks/OpenGL.framework/Resources//GLRendererFloat.bundle/GLRendererFloat
0x00000001a1339000 	/System/Library/Frameworks/OpenCL.framework/Versions/A/Libraries/libcldcpuengine.dylib
0x000000000523f000 	/System/Library/PrivateFrameworks/DiskImages.framework/Versions/A/DiskImages
0x000000000523f000 	/System/Library/Frameworks/DiscRecording.framework/Versions/A/DiscRecording
0x000000000523f000 	/usr/lib/libcurl.4.dylib
0x000000000523f000 	/System/Library/PrivateFrameworks/MediaKit.framework/Versions/A/MediaKit
0x000000000523f000 	/usr/lib/libssl.0.9.8.dylib
0x000000000523f000 	/usr/lib/libcrypto.0.9.8.dylib
0x000000000523f000 	/System/Library/Frameworks/LDAP.framework/Versions/A/LDAP
0x000000000523f000 	/usr/lib/libsasl2.2.dylib
0x00000001a17cb000 	cl_kernels
0x00000001a17cd000 	/System/Library/Frameworks/OpenCL.framework/Versions/A/Libraries/ImageFormats/unorm8_bgra.dylib
0x00000001a17bd000 	cl_kernels

VM Arguments:
jvm_args: -Dfile.encoding=UTF-8 
java_command: com.mygdx.game.desktop.DesktopLauncher
java_class_path (initial): /Users/liaderlich/git/Runner-desktop/bin:/Users/liaderlich/git/Runner-core/bin:/Users/liaderlich/.gradle/caches/modules-2/files-2.1/com.badlogicgames.gdx/gdx/1.9.6/47d1e9b890e364ec28f128e9bb3b9a12a94c164/gdx-1.9.6.jar:/Users/liaderlich/.gradle/caches/modules-2/files-2.1/com.badlogicgames.gdx/gdx-box2d/1.9.6/c249ef4060a4fada952f278455c8f7b9cba3c18a/gdx-box2d-1.9.6.jar:/Users/liaderlich/.gradle/caches/modules-2/files-2.1/com.badlogicgames.gdx/gdx-controllers/1.9.6/ea1fd4884be631d9b7cd0f496b1ab39e31eb434b/gdx-controllers-1.9.6.jar:/Users/liaderlich/.gradle/caches/modules-2/files-2.1/com.badlogicgames.gdx/gdx-backend-lwjgl/1.9.6/ee7c23636ee4a942d329579daecc3ec5e517fe4c/gdx-backend-lwjgl-1.9.6.jar:/Users/liaderlich/.gradle/caches/modules-2/files-2.1/com.badlogicgames.gdx/gdx-platform/1.9.6/6f84dd7a18dc68e4ec492dfbb0594f930babcf63/gdx-platform-1.9.6-natives-desktop.jar:/Users/liaderlich/.gradle/caches/modules-2/files-2.1/com.badlogicgames.gdx/gdx-box2d-platform/1.9.6/d7b6168f5afd3948fd126c0b248f66c49b73ca35/gdx-box2d-platform-1.9.6-natives-desktop.jar:/Users/liaderlich/.gradle/caches/modules-2/files-2.1/com.badlogicgames.gdx/gdx-controllers-desktop/1.9.6/edcf47b2893482520a4966ec8e226312a7326c17/gdx-controllers-desktop-1.9.6.jar:/Users/liaderlich/.gradle/caches/modules-2/files-2.1/com.badlogicgames.gdx/gdx-controllers-platform/1.9.6/1c7ed71f8ade8f6f143f5ba42c003b183f499437/gdx-controllers-platform-1.9.6-natives-desktop.jar:/Users/liaderlich/.gradle/caches/modules-2/files-2.1/org.lwjgl.lwjgl/lwjgl/2.9.2/a9d80fe5935c7a9149f6584d9777cfd471f65489/lwjgl-2.9.2.jar:/Users/liaderlich/.gradle/caches/modules-2/files-2.1/org.lwjgl.lwjgl/lwjgl_util/2.9.2/4b9e37300a87799856e0bd15ed81663cdb6b0947/lwjgl_util-2.9.2.jar:/Users/liaderlich/.gradle/caches/modules-2/files-2.1/com.badlogicgames.jlayer/jlayer/1.0.1-gdx/7cca83cec5c1b2f011362f4d85aabd71a73b049d/jlayer-1.0.1-gdx.jar:/Users/liaderlich/.gradle/caches/modules-2/files-2.1/org.jcraft/jorbis/0.0.17/8872d22b29
Launcher Type: SUN_STANDARD

Environment Variables:
PATH=/usr/bin:/bin:/usr/sbin:/sbin
SHELL=/bin/bash

Signal Handlers:
SIGSEGV: [libjvm.dylib+0x5b1141], sa_mask[0]=11111111011111110111111111111111, sa_flags=SA_ONSTACK|SA_RESTART|SA_SIGINFO
SIGBUS: [libjvm.dylib+0x5b1141], sa_mask[0]=11111111011111110111111111111111, sa_flags=SA_RESTART|SA_SIGINFO
SIGFPE: [libjvm.dylib+0x487bc4], sa_mask[0]=11111111011111110111111111111111, sa_flags=SA_RESTART|SA_SIGINFO
SIGPIPE: [libjvm.dylib+0x487bc4], sa_mask[0]=11111111011111110111111111111111, sa_flags=SA_RESTART|SA_SIGINFO
SIGXFSZ: [libjvm.dylib+0x487bc4], sa_mask[0]=11111111011111110111111111111111, sa_flags=SA_RESTART|SA_SIGINFO
SIGILL: [libjvm.dylib+0x487bc4], sa_mask[0]=11111111011111110111111111111111, sa_flags=SA_RESTART|SA_SIGINFO
SIGUSR1: SIG_DFL, sa_mask[0]=00000000000000000000000000000000, sa_flags=SA_RESTART
SIGUSR2: [libjvm.dylib+0x4876e2], sa_mask[0]=00100000000000000000000000000000, sa_flags=SA_RESTART|SA_SIGINFO
SIGHUP: [libjvm.dylib+0x485cb9], sa_mask[0]=11111111011111110111111111111111, sa_flags=SA_RESTART|SA_SIGINFO
SIGINT: [libjvm.dylib+0x485cb9], sa_mask[0]=11111111011111110111111111111111, sa_flags=SA_RESTART|SA_SIGINFO
SIGTERM: [libjvm.dylib+0x485cb9], sa_mask[0]=11111111011111110111111111111111, sa_flags=SA_RESTART|SA_SIGINFO
SIGQUIT: [libjvm.dylib+0x485cb9], sa_mask[0]=11111111011111110111111111111111, sa_flags=SA_RESTART|SA_SIGINFO


---------------  S Y S T E M  ---------------

OS:Bsduname:Darwin 12.5.0 Darwin Kernel Version 12.5.0: Sun Sep 29 13:33:47 PDT 2013; root:xnu-2050.48.12~1/RELEASE_X86_64 x86_64
rlimit: STACK 8192k, CORE 0k, NPROC 709, NOFILE 10240, AS infinity
load average:0.68 0.85 0.80

CPU:total 4 (2 cores per cpu, 2 threads per core) family 6 model 58 stepping 9, cmov, cx8, fxsr, mmx, sse, sse2, sse3, ssse3, sse4.1, sse4.2, popcnt, avx, aes, clmul, erms, ht, tsc, tscinvbit, tscinv

Memory: 4k page, physical 4194304k(34780k free)

/proc/meminfo:


vm_info: Java HotSpot(TM) 64-Bit Server VM (25.121-b13) for bsd-amd64 JRE (1.8.0_121-b13), built on Dec 12 2016 20:39:32 by "java_re" with gcc 4.2.1 (Based on Apple Inc. build 5658) (LLVM build 2336.11.00)

time: Wed Mar 22 10:35:06 2017
elapsed time: 2 seconds (0d 0h 0m 2s)

