#
# A fatal error has been detected by the Java Runtime Environment:
#
#  SIGSEGV (0xb) at pc=0x00007fff89d13250, pid=1998, tid=0x0000000000001007
#
# JRE version: Java(TM) SE Runtime Environment (8.0_121-b13) (build 1.8.0_121-b13)
# Java VM: Java HotSpot(TM) 64-Bit Server VM (25.121-b13 mixed mode bsd-amd64 compressed oops)
# Problematic frame:
# C  [libobjc.A.dylib+0x6250]  objc_msgSend+0x10
#
# Failed to write core dump. Core dumps have been disabled. To enable core dumping, try "ulimit -c unlimited" before starting Java again
#
# If you would like to submit a bug report, please visit:
#   http://bugreport.java.com/bugreport/crash.jsp
# The crash happened outside the Java Virtual Machine in native code.
# See problematic frame for where to report the bug.
#

---------------  T H R E A D  ---------------

Current thread (0x00007fa8121b1000):  JavaThread "AppKit Thread" daemon [_thread_in_native, id=4103, stack(0x00007fff5246e000,0x00007fff52c6e000)]

siginfo: si_signo: 11 (SIGSEGV), si_code: 0 (unknown), si_addr: 0x0000000000000000

Registers:
RAX=0x2d1e08d10457fe00, RBX=0x00007fa81185b0a0, RCX=0x00007fa8110120f8, RDX=0x00000000a1a1a1a1
RSP=0x00007fff52c68260, RBP=0x00007fff52c68290, RSI=0x00007fff8fc6c527, RDI=0x00007fa81195afa0
R8 =0x00007fa811b60020, R9 =0x00000000f4bee641, R10=0x0000000000000000, R11=0x7000000000000000
R12=0x00007fa811b63400, R13=0x00007fa811b3b6a0, R14=0x00007fa81195afa0, R15=0x0000000000000000
RIP=0x00007fff89d13250, EFLAGS=0x0000000000010246, ERR=0x0000000000000000
  TRAPNO=0x000000000000000d

Top of Stack: (sp=0x00007fff52c68260)
0x00007fff52c68260:   2d1e08d10457fe00 00000001a644e598
0x00007fff52c68270:   00007fa81185b0a0 00000001a6482c60
0x00007fff52c68280:   00007fa811b3b6a0 00007fa811b3f500
0x00007fff52c68290:   00007fff52c687d0 00007fff8f433ae3
0x00007fff52c682a0:   0000000000000000 0000000000000000
0x00007fff52c682b0:   4084000000000000 407e000000000000
0x00007fff52c682c0:   0000000000000000 0000000000000000
0x00007fff52c682d0:   4084000000000000 407e000000000000
0x00007fff52c682e0:   402c000000000000 4030000000000000
0x00007fff52c682f0:   001c000000000000 407e300000000000
0x00007fff52c68300:   00007fff8fc3293e 0030000000000001
0x00007fff52c68310:   0000000000000000 0000000000000000
0x00007fff52c68320:   00007fa811831910 407f600000000000
0x00007fff52c68330:   00007fa81185c060 00007fff52c684b0
0x00007fff52c68340:   00007fa81185b0a0 00007fff00000000
0x00007fff52c68350:   401c000000000000 407e300000000000
0x00007fff52c68360:   00007fff52c684a0 00007fff8f443038
0x00007fff52c68370:   401c000000000000 407e300000000000
0x00007fff52c68380:   402c000000000000 4030000000000000
0x00007fff52c68390:   00007fff52c68470 00007fff88107d2d
0x00007fff52c683a0:   00007fa81185c060 00007fa81185c060
0x00007fff52c683b0:   4084000000000000 407f600000000000
0x00007fff52c683c0:   401c000000000000 407e300000000000
0x00007fff52c683d0:   402c000000000000 4030000000000000
0x00007fff52c683e0:   0000000000000000 0000000000000000
0x00007fff52c683f0:   401c000000000000 407e300000000000
0x00007fff52c68400:   402c000000000000 4030000000000000
0x00007fff52c68410:   0000000000000000 0000000000000000
0x00007fff52c68420:   0000000000000000 0000000000000000
0x00007fff52c68430:   0000000000000000 0000000000000000
0x00007fff52c68440:   4084000000000000 0000000000000000
0x00007fff52c68450:   00007fa8118613d0 0000000000000000 

Instructions: (pc=0x00007fff89d13250)
0x00007fff89d13230:   90 90 90 90 90 90 90 90 90 90 90 90 90 90 90 90
0x00007fff89d13240:   48 85 ff 74 2b 40 f6 c7 01 2e 75 3b 4c 8b 1f 50
0x00007fff89d13250:   4d 8b 53 10 89 f0 41 23 02 4d 8b 5c c2 10 ff c0
0x00007fff89d13260:   4d 85 db 74 36 49 3b 33 75 ec 58 41 ff 63 10 90 

Register to memory mapping:

RAX=0x2d1e08d10457fe00 is an unknown value
RBX=0x00007fa81185b0a0 is an unknown value
RCX=0x00007fa8110120f8 is an unknown value
RDX=0x00000000a1a1a1a1 is an unknown value
RSP=0x00007fff52c68260 is pointing into the stack for thread: 0x00007fa8121b1000
RBP=0x00007fff52c68290 is pointing into the stack for thread: 0x00007fa8121b1000
RSI=0x00007fff8fc6c527: NSAppKitVersionNumber+0x4f947 in /System/Library/Frameworks/AppKit.framework/Versions/C/AppKit at 0x00007fff8f2a0000
RDI=0x00007fa81195afa0 is an unknown value
R8 =0x00007fa811b60020 is an unknown value
R9 =0x00000000f4bee641 is an unknown value
R10=0x0000000000000000 is an unknown value
R11=0x7000000000000000 is an unknown value
R12=0x00007fa811b63400 is an unknown value
R13=0x00007fa811b3b6a0 is an unknown value
R14=0x00007fa81195afa0 is an unknown value
R15=0x0000000000000000 is an unknown value


Stack: [0x00007fff5246e000,0x00007fff52c6e000],  sp=0x00007fff52c68260,  free space=8168k
Native frames: (J=compiled Java code, j=interpreted, Vv=VM code, C=native code)
C  [libobjc.A.dylib+0x6250]  objc_msgSend+0x10
C  [AppKit+0x193ae3]  -[NSView _recursiveDisplayRectIfNeededIgnoringOpacity:isVisibleRect:rectIsVisibleRectForView:topView:]+0x722
C  [AppKit+0x194a44]  -[NSView _recursiveDisplayRectIfNeededIgnoringOpacity:isVisibleRect:rectIsVisibleRectForView:topView:]+0x1683
C  [AppKit+0x193143]  -[NSThemeFrame _recursiveDisplayRectIfNeededIgnoringOpacity:isVisibleRect:rectIsVisibleRectForView:topView:]+0x13a
C  [AppKit+0x18ed6d]  -[NSView _displayRectIgnoringOpacity:isVisibleRect:rectIsVisibleRectForView:]+0x1243
C  [AppKit+0x158c93]  -[NSView displayIfNeeded]+0x726
C  [AppKit+0x1581cc]  _handleWindowNeedsDisplayOrLayoutOrUpdateConstraints+0x2e2
C  [Foundation+0x74463]  __NSFireTimer+0x60
C  [CoreFoundation+0x50804]  __CFRUNLOOP_IS_CALLING_OUT_TO_A_TIMER_CALLBACK_FUNCTION__+0x14
C  [CoreFoundation+0x5031d]  __CFRunLoopDoTimer+0x22d
C  [CoreFoundation+0x35ad9]  __CFRunLoopRun+0x5f9
C  [CoreFoundation+0x350e2]  CFRunLoopRunSpecific+0x122
C  [HIToolbox+0x5feb4]  RunCurrentEventLoopInMode+0xd1
C  [HIToolbox+0x5fc52]  ReceiveNextEventCommon+0x164
C  [HIToolbox+0x5fae3]  BlockUntilNextEventMatchingListInMode+0x3e
C  [AppKit+0x155533]  _DPSNextEvent+0x2ad
C  [AppKit+0x154df2]  -[NSApplication nextEventMatchingMask:untilDate:inMode:dequeue:]+0x80
C  [libosxapp.dylib+0x23aa]  -[NSApplicationAWT nextEventMatchingMask:untilDate:inMode:dequeue:]+0x7c
C  [AppKit+0x14c1a3]  -[NSApplication run]+0x205
C  [libosxapp.dylib+0x214d]  +[NSApplicationAWT runAWTLoopWithApp:]+0x9c
C  [libawt_lwawt.dylib+0x45ff7]  -[AWTStarter starter:]+0x389
C  [Foundation+0x935ca]  __NSThreadPerformPerform+0xe1
C  [CoreFoundation+0x12b31]  __CFRUNLOOP_IS_CALLING_OUT_TO_A_SOURCE0_PERFORM_FUNCTION__+0x11
C  [CoreFoundation+0x12455]  __CFRunLoopDoSources0+0xf5
C  [CoreFoundation+0x357f5]  __CFRunLoopRun+0x315
C  [CoreFoundation+0x350e2]  CFRunLoopRunSpecific+0x122
C  [java+0x6465]  CreateExecutionEnvironment+0x367
C  [java+0x218c]  JLI_Launch+0x7a0
C  [java+0x84c2]  main+0x65
C  [java+0x19e4]  start+0x34
C  0x0000000000000005


---------------  P R O C E S S  ---------------

Java Threads: ( => current thread )
  0x00007fa81280c000 JavaThread "AWT-Shutdown" [_thread_blocked, id=40463, stack(0x00000001a1f98000,0x00000001a2098000)]
  0x00007fa81291c000 JavaThread "DestroyJavaVM" [_thread_blocked, id=6659, stack(0x000000010e063000,0x000000010e163000)]
  0x00007fa81291b000 JavaThread "LWJGL Application" [_thread_in_native, id=53251, stack(0x00000001a67a9000,0x00000001a68a9000)]
=>0x00007fa8121b1000 JavaThread "AppKit Thread" daemon [_thread_in_native, id=4103, stack(0x00007fff5246e000,0x00007fff52c6e000)]
  0x00007fa81285d800 JavaThread "Service Thread" daemon [_thread_blocked, id=23811, stack(0x00000001a24ab000,0x00000001a25ab000)]
  0x00007fa813012000 JavaThread "C1 CompilerThread2" daemon [_thread_blocked, id=23299, stack(0x00000001a23a8000,0x00000001a24a8000)]
  0x00007fa812824800 JavaThread "C2 CompilerThread1" daemon [_thread_blocked, id=22787, stack(0x00000001a22a5000,0x00000001a23a5000)]
  0x00007fa81280a800 JavaThread "C2 CompilerThread0" daemon [_thread_blocked, id=22275, stack(0x00000001a21a2000,0x00000001a22a2000)]
  0x00007fa811048000 JavaThread "Signal Dispatcher" daemon [_thread_blocked, id=21763, stack(0x00000001a209f000,0x00000001a219f000)]
  0x00007fa81302d800 JavaThread "Finalizer" daemon [_thread_blocked, id=17155, stack(0x00000001a1e4d000,0x00000001a1f4d000)]
  0x00007fa813001000 JavaThread "Reference Handler" daemon [_thread_blocked, id=16643, stack(0x00000001a1d4a000,0x00000001a1e4a000)]

Other Threads:
  0x00007fa812011800 VMThread [stack: 0x00000001a1c47000,0x00000001a1d47000] [id=16131]
  0x00007fa813002000 WatcherThread [stack: 0x00000001a25ae000,0x00000001a26ae000] [id=24323]

VM state:not at safepoint (normal execution)

VM Mutex/Monitor currently owned by a thread: None

Heap:
 PSYoungGen      total 18944K, used 7887K [0x0000000148300000, 0x0000000149800000, 0x000000015d800000)
  eden space 16384K, 32% used [0x0000000148300000,0x00000001488340f0,0x0000000149300000)
  from space 2560K, 99% used [0x0000000149300000,0x000000014957fb40,0x0000000149580000)
  to   space 2560K, 0% used [0x0000000149580000,0x0000000149580000,0x0000000149800000)
 ParOldGen       total 44032K, used 474K [0x000000011d800000, 0x0000000120300000, 0x0000000148300000)
  object space 44032K, 1% used [0x000000011d800000,0x000000011d876980,0x0000000120300000)
 Metaspace       used 9008K, capacity 9187K, committed 9472K, reserved 1058816K
  class space    used 873K, capacity 920K, committed 1024K, reserved 1048576K

Card table byte_map: [0x000000015d800000,0x000000015da01000] byte_map_base: 0x000000015cf14000

Marking Bits: (ParMarkBitMap*) 0x000000010d9b0d30
 Begin Bits: [0x000000015df63000, 0x000000015ef63000)
 End Bits:   [0x000000015ef63000, 0x000000015ff63000)

Polling page: 0x000000010e1a8000

CodeCache: size=245760Kb used=4343Kb max_used=4354Kb free=241416Kb
 bounds [0x000000010e23e000, 0x000000010e68e000, 0x000000011d23e000]
 total_blobs=1572 nmethods=1128 adapters=358
 compilation: enabled

Compilation events (10 events):
Event: 36.412 Thread 0x00007fa813012000 1122       3       java.util.HashSet::isEmpty (8 bytes)
Event: 36.412 Thread 0x00007fa813012000 nmethod 1122 0x000000010e66e1d0 code [0x000000010e66e340, 0x000000010e66e5d0]
Event: 36.423 Thread 0x00007fa813012000 1123   !   3       java.util.zip.ZipFile::releaseInflater (41 bytes)
Event: 36.423 Thread 0x00007fa813012000 nmethod 1123 0x000000010e680210 code [0x000000010e6803c0, 0x000000010e680ad8]
Event: 36.423 Thread 0x00007fa813012000 1124   !   3       java.util.zip.Inflater::reset (69 bytes)
Event: 36.424 Thread 0x00007fa813012000 nmethod 1124 0x000000010e6751d0 code [0x000000010e675360, 0x000000010e6757d8]
Event: 36.424 Thread 0x00007fa813012000 1126       3       java.util.ArrayDeque::add (7 bytes)
Event: 36.424 Thread 0x00007fa813012000 nmethod 1126 0x000000010e67fb10 code [0x000000010e67fc80, 0x000000010e67fe28]
Event: 36.424 Thread 0x00007fa813012000 1127       3       java.util.ArrayDeque::addLast (53 bytes)
Event: 36.424 Thread 0x00007fa813012000 nmethod 1127 0x000000010e674a90 code [0x000000010e674c20, 0x000000010e675038]

GC Heap History (2 events):
Event: 0.845 GC heap before
{Heap before GC invocations=1 (full 0):
 PSYoungGen      total 18944K, used 15477K [0x0000000148300000, 0x0000000149800000, 0x000000015d800000)
  eden space 16384K, 94% used [0x0000000148300000,0x000000014921d458,0x0000000149300000)
  from space 2560K, 0% used [0x0000000149580000,0x0000000149580000,0x0000000149800000)
  to   space 2560K, 0% used [0x0000000149300000,0x0000000149300000,0x0000000149580000)
 ParOldGen       total 44032K, used 0K [0x000000011d800000, 0x0000000120300000, 0x0000000148300000)
  object space 44032K, 0% used [0x000000011d800000,0x000000011d800000,0x0000000120300000)
 Metaspace       used 8292K, capacity 8451K, committed 8576K, reserved 1056768K
  class space    used 817K, capacity 888K, committed 896K, reserved 1048576K
Event: 0.849 GC heap after
Heap after GC invocations=1 (full 0):
 PSYoungGen      total 18944K, used 2558K [0x0000000148300000, 0x0000000149800000, 0x000000015d800000)
  eden space 16384K, 0% used [0x0000000148300000,0x0000000148300000,0x0000000149300000)
  from space 2560K, 99% used [0x0000000149300000,0x000000014957fb40,0x0000000149580000)
  to   space 2560K, 0% used [0x0000000149580000,0x0000000149580000,0x0000000149800000)
 ParOldGen       total 44032K, used 474K [0x000000011d800000, 0x0000000120300000, 0x0000000148300000)
  object space 44032K, 1% used [0x000000011d800000,0x000000011d876980,0x0000000120300000)
 Metaspace       used 8292K, capacity 8451K, committed 8576K, reserved 1056768K
  class space    used 817K, capacity 888K, committed 896K, reserved 1048576K
}

Deoptimization events (10 events):
Event: 0.838 Thread 0x00007fa81291b000 Uncommon trap: reason=unstable_if action=reinterpret pc=0x000000010e4d66b8 method=com.badlogic.gdx.assets.AssetManager.update()Z @ 7
Event: 0.838 Thread 0x00007fa8131c8800 Uncommon trap: reason=unstable_if action=reinterpret pc=0x000000010e4d3a54 method=java.util.regex.Pattern$Start.match(Ljava/util/regex/Matcher;ILjava/lang/CharSequence;)Z @ 10
Event: 0.842 Thread 0x00007fa81291b000 Uncommon trap: reason=unstable_if action=reinterpret pc=0x000000010e4de26c method=com.badlogic.gdx.assets.AssetLoadingTask.update()Z @ 35
Event: 0.910 Thread 0x00007fa81291b000 Uncommon trap: reason=unstable_if action=reinterpret pc=0x000000010e4dbdd8 method=com.badlogic.gdx.assets.AssetLoadingTask.update()Z @ 35
Event: 0.962 Thread 0x00007fa81291b000 Uncommon trap: reason=unstable_if action=reinterpret pc=0x000000010e5111d8 method=com.badlogic.gdx.assets.AssetManager.finishLoading()V @ 13
Event: 3.692 Thread 0x00007fa81291b000 Uncommon trap: reason=bimorphic action=maybe_recompile pc=0x000000010e5d8d4c method=com.badlogic.gdx.utils.TimSort.countRunAndMakeAscending([Ljava/lang/Object;IILjava/util/Comparator;)I @ 24
Event: 3.692 Thread 0x00007fa81291b000 Uncommon trap: reason=bimorphic action=maybe_recompile pc=0x000000010e5d8d4c method=com.badlogic.gdx.utils.TimSort.countRunAndMakeAscending([Ljava/lang/Object;IILjava/util/Comparator;)I @ 24
Event: 3.692 Thread 0x00007fa81291b000 Uncommon trap: reason=unstable_if action=reinterpret pc=0x000000010e5aff90 method=com.badlogic.gdx.utils.Array$ArrayIterable.iterator()Ljava/util/Iterator; @ 4
Event: 3.692 Thread 0x00007fa81291b000 Uncommon trap: reason=bimorphic action=maybe_recompile pc=0x000000010e5d8d4c method=com.badlogic.gdx.utils.TimSort.countRunAndMakeAscending([Ljava/lang/Object;IILjava/util/Comparator;)I @ 24
Event: 3.692 Thread 0x00007fa81291b000 Uncommon trap: reason=bimorphic action=maybe_recompile pc=0x000000010e5d8d4c method=com.badlogic.gdx.utils.TimSort.countRunAndMakeAscending([Ljava/lang/Object;IILjava/util/Comparator;)I @ 24

Internal exceptions (10 events):
Event: 0.298 Thread 0x00007fa813002800 Exception <a 'java/lang/NoSuchFieldError': method resolution failed> (0x0000000148787428) thrown at [/Users/java_re/workspace/8-2-build-macosx-x86_64/jdk8u121/8372/hotspot/src/share/vm/prims/methodHandles.cpp, line 1146]
Event: 0.424 Thread 0x00007fa813002800 Exception <a 'java/io/FileNotFoundException'> (0x0000000148802760) thrown at [/Users/java_re/workspace/8-2-build-macosx-x86_64/jdk8u121/8372/hotspot/src/share/vm/prims/jni.cpp, line 709]
Event: 0.424 Thread 0x00007fa813002800 Exception <a 'java/io/FileNotFoundException'> (0x00000001488032e8) thrown at [/Users/java_re/workspace/8-2-build-macosx-x86_64/jdk8u121/8372/hotspot/src/share/vm/prims/jni.cpp, line 709]
Event: 0.441 Thread 0x00007fa813002800 Exception <a 'java/security/PrivilegedActionException'> (0x00000001488198b8) thrown at [/Users/java_re/workspace/8-2-build-macosx-x86_64/jdk8u121/8372/hotspot/src/share/vm/prims/jvm.cpp, line 1390]
Event: 0.441 Thread 0x00007fa813002800 Exception <a 'java/security/PrivilegedActionException'> (0x000000014881b4a0) thrown at [/Users/java_re/workspace/8-2-build-macosx-x86_64/jdk8u121/8372/hotspot/src/share/vm/prims/jvm.cpp, line 1390]
Event: 0.441 Thread 0x00007fa813002800 Exception <a 'java/security/PrivilegedActionException'> (0x000000014881c5c0) thrown at [/Users/java_re/workspace/8-2-build-macosx-x86_64/jdk8u121/8372/hotspot/src/share/vm/prims/jvm.cpp, line 1390]
Event: 0.442 Thread 0x00007fa813002800 Exception <a 'java/security/PrivilegedActionException'> (0x00000001488216e0) thrown at [/Users/java_re/workspace/8-2-build-macosx-x86_64/jdk8u121/8372/hotspot/src/share/vm/prims/jvm.cpp, line 1390]
Event: 0.442 Thread 0x00007fa813002800 Exception <a 'java/security/PrivilegedActionException'> (0x0000000148822338) thrown at [/Users/java_re/workspace/8-2-build-macosx-x86_64/jdk8u121/8372/hotspot/src/share/vm/prims/jvm.cpp, line 1390]
Event: 0.442 Thread 0x00007fa813002800 Exception <a 'java/security/PrivilegedActionException'> (0x0000000148822f60) thrown at [/Users/java_re/workspace/8-2-build-macosx-x86_64/jdk8u121/8372/hotspot/src/share/vm/prims/jvm.cpp, line 1390]
Event: 3.692 Thread 0x00007fa81291b000 Implicit null exception at 0x000000010e5aff10 to 0x000000010e5aff7d

Events (10 events):
Event: 31.604 Executing VM operation: RevokeBias done
Event: 31.604 Thread 0x00007fa8110ce000 Thread exited: 0x00007fa8110ce000
Event: 35.287 Thread 0x00007fa81280c000 Thread added: 0x00007fa81280c000
Event: 36.422 loading class com/badlogic/gdx/backends/lwjgl/LwjglApplication$2
Event: 36.422 loading class com/badlogic/gdx/backends/lwjgl/LwjglApplication$2 done
Event: 36.424 loading class com/badlogic/gdx/utils/ObjectMap$Keys
Event: 36.424 loading class com/badlogic/gdx/utils/ObjectMap$Keys done
Event: 36.428 Thread 0x00007fa8131c8800 Thread exited: 0x00007fa8131c8800
Event: 36.429 loading class org/lwjgl/opengl/CallbackUtil
Event: 36.429 loading class org/lwjgl/opengl/CallbackUtil done


Dynamic libraries:
0x0000000004ca3000 	/System/Library/Frameworks/Cocoa.framework/Versions/A/Cocoa
0x0000000004ca3000 	/System/Library/Frameworks/Security.framework/Versions/A/Security
0x0000000004ca3000 	/System/Library/Frameworks/ApplicationServices.framework/Versions/A/ApplicationServices
0x0000000004ca3000 	/usr/lib/libz.1.dylib
0x0000000004ca3000 	/usr/lib/libSystem.B.dylib
0x0000000004ca3000 	/usr/lib/libobjc.A.dylib
0x0000000004ca3000 	/System/Library/Frameworks/CoreFoundation.framework/Versions/A/CoreFoundation
0x0000000004ca3000 	/System/Library/Frameworks/Foundation.framework/Versions/C/Foundation
0x0000000004ca3000 	/System/Library/Frameworks/AppKit.framework/Versions/C/AppKit
0x0000000004ca3000 	/System/Library/Frameworks/CoreData.framework/Versions/A/CoreData
0x0000000004ca3000 	/System/Library/PrivateFrameworks/RemoteViewServices.framework/Versions/A/RemoteViewServices
0x0000000004ca3000 	/System/Library/Frameworks/AudioToolbox.framework/Versions/A/AudioToolbox
0x0000000004ca3000 	/System/Library/Frameworks/AudioUnit.framework/Versions/A/AudioUnit
0x0000000004ca3000 	/System/Library/PrivateFrameworks/DataDetectorsCore.framework/Versions/A/DataDetectorsCore
0x0000000004ca3000 	/System/Library/PrivateFrameworks/DesktopServicesPriv.framework/Versions/A/DesktopServicesPriv
0x0000000004ca3000 	/System/Library/Frameworks/Carbon.framework/Versions/A/Frameworks/HIToolbox.framework/Versions/A/HIToolbox
0x0000000004ca3000 	/System/Library/Frameworks/QuartzCore.framework/Versions/A/QuartzCore
0x0000000004ca3000 	/System/Library/Frameworks/Carbon.framework/Versions/A/Frameworks/SpeechRecognition.framework/Versions/A/SpeechRecognition
0x0000000004ca3000 	/usr/lib/libauto.dylib
0x0000000004ca3000 	/usr/lib/libicucore.A.dylib
0x0000000004ca3000 	/usr/lib/libxml2.2.dylib
0x0000000004ca3000 	/System/Library/PrivateFrameworks/CoreUI.framework/Versions/A/CoreUI
0x0000000004ca3000 	/System/Library/Frameworks/CoreAudio.framework/Versions/A/CoreAudio
0x0000000004ca3000 	/System/Library/Frameworks/DiskArbitration.framework/Versions/A/DiskArbitration
0x0000000004ca3000 	/usr/lib/liblangid.dylib
0x0000000004ca3000 	/System/Library/PrivateFrameworks/MultitouchSupport.framework/Versions/A/MultitouchSupport
0x0000000004ca3000 	/System/Library/Frameworks/IOKit.framework/Versions/A/IOKit
0x0000000004ca3000 	/usr/lib/libDiagnosticMessagesClient.dylib
0x0000000004ca3000 	/System/Library/Frameworks/CoreServices.framework/Versions/A/CoreServices
0x0000000004ca3000 	/System/Library/PrivateFrameworks/PerformanceAnalysis.framework/Versions/A/PerformanceAnalysis
0x0000000004ca3000 	/System/Library/PrivateFrameworks/GenerationalStorage.framework/Versions/A/GenerationalStorage
0x0000000004ca3000 	/System/Library/Frameworks/OpenGL.framework/Versions/A/OpenGL
0x0000000004ca3000 	/System/Library/Frameworks/CoreText.framework/Versions/A/CoreText
0x0000000004ca3000 	/System/Library/Frameworks/ImageIO.framework/Versions/A/ImageIO
0x0000000004ca3000 	/System/Library/PrivateFrameworks/Backup.framework/Versions/A/Backup
0x0000000004ca3000 	/System/Library/Frameworks/CFNetwork.framework/Versions/A/CFNetwork
0x0000000004ca3000 	/System/Library/Frameworks/SystemConfiguration.framework/Versions/A/SystemConfiguration
0x0000000004ca3000 	/usr/lib/libCRFSuite.dylib
0x0000000004ca3000 	/System/Library/PrivateFrameworks/TCC.framework/Versions/A/TCC
0x0000000004ca3000 	/usr/lib/libc++.1.dylib
0x0000000004ca3000 	/usr/lib/libc++abi.dylib
0x0000000004ca3000 	/usr/lib/system/libcache.dylib
0x0000000004ca3000 	/usr/lib/system/libcommonCrypto.dylib
0x0000000004ca3000 	/usr/lib/system/libcompiler_rt.dylib
0x0000000004ca3000 	/usr/lib/system/libcopyfile.dylib
0x0000000004ca3000 	/usr/lib/system/libdispatch.dylib
0x0000000004ca3000 	/usr/lib/system/libdnsinfo.dylib
0x0000000004ca3000 	/usr/lib/system/libdyld.dylib
0x0000000004ca3000 	/usr/lib/system/libkeymgr.dylib
0x0000000004ca3000 	/usr/lib/system/liblaunch.dylib
0x0000000004ca3000 	/usr/lib/system/libmacho.dylib
0x0000000004ca3000 	/usr/lib/system/libquarantine.dylib
0x0000000004ca3000 	/usr/lib/system/libremovefile.dylib
0x0000000004ca3000 	/usr/lib/system/libsystem_blocks.dylib
0x0000000004ca3000 	/usr/lib/system/libsystem_c.dylib
0x0000000004ca3000 	/usr/lib/system/libsystem_dnssd.dylib
0x0000000004ca3000 	/usr/lib/system/libsystem_info.dylib
0x0000000004ca3000 	/usr/lib/system/libsystem_kernel.dylib
0x0000000004ca3000 	/usr/lib/system/libsystem_m.dylib
0x0000000004ca3000 	/usr/lib/system/libsystem_network.dylib
0x0000000004ca3000 	/usr/lib/system/libsystem_notify.dylib
0x0000000004ca3000 	/usr/lib/system/libsystem_sandbox.dylib
0x0000000004ca3000 	/usr/lib/system/libunc.dylib
0x0000000004ca3000 	/usr/lib/system/libunwind.dylib
0x0000000004ca3000 	/usr/lib/system/libxpc.dylib
0x0000000004ca3000 	/usr/lib/system/libcorecrypto.dylib
0x0000000004ca3000 	/usr/lib/libstdc++.6.dylib
0x0000000004ca3000 	/usr/lib/libbsm.0.dylib
0x0000000004ca3000 	/usr/lib/libsqlite3.dylib
0x0000000004ca3000 	/usr/lib/libxar.1.dylib
0x0000000004ca3000 	/usr/lib/libpam.2.dylib
0x0000000004ca3000 	/usr/lib/libOpenScriptingUtil.dylib
0x0000000004ca3000 	/usr/lib/libbz2.1.0.dylib
0x0000000004ca3000 	/System/Library/Frameworks/CoreServices.framework/Versions/A/Frameworks/CarbonCore.framework/Versions/A/CarbonCore
0x0000000004ca3000 	/System/Library/Frameworks/CoreServices.framework/Versions/A/Frameworks/Metadata.framework/Versions/A/Metadata
0x0000000004ca3000 	/System/Library/Frameworks/CoreServices.framework/Versions/A/Frameworks/OSServices.framework/Versions/A/OSServices
0x0000000004ca3000 	/System/Library/Frameworks/CoreServices.framework/Versions/A/Frameworks/SearchKit.framework/Versions/A/SearchKit
0x0000000004ca3000 	/System/Library/Frameworks/CoreServices.framework/Versions/A/Frameworks/AE.framework/Versions/A/AE
0x0000000004ca3000 	/System/Library/Frameworks/CoreServices.framework/Versions/A/Frameworks/LaunchServices.framework/Versions/A/LaunchServices
0x0000000004ca3000 	/System/Library/Frameworks/CoreServices.framework/Versions/A/Frameworks/DictionaryServices.framework/Versions/A/DictionaryServices
0x0000000004ca3000 	/System/Library/Frameworks/NetFS.framework/Versions/A/NetFS
0x0000000004ca3000 	/usr/lib/system/libkxld.dylib
0x0000000004ca3000 	/System/Library/PrivateFrameworks/NetAuth.framework/Versions/A/NetAuth
0x0000000004ca3000 	/System/Library/Frameworks/OpenDirectory.framework/Versions/A/Frameworks/CFOpenDirectory.framework/Versions/A/CFOpenDirectory
0x0000000004ca3000 	/usr/lib/libxslt.1.dylib
0x0000000004ca3000 	/System/Library/PrivateFrameworks/FamilyControls.framework/Versions/A/FamilyControls
0x0000000004ca3000 	/System/Library/Frameworks/Carbon.framework/Versions/A/Frameworks/Ink.framework/Versions/A/Ink
0x0000000004ca3000 	/System/Library/Frameworks/ApplicationServices.framework/Versions/A/Frameworks/CoreGraphics.framework/Versions/A/CoreGraphics
0x0000000004ca3000 	/System/Library/Frameworks/ApplicationServices.framework/Versions/A/Frameworks/ATS.framework/Versions/A/ATS
0x0000000004ca3000 	/System/Library/Frameworks/ApplicationServices.framework/Versions/A/Frameworks/ColorSync.framework/Versions/A/ColorSync
0x0000000004ca3000 	/System/Library/Frameworks/ApplicationServices.framework/Versions/A/Frameworks/HIServices.framework/Versions/A/HIServices
0x0000000004ca3000 	/System/Library/Frameworks/ApplicationServices.framework/Versions/A/Frameworks/LangAnalysis.framework/Versions/A/LangAnalysis
0x0000000004ca3000 	/System/Library/Frameworks/ApplicationServices.framework/Versions/A/Frameworks/PrintCore.framework/Versions/A/PrintCore
0x0000000004ca3000 	/System/Library/Frameworks/ApplicationServices.framework/Versions/A/Frameworks/QD.framework/Versions/A/QD
0x0000000004ca3000 	/System/Library/Frameworks/ApplicationServices.framework/Versions/A/Frameworks/SpeechSynthesis.framework/Versions/A/SpeechSynthesis
0x0000000004ca3000 	/System/Library/Frameworks/IOSurface.framework/Versions/A/IOSurface
0x0000000004ca3000 	/System/Library/Frameworks/Accelerate.framework/Versions/A/Accelerate
0x0000000004ca3000 	/System/Library/Frameworks/ApplicationServices.framework/Versions/A/Frameworks/ATS.framework/Versions/A/Resources/libFontParser.dylib
0x0000000004ca3000 	/System/Library/Frameworks/ApplicationServices.framework/Versions/A/Frameworks/ATS.framework/Versions/A/Resources/libFontRegistry.dylib
0x0000000004ca3000 	/System/Library/Frameworks/Accelerate.framework/Versions/A/Frameworks/vImage.framework/Versions/A/vImage
0x0000000004ca3000 	/System/Library/Frameworks/Accelerate.framework/Versions/A/Frameworks/vecLib.framework/Versions/A/vecLib
0x0000000004ca3000 	/System/Library/Frameworks/Accelerate.framework/Versions/A/Frameworks/vecLib.framework/Versions/A/libvDSP.dylib
0x0000000004ca3000 	/System/Library/Frameworks/Accelerate.framework/Versions/A/Frameworks/vecLib.framework/Versions/A/libvMisc.dylib
0x0000000004ca3000 	/System/Library/Frameworks/Accelerate.framework/Versions/A/Frameworks/vecLib.framework/Versions/A/libLAPACK.dylib
0x0000000004ca3000 	/System/Library/Frameworks/Accelerate.framework/Versions/A/Frameworks/vecLib.framework/Versions/A/libBLAS.dylib
0x0000000004ca3000 	/System/Library/Frameworks/ImageIO.framework/Versions/A/Resources/libJPEG.dylib
0x0000000004ca3000 	/System/Library/Frameworks/ImageIO.framework/Versions/A/Resources/libTIFF.dylib
0x0000000004ca3000 	/System/Library/Frameworks/ImageIO.framework/Versions/A/Resources/libPng.dylib
0x0000000004ca3000 	/System/Library/Frameworks/ImageIO.framework/Versions/A/Resources/libGIF.dylib
0x0000000004ca3000 	/System/Library/Frameworks/ImageIO.framework/Versions/A/Resources/libJP2.dylib
0x0000000004ca3000 	/System/Library/Frameworks/ImageIO.framework/Versions/A/Resources/libRadiance.dylib
0x0000000004ca3000 	/usr/lib/libcups.2.dylib
0x0000000004ca3000 	/System/Library/Frameworks/Kerberos.framework/Versions/A/Kerberos
0x0000000004ca3000 	/System/Library/Frameworks/GSS.framework/Versions/A/GSS
0x0000000004ca3000 	/usr/lib/libresolv.9.dylib
0x0000000004ca3000 	/usr/lib/libiconv.2.dylib
0x0000000004ca3000 	/System/Library/PrivateFrameworks/Heimdal.framework/Versions/A/Heimdal
0x0000000004ca3000 	/System/Library/PrivateFrameworks/TrustEvaluationAgent.framework/Versions/A/TrustEvaluationAgent
0x0000000004ca3000 	/System/Library/Frameworks/OpenDirectory.framework/Versions/A/OpenDirectory
0x0000000004ca3000 	/System/Library/PrivateFrameworks/CommonAuth.framework/Versions/A/CommonAuth
0x0000000004ca3000 	/System/Library/PrivateFrameworks/Bom.framework/Versions/A/Bom
0x0000000004ca3000 	/System/Library/Frameworks/CoreVideo.framework/Versions/A/CoreVideo
0x0000000004ca3000 	/System/Library/Frameworks/QuartzCore.framework/Versions/A/Frameworks/CoreImage.framework/Versions/A/CoreImage
0x0000000004ca3000 	/System/Library/Frameworks/QuartzCore.framework/Versions/A/Frameworks/ScalableUserInterface.framework/Versions/A/ScalableUserInterface
0x0000000004ca3000 	/System/Library/Frameworks/OpenGL.framework/Versions/A/Libraries/libGLU.dylib
0x0000000004ca3000 	/System/Library/Frameworks/OpenGL.framework/Versions/A/Libraries/libGFXShared.dylib
0x0000000004ca3000 	/System/Library/Frameworks/OpenGL.framework/Versions/A/Libraries/libGL.dylib
0x0000000004ca3000 	/System/Library/Frameworks/OpenGL.framework/Versions/A/Libraries/libGLImage.dylib
0x0000000004ca3000 	/System/Library/Frameworks/OpenGL.framework/Versions/A/Libraries/libCVMSPluginSupport.dylib
0x0000000004ca3000 	/System/Library/Frameworks/OpenGL.framework/Versions/A/Libraries/libCoreVMClient.dylib
0x0000000004ca3000 	/System/Library/PrivateFrameworks/CrashReporterSupport.framework/Versions/A/CrashReporterSupport
0x0000000004ca3000 	/System/Library/Frameworks/OpenCL.framework/Versions/A/OpenCL
0x0000000004ca3000 	/System/Library/PrivateFrameworks/FaceCoreLight.framework/Versions/A/FaceCoreLight
0x0000000004ca3000 	/System/Library/PrivateFrameworks/AppleFSCompression.framework/Versions/A/AppleFSCompression
0x0000000004ca3000 	/System/Library/PrivateFrameworks/Ubiquity.framework/Versions/A/Ubiquity
0x0000000004ca3000 	/System/Library/Frameworks/ServiceManagement.framework/Versions/A/ServiceManagement
0x0000000004ca3000 	/System/Library/PrivateFrameworks/ChunkingLibrary.framework/Versions/A/ChunkingLibrary
0x0000000004ca3000 	/System/Library/Frameworks/vecLib.framework/Versions/A/vecLib
0x0000000004ca3000 	/System/Library/Frameworks/SecurityFoundation.framework/Versions/A/SecurityFoundation
0x0000000004ca3000 	/System/Library/PrivateFrameworks/CommerceKit.framework/Versions/A/Frameworks/CommerceCore.framework/Versions/A/CommerceCore
0x0000000004ca3000 	/System/Library/PrivateFrameworks/CoreSymbolication.framework/Versions/A/CoreSymbolication
0x0000000004ca3000 	/System/Library/PrivateFrameworks/Symbolication.framework/Versions/A/Symbolication
0x0000000004ca3000 	/System/Library/PrivateFrameworks/DebugSymbols.framework/Versions/A/DebugSymbols
0x000000010d0c0000 	/Library/Java/JavaVirtualMachines/jdk1.8.0_121.jdk/Contents/Home/jre/lib/server/libjvm.dylib
0x000000010e165000 	/Library/Java/JavaVirtualMachines/jdk1.8.0_121.jdk/Contents/Home/jre/lib/libverify.dylib
0x000000010e173000 	/Library/Java/JavaVirtualMachines/jdk1.8.0_121.jdk/Contents/Home/jre/lib/libjava.dylib
0x000000010e235000 	/Library/Java/JavaVirtualMachines/jdk1.8.0_121.jdk/Contents/Home/jre/lib/libzip.dylib
0x00000001a1f4f000 	/System/Library/Frameworks/JavaVM.framework/Frameworks/JavaRuntimeSupport.framework/JavaRuntimeSupport
0x00000001a1f68000 	/System/Library/Frameworks/JavaVM.framework/Versions/A/Frameworks/JavaNativeFoundation.framework/Versions/A/JavaNativeFoundation
0x00000001a1f7e000 	/System/Library/Frameworks/JavaVM.framework/Versions/A/JavaVM
0x0000000004ca3000 	/System/Library/Frameworks/Carbon.framework/Versions/A/Carbon
0x00000001a1f8b000 	/System/Library/PrivateFrameworks/JavaLaunching.framework/Versions/A/JavaLaunching
0x0000000004ca3000 	/System/Library/Frameworks/Carbon.framework/Versions/A/Frameworks/CommonPanels.framework/Versions/A/CommonPanels
0x0000000004ca3000 	/System/Library/Frameworks/Carbon.framework/Versions/A/Frameworks/Help.framework/Versions/A/Help
0x0000000004ca3000 	/System/Library/Frameworks/Carbon.framework/Versions/A/Frameworks/ImageCapture.framework/Versions/A/ImageCapture
0x0000000004ca3000 	/System/Library/Frameworks/Carbon.framework/Versions/A/Frameworks/OpenScripting.framework/Versions/A/OpenScripting
0x0000000004ca3000 	/System/Library/Frameworks/Carbon.framework/Versions/A/Frameworks/Print.framework/Versions/A/Print
0x0000000004ca3000 	/System/Library/Frameworks/Carbon.framework/Versions/A/Frameworks/SecurityHI.framework/Versions/A/SecurityHI
0x00000001a2705000 	/private/var/folders/cl/40rj8v854dn3dwd1f2dr28c40000gn/T/libgdxliaderlich/6e213a1/libgdx64.dylib
0x00000001a274f000 	/Library/Java/JavaVirtualMachines/jdk1.8.0_121.jdk/Contents/Home/jre/lib/libawt.dylib
0x00000001a27f7000 	/Library/Java/JavaVirtualMachines/jdk1.8.0_121.jdk/Contents/Home/jre/lib/./libmlib_image.dylib
0x00000001a28c3000 	/Library/Java/JavaVirtualMachines/jdk1.8.0_121.jdk/Contents/Home/jre/lib/libawt_lwawt.dylib
0x00000001a297a000 	/Library/Java/JavaVirtualMachines/jdk1.8.0_121.jdk/Contents/Home/jre/lib/./libosxapp.dylib
0x00000001a2996000 	/System/Library/Frameworks/ExceptionHandling.framework/Versions/A/ExceptionHandling
0x0000000004ca3000 	/System/Library/PrivateFrameworks/CoreServicesInternal.framework/Versions/A/CoreServicesInternal
0x0000000004ca3000 	/System/Library/PrivateFrameworks/Librarian.framework/Versions/A/Librarian
0x0000000004ca3000 	/System/Library/Frameworks/ApplicationServices.framework/Versions/A/Frameworks/CoreGraphics.framework/Versions/A/Resources/libCSync.A.dylib
0x0000000004ca3000 	/System/Library/Frameworks/ApplicationServices.framework/Versions/A/Frameworks/CoreGraphics.framework/Versions/A/Resources/libRIP.A.dylib
0x0000000004ca3000 	/System/Library/Frameworks/ApplicationServices.framework/Versions/A/Frameworks/CoreGraphics.framework/Versions/A/Resources/libCGXType.A.dylib
0x00000001a63dd000 	/Library/Java/JavaVirtualMachines/jdk1.8.0_121.jdk/Contents/Home/jre/lib/libfontmanager.dylib
0x00000001a6444000 	/private/var/folders/cl/40rj8v854dn3dwd1f2dr28c40000gn/T/libgdxliaderlich/f7649394/liblwjgl.dylib
0x00000001a3d79000 	/Library/Java/JavaVirtualMachines/jdk1.8.0_121.jdk/Contents/Home/jre/lib/libjawt.dylib
0x00000001a64c6000 	/var/folders/cl/40rj8v854dn3dwd1f2dr28c40000gn/T/libgdxliaderlich/f7649394/openal.dylib
0x0000000136522000 	/System/Library/Components/CoreAudio.component/Contents/MacOS/CoreAudio
0x00000001a3da5000 	/System/Library/Extensions/AppleHDA.kext/Contents/PlugIns/AppleHDAHALPlugIn.bundle/Contents/MacOS/AppleHDAHALPlugIn
0x00000001a68ab000 	/System/Library/Frameworks/OpenGL.framework/Resources/GLEngine.bundle/GLEngine
0x00000001a6aa0000 	/System/Library/Frameworks/OpenGL.framework/Versions/A/Libraries/libGLProgrammability.dylib
0x00000001a6c48000 	/System/Library/Extensions/AppleIntelHD4000GraphicsGLDriver.bundle/Contents/MacOS/AppleIntelHD4000GraphicsGLDriver
0x00000001a3daf000 	/System/Library/PrivateFrameworks/IOAccelerator.framework/Versions/A/IOAccelerator
0x00000001a7244000 	/System/Library/PrivateFrameworks/GPUSupport.framework/Versions/A/Libraries/libGPUSupportMercury.dylib
0x00000001a7657000 	/System/Library/Frameworks/OpenGL.framework/Resources//GLRendererFloat.bundle/GLRendererFloat
0x00000001a3dbf000 	/System/Library/Frameworks/OpenCL.framework/Versions/A/Libraries/libcldcpuengine.dylib
0x0000000004ca3000 	/System/Library/PrivateFrameworks/DiskImages.framework/Versions/A/DiskImages
0x0000000004ca3000 	/System/Library/Frameworks/DiscRecording.framework/Versions/A/DiscRecording
0x0000000004ca3000 	/usr/lib/libcurl.4.dylib
0x0000000004ca3000 	/System/Library/PrivateFrameworks/MediaKit.framework/Versions/A/MediaKit
0x0000000004ca3000 	/usr/lib/libssl.0.9.8.dylib
0x0000000004ca3000 	/usr/lib/libcrypto.0.9.8.dylib
0x0000000004ca3000 	/System/Library/Frameworks/LDAP.framework/Versions/A/LDAP
0x0000000004ca3000 	/usr/lib/libsasl2.2.dylib
0x00000001a4b7f000 	cl_kernels
0x00000001a7b7a000 	/System/Library/Frameworks/OpenCL.framework/Versions/A/Libraries/ImageFormats/unorm8_bgra.dylib
0x00000001a7c43000 	cl_kernels

VM Arguments:
jvm_args: -Dfile.encoding=UTF-8 
java_command: com.mygdx.game.desktop.DesktopLauncher
java_class_path (initial): /Users/liaderlich/git/Runner-desktop/bin:/Users/liaderlich/git/Runner-core/bin:/Users/liaderlich/.gradle/caches/modules-2/files-2.1/com.badlogicgames.gdx/gdx/1.9.6/47d1e9b890e364ec28f128e9bb3b9a12a94c164/gdx-1.9.6.jar:/Users/liaderlich/.gradle/caches/modules-2/files-2.1/com.badlogicgames.gdx/gdx-box2d/1.9.6/c249ef4060a4fada952f278455c8f7b9cba3c18a/gdx-box2d-1.9.6.jar:/Users/liaderlich/.gradle/caches/modules-2/files-2.1/com.badlogicgames.gdx/gdx-backend-lwjgl/1.9.6/ee7c23636ee4a942d329579daecc3ec5e517fe4c/gdx-backend-lwjgl-1.9.6.jar:/Users/liaderlich/.gradle/caches/modules-2/files-2.1/com.badlogicgames.gdx/gdx-platform/1.9.6/6f84dd7a18dc68e4ec492dfbb0594f930babcf63/gdx-platform-1.9.6-natives-desktop.jar:/Users/liaderlich/.gradle/caches/modules-2/files-2.1/com.badlogicgames.gdx/gdx-box2d-platform/1.9.6/d7b6168f5afd3948fd126c0b248f66c49b73ca35/gdx-box2d-platform-1.9.6-natives-desktop.jar:/Users/liaderlich/.gradle/caches/modules-2/files-2.1/org.lwjgl.lwjgl/lwjgl/2.9.2/a9d80fe5935c7a9149f6584d9777cfd471f65489/lwjgl-2.9.2.jar:/Users/liaderlich/.gradle/caches/modules-2/files-2.1/org.lwjgl.lwjgl/lwjgl_util/2.9.2/4b9e37300a87799856e0bd15ed81663cdb6b0947/lwjgl_util-2.9.2.jar:/Users/liaderlich/.gradle/caches/modules-2/files-2.1/com.badlogicgames.jlayer/jlayer/1.0.1-gdx/7cca83cec5c1b2f011362f4d85aabd71a73b049d/jlayer-1.0.1-gdx.jar:/Users/liaderlich/.gradle/caches/modules-2/files-2.1/org.jcraft/jorbis/0.0.17/8872d22b293e8f5d7d56ff92be966e6dc28ebdc6/jorbis-0.0.17.jar:/Users/liaderlich/.gradle/caches/modules-2/files-2.1/org.lwjgl.lwjgl/lwjgl-platform/2.9.2/510c7d317f5e9e700b9cfaac5fd38bdebf0702e0/lwjgl-platform-2.9.2-natives-windows.jar:/Users/liaderlich/.gradle/caches/modules-2/files-2.1/org.lwjgl.lwjgl/lwjgl-platform/2.9.2/d276cdf61fe2b516c7b7f4aa1b8dea91dbdc8d56/lwjgl-platform-2.9.2-natives-linux.jar:/Users/liaderlich/.gradle/caches/modules-2/files-2.1/org.lwjgl.lwjgl/lwjgl-platform/2.9.2/d55b46b40b40249d627a83a7f7f22649709d70c3/lwjgl-platform-2.9.2
Launcher Type: SUN_STANDARD

Environment Variables:
PATH=/usr/bin:/bin:/usr/sbin:/sbin
SHELL=/bin/bash

Signal Handlers:
SIGSEGV: [libjvm.dylib+0x5b1141], sa_mask[0]=11111111011111110111111111111111, sa_flags=SA_ONSTACK|SA_RESTART|SA_SIGINFO
SIGBUS: [libjvm.dylib+0x5b1141], sa_mask[0]=11111111011111110111111111111111, sa_flags=SA_RESTART|SA_SIGINFO
SIGFPE: [libjvm.dylib+0x487bc4], sa_mask[0]=11111111011111110111111111111111, sa_flags=SA_RESTART|SA_SIGINFO
SIGPIPE: [libjvm.dylib+0x487bc4], sa_mask[0]=11111111011111110111111111111111, sa_flags=SA_RESTART|SA_SIGINFO
SIGXFSZ: [libjvm.dylib+0x487bc4], sa_mask[0]=11111111011111110111111111111111, sa_flags=SA_RESTART|SA_SIGINFO
SIGILL: [libjvm.dylib+0x487bc4], sa_mask[0]=11111111011111110111111111111111, sa_flags=SA_RESTART|SA_SIGINFO
SIGUSR1: SIG_DFL, sa_mask[0]=00000000000000000000000000000000, sa_flags=SA_RESTART
SIGUSR2: [libjvm.dylib+0x4876e2], sa_mask[0]=00100000000000000000000000000000, sa_flags=SA_RESTART|SA_SIGINFO
SIGHUP: [libjvm.dylib+0x485cb9], sa_mask[0]=11111111011111110111111111111111, sa_flags=SA_RESTART|SA_SIGINFO
SIGINT: [libjvm.dylib+0x485cb9], sa_mask[0]=11111111011111110111111111111111, sa_flags=SA_RESTART|SA_SIGINFO
SIGTERM: [libjvm.dylib+0x485cb9], sa_mask[0]=11111111011111110111111111111111, sa_flags=SA_RESTART|SA_SIGINFO
SIGQUIT: [libjvm.dylib+0x485cb9], sa_mask[0]=11111111011111110111111111111111, sa_flags=SA_RESTART|SA_SIGINFO


---------------  S Y S T E M  ---------------

OS:Bsduname:Darwin 12.5.0 Darwin Kernel Version 12.5.0: Sun Sep 29 13:33:47 PDT 2013; root:xnu-2050.48.12~1/RELEASE_X86_64 x86_64
rlimit: STACK 8192k, CORE 0k, NPROC 709, NOFILE 10240, AS infinity
load average:1.28 1.01 0.85

CPU:total 4 (2 cores per cpu, 2 threads per core) family 6 model 58 stepping 9, cmov, cx8, fxsr, mmx, sse, sse2, sse3, ssse3, sse4.1, sse4.2, popcnt, avx, aes, clmul, erms, ht, tsc, tscinvbit, tscinv

Memory: 4k page, physical 4194304k(35024k free)

/proc/meminfo:


vm_info: Java HotSpot(TM) 64-Bit Server VM (25.121-b13) for bsd-amd64 JRE (1.8.0_121-b13), built on Dec 12 2016 20:39:32 by "java_re" with gcc 4.2.1 (Based on Apple Inc. build 5658) (LLVM build 2336.11.00)

time: Wed Mar 29 22:59:06 2017
elapsed time: 36 seconds (0d 0h 0m 36s)

