#
# A fatal error has been detected by the Java Runtime Environment:
#
#  SIGSEGV (0xb) at pc=0x00007fff85752250, pid=26962, tid=0x0000000000001007
#
# JRE version: Java(TM) SE Runtime Environment (8.0_121-b13) (build 1.8.0_121-b13)
# Java VM: Java HotSpot(TM) 64-Bit Server VM (25.121-b13 mixed mode bsd-amd64 compressed oops)
# Problematic frame:
# C  [libobjc.A.dylib+0x6250]  objc_msgSend+0x10
#
# Failed to write core dump. Core dumps have been disabled. To enable core dumping, try "ulimit -c unlimited" before starting Java again
#
# If you would like to submit a bug report, please visit:
#   http://bugreport.java.com/bugreport/crash.jsp
# The crash happened outside the Java Virtual Machine in native code.
# See problematic frame for where to report the bug.
#

---------------  T H R E A D  ---------------

Current thread (0x00007fa8839a4000):  JavaThread "AppKit Thread" daemon [_thread_in_native, id=4103, stack(0x00007fff5311f000,0x00007fff5391f000)]

siginfo: si_signo: 11 (SIGSEGV), si_code: 1 (SEGV_MAPERR), si_addr: 0x0000000000000010

Registers:
RAX=0xc0ff0e5793db9500, RBX=0x00007fa882b39da0, RCX=0x00007fa8820120f8, RDX=0x00000000a1a1a1a1
RSP=0x00007fff53919270, RBP=0x00007fff539192a0, RSI=0x00007fff8b6ab527, RDI=0x00007fa882a5fbc0
R8 =0x00007fa882b54930, R9 =0x00000000e579d93c, R10=0x0000000000000000, R11=0x0000000000000000
R12=0x00007fa882877c00, R13=0x00007fa881c62860, R14=0x00007fa882a5fbc0, R15=0x0000000000000000
RIP=0x00007fff85752250, EFLAGS=0x0000000000010246, ERR=0x0000000000000004
  TRAPNO=0x000000000000000e

Top of Stack: (sp=0x00007fff53919270)
0x00007fff53919270:   c0ff0e5793db9500 00000001a57b8598
0x00007fff53919280:   00007fa882b39da0 00000001a57ecc60
0x00007fff53919290:   00007fa881c62860 00007fa882845600
0x00007fff539192a0:   00007fff539197e0 00007fff8ae72ae3
0x00007fff539192b0:   0000000000000000 0000000000000000
0x00007fff539192c0:   4084000000000000 407e000000000000
0x00007fff539192d0:   0000000000000000 0000000000000000
0x00007fff539192e0:   4084000000000000 407e000000000000
0x00007fff539192f0:   402c000000000000 4030000000000000
0x00007fff53919300:   001c000000000000 407e300000000000
0x00007fff53919310:   00007fff8b67193e 0030000000000001
0x00007fff53919320:   0000000000000000 0000000000000000
0x00007fff53919330:   00007fa882842f50 407f600000000000
0x00007fff53919340:   00007fa882b3b1b0 00007fff539194c0
0x00007fff53919350:   00007fa882b39da0 00007fff00000000
0x00007fff53919360:   401c000000000000 407e300000000000
0x00007fff53919370:   00007fff539194b0 00007fff8ae82038
0x00007fff53919380:   401c000000000000 407e300000000000
0x00007fff53919390:   402c000000000000 4030000000000000
0x00007fff539193a0:   00007fff53919480 00007fff83b46d2d
0x00007fff539193b0:   00007fa882b3b1b0 00007fa882b3b1b0
0x00007fff539193c0:   4084000000000000 407f600000000000
0x00007fff539193d0:   401c000000000000 407e300000000000
0x00007fff539193e0:   402c000000000000 4030000000000000
0x00007fff539193f0:   0000000000000000 0000000000000000
0x00007fff53919400:   401c000000000000 407e300000000000
0x00007fff53919410:   402c000000000000 4030000000000000
0x00007fff53919420:   0000000000000000 0000000000000000
0x00007fff53919430:   0000000000000000 0000000000000000
0x00007fff53919440:   0000000000000000 0000000000000000
0x00007fff53919450:   4084000000000000 0000000000000000
0x00007fff53919460:   00007fa881c616d0 0000000000000000 

Instructions: (pc=0x00007fff85752250)
0x00007fff85752230:   90 90 90 90 90 90 90 90 90 90 90 90 90 90 90 90
0x00007fff85752240:   48 85 ff 74 2b 40 f6 c7 01 2e 75 3b 4c 8b 1f 50
0x00007fff85752250:   4d 8b 53 10 89 f0 41 23 02 4d 8b 5c c2 10 ff c0
0x00007fff85752260:   4d 85 db 74 36 49 3b 33 75 ec 58 41 ff 63 10 90 

Register to memory mapping:

RAX=0xc0ff0e5793db9500 is an unknown value
RBX=0x00007fa882b39da0 is an unknown value
RCX=0x00007fa8820120f8 is an unknown value
RDX=0x00000000a1a1a1a1 is an unknown value
RSP=0x00007fff53919270 is pointing into the stack for thread: 0x00007fa8839a4000
RBP=0x00007fff539192a0 is pointing into the stack for thread: 0x00007fa8839a4000
RSI=0x00007fff8b6ab527: NSAppKitVersionNumber+0x4f947 in /System/Library/Frameworks/AppKit.framework/Versions/C/AppKit at 0x00007fff8acdf000
RDI=0x00007fa882a5fbc0 is an unknown value
R8 =0x00007fa882b54930 is an unknown value
R9 =0x00000000e579d93c is an unknown value
R10=0x0000000000000000 is an unknown value
R11=0x0000000000000000 is an unknown value
R12=0x00007fa882877c00 is an unknown value
R13=0x00007fa881c62860 is an unknown value
R14=0x00007fa882a5fbc0 is an unknown value
R15=0x0000000000000000 is an unknown value


Stack: [0x00007fff5311f000,0x00007fff5391f000],  sp=0x00007fff53919270,  free space=8168k
Native frames: (J=compiled Java code, j=interpreted, Vv=VM code, C=native code)
C  [libobjc.A.dylib+0x6250]  objc_msgSend+0x10
C  [AppKit+0x193ae3]  -[NSView _recursiveDisplayRectIfNeededIgnoringOpacity:isVisibleRect:rectIsVisibleRectForView:topView:]+0x722
C  [AppKit+0x194a44]  -[NSView _recursiveDisplayRectIfNeededIgnoringOpacity:isVisibleRect:rectIsVisibleRectForView:topView:]+0x1683
C  [AppKit+0x193143]  -[NSThemeFrame _recursiveDisplayRectIfNeededIgnoringOpacity:isVisibleRect:rectIsVisibleRectForView:topView:]+0x13a
C  [AppKit+0x18ed6d]  -[NSView _displayRectIgnoringOpacity:isVisibleRect:rectIsVisibleRectForView:]+0x1243
C  [AppKit+0x158c93]  -[NSView displayIfNeeded]+0x726
C  [AppKit+0x1581cc]  _handleWindowNeedsDisplayOrLayoutOrUpdateConstraints+0x2e2
C  [Foundation+0x74463]  __NSFireTimer+0x60
C  [CoreFoundation+0x50804]  __CFRUNLOOP_IS_CALLING_OUT_TO_A_TIMER_CALLBACK_FUNCTION__+0x14
C  [CoreFoundation+0x5031d]  __CFRunLoopDoTimer+0x22d
C  [CoreFoundation+0x35ad9]  __CFRunLoopRun+0x5f9
C  [CoreFoundation+0x350e2]  CFRunLoopRunSpecific+0x122
C  [HIToolbox+0x5feb4]  RunCurrentEventLoopInMode+0xd1
C  [HIToolbox+0x5fc52]  ReceiveNextEventCommon+0x164
C  [HIToolbox+0x5fae3]  BlockUntilNextEventMatchingListInMode+0x3e
C  [AppKit+0x155533]  _DPSNextEvent+0x2ad
C  [AppKit+0x154df2]  -[NSApplication nextEventMatchingMask:untilDate:inMode:dequeue:]+0x80
C  [libosxapp.dylib+0x23aa]  -[NSApplicationAWT nextEventMatchingMask:untilDate:inMode:dequeue:]+0x7c
C  [AppKit+0x14c1a3]  -[NSApplication run]+0x205
C  [libosxapp.dylib+0x214d]  +[NSApplicationAWT runAWTLoopWithApp:]+0x9c
C  [libawt_lwawt.dylib+0x45ff7]  -[AWTStarter starter:]+0x389
C  [Foundation+0x935ca]  __NSThreadPerformPerform+0xe1
C  [CoreFoundation+0x12b31]  __CFRUNLOOP_IS_CALLING_OUT_TO_A_SOURCE0_PERFORM_FUNCTION__+0x11
C  [CoreFoundation+0x12455]  __CFRunLoopDoSources0+0xf5
C  [CoreFoundation+0x357f5]  __CFRunLoopRun+0x315
C  [CoreFoundation+0x350e2]  CFRunLoopRunSpecific+0x122
C  [java+0x6465]  CreateExecutionEnvironment+0x367
C  [java+0x218c]  JLI_Launch+0x7a0
C  [java+0x84c2]  main+0x65
C  [java+0x19e4]  start+0x34
C  0x0000000000000005


---------------  P R O C E S S  ---------------

Java Threads: ( => current thread )
  0x00007fa88227b800 JavaThread "AWT-Shutdown" [_thread_blocked, id=18447, stack(0x00000001a7865000,0x00000001a7965000)]
  0x00007fa883950000 JavaThread "DestroyJavaVM" [_thread_blocked, id=6659, stack(0x000000010d3b2000,0x000000010d4b2000)]
  0x00007fa8839cf000 JavaThread "LWJGL Application" [_thread_in_native, id=56323, stack(0x00000001a5b13000,0x00000001a5c13000)]
=>0x00007fa8839a4000 JavaThread "AppKit Thread" daemon [_thread_in_native, id=4103, stack(0x00007fff5311f000,0x00007fff5391f000)]
  0x00007fa88401a800 JavaThread "Service Thread" daemon [_thread_blocked, id=23811, stack(0x00000001a187d000,0x00000001a197d000)]
  0x00007fa883835000 JavaThread "C1 CompilerThread2" daemon [_thread_blocked, id=23299, stack(0x00000001a177a000,0x00000001a187a000)]
  0x00007fa883834000 JavaThread "C2 CompilerThread1" daemon [_thread_blocked, id=22787, stack(0x00000001a1677000,0x00000001a1777000)]
  0x00007fa883803000 JavaThread "C2 CompilerThread0" daemon [_thread_blocked, id=22275, stack(0x00000001a1574000,0x00000001a1674000)]
  0x00007fa883020000 JavaThread "Signal Dispatcher" daemon [_thread_blocked, id=21763, stack(0x00000001a1471000,0x00000001a1571000)]
  0x00007fa88301d000 JavaThread "Finalizer" daemon [_thread_blocked, id=17155, stack(0x00000001a11b6000,0x00000001a12b6000)]
  0x00007fa88301c000 JavaThread "Reference Handler" daemon [_thread_blocked, id=16643, stack(0x00000001a10b3000,0x00000001a11b3000)]

Other Threads:
  0x00007fa88301b800 VMThread [stack: 0x00000001a0fb0000,0x00000001a10b0000] [id=16131]
  0x00007fa882041800 WatcherThread [stack: 0x00000001a1980000,0x00000001a1a80000] [id=24323]

VM state:not at safepoint (normal execution)

VM Mutex/Monitor currently owned by a thread: None

Heap:
 PSYoungGen      total 18944K, used 10331K [0x0000000147700000, 0x0000000148c00000, 0x000000015cc00000)
  eden space 16384K, 47% used [0x0000000147700000,0x0000000147e9b070,0x0000000148700000)
  from space 2560K, 99% used [0x0000000148700000,0x000000014897bf60,0x0000000148980000)
  to   space 2560K, 0% used [0x0000000148980000,0x0000000148980000,0x0000000148c00000)
 ParOldGen       total 44032K, used 467K [0x000000011cc00000, 0x000000011f700000, 0x0000000147700000)
  object space 44032K, 1% used [0x000000011cc00000,0x000000011cc74f18,0x000000011f700000)
 Metaspace       used 9412K, capacity 9539K, committed 9728K, reserved 1058816K
  class space    used 902K, capacity 952K, committed 1024K, reserved 1048576K

Card table byte_map: [0x000000015cc00000,0x000000015ce01000] byte_map_base: 0x000000015c31a000

Marking Bits: (ParMarkBitMap*) 0x000000010ccffd30
 Begin Bits: [0x000000015d363000, 0x000000015e363000)
 End Bits:   [0x000000015e363000, 0x000000015f363000)

Polling page: 0x000000010d4f7000

CodeCache: size=245760Kb used=5655Kb max_used=5673Kb free=240104Kb
 bounds [0x000000010d58d000, 0x000000010db2d000, 0x000000011c58d000]
 total_blobs=1886 nmethods=1422 adapters=378
 compilation: enabled

Compilation events (10 events):
Event: 19.485 Thread 0x00007fa883835000 nmethod 1416 0x000000010db00510 code [0x000000010db00680, 0x000000010db00808]
Event: 19.485 Thread 0x00007fa883835000 1417       3       sun.misc.URLClassPath$JarLoader$2::getInputStream (15 bytes)
Event: 19.485 Thread 0x00007fa883835000 nmethod 1417 0x000000010db00050 code [0x000000010db001c0, 0x000000010db00408]
Event: 19.485 Thread 0x00007fa883835000 1418   !   3       java.util.jar.JarFile$JarFileEntry::getCodeSigners (78 bytes)
Event: 19.486 Thread 0x00007fa883835000 nmethod 1418 0x000000010daff610 code [0x000000010daff7e0, 0x000000010daffdf8]
Event: 19.486 Thread 0x00007fa883835000 1419       3       java.util.jar.JarFile::access$200 (5 bytes)
Event: 19.486 Thread 0x00007fa883835000 nmethod 1419 0x000000010daff290 code [0x000000010daff400, 0x000000010daff568]
Event: 19.489 Thread 0x00007fa883835000 1421       1       java.util.concurrent.locks.AbstractQueuedSynchronizer::getState (5 bytes)
Event: 19.489 Thread 0x00007fa883835000 nmethod 1421 0x000000010dafefd0 code [0x000000010daff120, 0x000000010daff230]
Event: 19.492 Thread 0x00007fa883834000 1422       4       java.nio.DirectByteBuffer::put (18 bytes)

GC Heap History (2 events):
Event: 1.805 GC heap before
{Heap before GC invocations=1 (full 0):
 PSYoungGen      total 18944K, used 15116K [0x0000000147700000, 0x0000000148c00000, 0x000000015cc00000)
  eden space 16384K, 92% used [0x0000000147700000,0x00000001485c3250,0x0000000148700000)
  from space 2560K, 0% used [0x0000000148980000,0x0000000148980000,0x0000000148c00000)
  to   space 2560K, 0% used [0x0000000148700000,0x0000000148700000,0x0000000148980000)
 ParOldGen       total 44032K, used 0K [0x000000011cc00000, 0x000000011f700000, 0x0000000147700000)
  object space 44032K, 0% used [0x000000011cc00000,0x000000011cc00000,0x000000011f700000)
 Metaspace       used 8339K, capacity 8515K, committed 8576K, reserved 1056768K
  class space    used 823K, capacity 888K, committed 896K, reserved 1048576K
Event: 1.811 GC heap after
Heap after GC invocations=1 (full 0):
 PSYoungGen      total 18944K, used 2543K [0x0000000147700000, 0x0000000148c00000, 0x000000015cc00000)
  eden space 16384K, 0% used [0x0000000147700000,0x0000000147700000,0x0000000148700000)
  from space 2560K, 99% used [0x0000000148700000,0x000000014897bf60,0x0000000148980000)
  to   space 2560K, 0% used [0x0000000148980000,0x0000000148980000,0x0000000148c00000)
 ParOldGen       total 44032K, used 467K [0x000000011cc00000, 0x000000011f700000, 0x0000000147700000)
  object space 44032K, 1% used [0x000000011cc00000,0x000000011cc74f18,0x000000011f700000)
 Metaspace       used 8339K, capacity 8515K, committed 8576K, reserved 1056768K
  class space    used 823K, capacity 888K, committed 896K, reserved 1048576K
}

Deoptimization events (10 events):
Event: 1.758 Thread 0x00007fa8839cf000 Uncommon trap: reason=unstable_if action=reinterpret pc=0x000000010d8303bc method=java.util.concurrent.FutureTask.isDone()Z @ 4
Event: 1.758 Thread 0x00007fa8839cf000 Uncommon trap: reason=unstable_if action=reinterpret pc=0x000000010d82e50c method=com.badlogic.gdx.assets.AssetLoadingTask.handleAsyncLoader()V @ 12
Event: 1.758 Thread 0x00007fa8839cf000 Uncommon trap: reason=unstable_if action=reinterpret pc=0x000000010d829828 method=com.badlogic.gdx.assets.AssetLoadingTask.handleAsyncLoader()V @ 12
Event: 1.795 Thread 0x00007fa883200000 Uncommon trap: reason=unstable_if action=reinterpret pc=0x000000010d82d294 method=java.util.regex.Pattern$Start.match(Ljava/util/regex/Matcher;ILjava/lang/CharSequence;)Z @ 10
Event: 1.993 Thread 0x00007fa8839cf000 Uncommon trap: reason=unstable_if action=reinterpret pc=0x000000010d872ba4 method=com.badlogic.gdx.assets.AssetManager.finishLoading()V @ 13
Event: 3.654 Thread 0x00007fa8839cf000 Uncommon trap: reason=predicate action=maybe_recompile pc=0x000000010d820684 method=java.util.regex.Pattern$Curly.match(Ljava/util/regex/Matcher;ILjava/lang/CharSequence;)Z @ 12
Event: 8.803 Thread 0x00007fa8839cf000 Uncommon trap: reason=unstable_if action=reinterpret pc=0x000000010da7ed60 method=com.mygdx.game.GameScreen.render(F)V @ 197
Event: 9.150 Thread 0x00007fa8839cf000 Uncommon trap: reason=unstable_if action=reinterpret pc=0x000000010da2fa30 method=com.mygdx.game.Hitbox.didCollide(Lcom/mygdx/game/Hitbox;)Z @ 53
Event: 15.520 Thread 0x00007fa8839cf000 Uncommon trap: reason=unstable_if action=reinterpret pc=0x000000010dad75ac method=com.mygdx.game.GameScreen.render(F)V @ 371
Event: 16.950 Thread 0x00007fa8839cf000 Uncommon trap: reason=unstable_if action=reinterpret pc=0x000000010dae9eb8 method=com.mygdx.game.Hitbox.didCollide(Lcom/mygdx/game/Hitbox;)Z @ 137

Internal exceptions (10 events):
Event: 0.876 Thread 0x00007fa883005000 Exception <a 'java/lang/NoSuchFieldError': method resolution failed> (0x0000000147b2e328) thrown at [/Users/java_re/workspace/8-2-build-macosx-x86_64/jdk8u121/8372/hotspot/src/share/vm/prims/methodHandles.cpp, line 1146]
Event: 0.879 Thread 0x00007fa883005000 Exception <a 'java/lang/NoSuchFieldError': method resolution failed> (0x0000000147b3ba78) thrown at [/Users/java_re/workspace/8-2-build-macosx-x86_64/jdk8u121/8372/hotspot/src/share/vm/prims/methodHandles.cpp, line 1146]
Event: 1.008 Thread 0x00007fa883005000 Exception <a 'java/io/FileNotFoundException'> (0x0000000147bb67f8) thrown at [/Users/java_re/workspace/8-2-build-macosx-x86_64/jdk8u121/8372/hotspot/src/share/vm/prims/jni.cpp, line 709]
Event: 1.008 Thread 0x00007fa883005000 Exception <a 'java/io/FileNotFoundException'> (0x0000000147bb7380) thrown at [/Users/java_re/workspace/8-2-build-macosx-x86_64/jdk8u121/8372/hotspot/src/share/vm/prims/jni.cpp, line 709]
Event: 1.035 Thread 0x00007fa883005000 Exception <a 'java/security/PrivilegedActionException'> (0x0000000147c1fe58) thrown at [/Users/java_re/workspace/8-2-build-macosx-x86_64/jdk8u121/8372/hotspot/src/share/vm/prims/jvm.cpp, line 1390]
Event: 1.035 Thread 0x00007fa883005000 Exception <a 'java/security/PrivilegedActionException'> (0x0000000147c21a40) thrown at [/Users/java_re/workspace/8-2-build-macosx-x86_64/jdk8u121/8372/hotspot/src/share/vm/prims/jvm.cpp, line 1390]
Event: 1.035 Thread 0x00007fa883005000 Exception <a 'java/security/PrivilegedActionException'> (0x0000000147c22b60) thrown at [/Users/java_re/workspace/8-2-build-macosx-x86_64/jdk8u121/8372/hotspot/src/share/vm/prims/jvm.cpp, line 1390]
Event: 1.036 Thread 0x00007fa883005000 Exception <a 'java/security/PrivilegedActionException'> (0x0000000147c27c80) thrown at [/Users/java_re/workspace/8-2-build-macosx-x86_64/jdk8u121/8372/hotspot/src/share/vm/prims/jvm.cpp, line 1390]
Event: 1.036 Thread 0x00007fa883005000 Exception <a 'java/security/PrivilegedActionException'> (0x0000000147c288d8) thrown at [/Users/java_re/workspace/8-2-build-macosx-x86_64/jdk8u121/8372/hotspot/src/share/vm/prims/jvm.cpp, line 1390]
Event: 1.036 Thread 0x00007fa883005000 Exception <a 'java/security/PrivilegedActionException'> (0x0000000147c29500) thrown at [/Users/java_re/workspace/8-2-build-macosx-x86_64/jdk8u121/8372/hotspot/src/share/vm/prims/jvm.cpp, line 1390]

Events (10 events):
Event: 19.327 Executing VM operation: RevokeBias done
Event: 19.327 Thread 0x00007fa88310f800 Thread exited: 0x00007fa88310f800
Event: 19.338 Thread 0x00007fa88227b800 Thread added: 0x00007fa88227b800
Event: 19.484 loading class com/badlogic/gdx/backends/lwjgl/LwjglApplication$2
Event: 19.484 loading class com/badlogic/gdx/backends/lwjgl/LwjglApplication$2 done
Event: 19.485 loading class com/badlogic/gdx/utils/ObjectMap$Keys
Event: 19.485 loading class com/badlogic/gdx/utils/ObjectMap$Keys done
Event: 19.489 Thread 0x00007fa883200000 Thread exited: 0x00007fa883200000
Event: 19.491 loading class org/lwjgl/opengl/CallbackUtil
Event: 19.491 loading class org/lwjgl/opengl/CallbackUtil done


Dynamic libraries:
0x00000000006e2000 	/System/Library/Frameworks/Cocoa.framework/Versions/A/Cocoa
0x00000000006e2000 	/System/Library/Frameworks/Security.framework/Versions/A/Security
0x00000000006e2000 	/System/Library/Frameworks/ApplicationServices.framework/Versions/A/ApplicationServices
0x00000000006e2000 	/usr/lib/libz.1.dylib
0x00000000006e2000 	/usr/lib/libSystem.B.dylib
0x00000000006e2000 	/usr/lib/libobjc.A.dylib
0x00000000006e2000 	/System/Library/Frameworks/CoreFoundation.framework/Versions/A/CoreFoundation
0x00000000006e2000 	/System/Library/Frameworks/Foundation.framework/Versions/C/Foundation
0x00000000006e2000 	/System/Library/Frameworks/AppKit.framework/Versions/C/AppKit
0x00000000006e2000 	/System/Library/Frameworks/CoreData.framework/Versions/A/CoreData
0x00000000006e2000 	/System/Library/PrivateFrameworks/RemoteViewServices.framework/Versions/A/RemoteViewServices
0x00000000006e2000 	/System/Library/Frameworks/AudioToolbox.framework/Versions/A/AudioToolbox
0x00000000006e2000 	/System/Library/Frameworks/AudioUnit.framework/Versions/A/AudioUnit
0x00000000006e2000 	/System/Library/PrivateFrameworks/DataDetectorsCore.framework/Versions/A/DataDetectorsCore
0x00000000006e2000 	/System/Library/PrivateFrameworks/DesktopServicesPriv.framework/Versions/A/DesktopServicesPriv
0x00000000006e2000 	/System/Library/Frameworks/Carbon.framework/Versions/A/Frameworks/HIToolbox.framework/Versions/A/HIToolbox
0x00000000006e2000 	/System/Library/Frameworks/QuartzCore.framework/Versions/A/QuartzCore
0x00000000006e2000 	/System/Library/Frameworks/Carbon.framework/Versions/A/Frameworks/SpeechRecognition.framework/Versions/A/SpeechRecognition
0x00000000006e2000 	/usr/lib/libauto.dylib
0x00000000006e2000 	/usr/lib/libicucore.A.dylib
0x00000000006e2000 	/usr/lib/libxml2.2.dylib
0x00000000006e2000 	/System/Library/PrivateFrameworks/CoreUI.framework/Versions/A/CoreUI
0x00000000006e2000 	/System/Library/Frameworks/CoreAudio.framework/Versions/A/CoreAudio
0x00000000006e2000 	/System/Library/Frameworks/DiskArbitration.framework/Versions/A/DiskArbitration
0x00000000006e2000 	/usr/lib/liblangid.dylib
0x00000000006e2000 	/System/Library/PrivateFrameworks/MultitouchSupport.framework/Versions/A/MultitouchSupport
0x00000000006e2000 	/System/Library/Frameworks/IOKit.framework/Versions/A/IOKit
0x00000000006e2000 	/usr/lib/libDiagnosticMessagesClient.dylib
0x00000000006e2000 	/System/Library/Frameworks/CoreServices.framework/Versions/A/CoreServices
0x00000000006e2000 	/System/Library/PrivateFrameworks/PerformanceAnalysis.framework/Versions/A/PerformanceAnalysis
0x00000000006e2000 	/System/Library/PrivateFrameworks/GenerationalStorage.framework/Versions/A/GenerationalStorage
0x00000000006e2000 	/System/Library/Frameworks/OpenGL.framework/Versions/A/OpenGL
0x00000000006e2000 	/System/Library/Frameworks/CoreText.framework/Versions/A/CoreText
0x00000000006e2000 	/System/Library/Frameworks/ImageIO.framework/Versions/A/ImageIO
0x00000000006e2000 	/System/Library/PrivateFrameworks/Backup.framework/Versions/A/Backup
0x00000000006e2000 	/System/Library/Frameworks/CFNetwork.framework/Versions/A/CFNetwork
0x00000000006e2000 	/System/Library/Frameworks/SystemConfiguration.framework/Versions/A/SystemConfiguration
0x00000000006e2000 	/usr/lib/libCRFSuite.dylib
0x00000000006e2000 	/System/Library/PrivateFrameworks/TCC.framework/Versions/A/TCC
0x00000000006e2000 	/usr/lib/libc++.1.dylib
0x00000000006e2000 	/usr/lib/libc++abi.dylib
0x00000000006e2000 	/usr/lib/system/libcache.dylib
0x00000000006e2000 	/usr/lib/system/libcommonCrypto.dylib
0x00000000006e2000 	/usr/lib/system/libcompiler_rt.dylib
0x00000000006e2000 	/usr/lib/system/libcopyfile.dylib
0x00000000006e2000 	/usr/lib/system/libdispatch.dylib
0x00000000006e2000 	/usr/lib/system/libdnsinfo.dylib
0x00000000006e2000 	/usr/lib/system/libdyld.dylib
0x00000000006e2000 	/usr/lib/system/libkeymgr.dylib
0x00000000006e2000 	/usr/lib/system/liblaunch.dylib
0x00000000006e2000 	/usr/lib/system/libmacho.dylib
0x00000000006e2000 	/usr/lib/system/libquarantine.dylib
0x00000000006e2000 	/usr/lib/system/libremovefile.dylib
0x00000000006e2000 	/usr/lib/system/libsystem_blocks.dylib
0x00000000006e2000 	/usr/lib/system/libsystem_c.dylib
0x00000000006e2000 	/usr/lib/system/libsystem_dnssd.dylib
0x00000000006e2000 	/usr/lib/system/libsystem_info.dylib
0x00000000006e2000 	/usr/lib/system/libsystem_kernel.dylib
0x00000000006e2000 	/usr/lib/system/libsystem_m.dylib
0x00000000006e2000 	/usr/lib/system/libsystem_network.dylib
0x00000000006e2000 	/usr/lib/system/libsystem_notify.dylib
0x00000000006e2000 	/usr/lib/system/libsystem_sandbox.dylib
0x00000000006e2000 	/usr/lib/system/libunc.dylib
0x00000000006e2000 	/usr/lib/system/libunwind.dylib
0x00000000006e2000 	/usr/lib/system/libxpc.dylib
0x00000000006e2000 	/usr/lib/system/libcorecrypto.dylib
0x00000000006e2000 	/usr/lib/libstdc++.6.dylib
0x00000000006e2000 	/usr/lib/libbsm.0.dylib
0x00000000006e2000 	/usr/lib/libsqlite3.dylib
0x00000000006e2000 	/usr/lib/libxar.1.dylib
0x00000000006e2000 	/usr/lib/libpam.2.dylib
0x00000000006e2000 	/usr/lib/libOpenScriptingUtil.dylib
0x00000000006e2000 	/usr/lib/libbz2.1.0.dylib
0x00000000006e2000 	/System/Library/Frameworks/CoreServices.framework/Versions/A/Frameworks/CarbonCore.framework/Versions/A/CarbonCore
0x00000000006e2000 	/System/Library/Frameworks/CoreServices.framework/Versions/A/Frameworks/Metadata.framework/Versions/A/Metadata
0x00000000006e2000 	/System/Library/Frameworks/CoreServices.framework/Versions/A/Frameworks/OSServices.framework/Versions/A/OSServices
0x00000000006e2000 	/System/Library/Frameworks/CoreServices.framework/Versions/A/Frameworks/SearchKit.framework/Versions/A/SearchKit
0x00000000006e2000 	/System/Library/Frameworks/CoreServices.framework/Versions/A/Frameworks/AE.framework/Versions/A/AE
0x00000000006e2000 	/System/Library/Frameworks/CoreServices.framework/Versions/A/Frameworks/LaunchServices.framework/Versions/A/LaunchServices
0x00000000006e2000 	/System/Library/Frameworks/CoreServices.framework/Versions/A/Frameworks/DictionaryServices.framework/Versions/A/DictionaryServices
0x00000000006e2000 	/System/Library/Frameworks/NetFS.framework/Versions/A/NetFS
0x00000000006e2000 	/usr/lib/system/libkxld.dylib
0x00000000006e2000 	/System/Library/PrivateFrameworks/NetAuth.framework/Versions/A/NetAuth
0x00000000006e2000 	/System/Library/Frameworks/OpenDirectory.framework/Versions/A/Frameworks/CFOpenDirectory.framework/Versions/A/CFOpenDirectory
0x00000000006e2000 	/usr/lib/libxslt.1.dylib
0x00000000006e2000 	/System/Library/PrivateFrameworks/FamilyControls.framework/Versions/A/FamilyControls
0x00000000006e2000 	/System/Library/Frameworks/Carbon.framework/Versions/A/Frameworks/Ink.framework/Versions/A/Ink
0x00000000006e2000 	/System/Library/Frameworks/ApplicationServices.framework/Versions/A/Frameworks/CoreGraphics.framework/Versions/A/CoreGraphics
0x00000000006e2000 	/System/Library/Frameworks/ApplicationServices.framework/Versions/A/Frameworks/ATS.framework/Versions/A/ATS
0x00000000006e2000 	/System/Library/Frameworks/ApplicationServices.framework/Versions/A/Frameworks/ColorSync.framework/Versions/A/ColorSync
0x00000000006e2000 	/System/Library/Frameworks/ApplicationServices.framework/Versions/A/Frameworks/HIServices.framework/Versions/A/HIServices
0x00000000006e2000 	/System/Library/Frameworks/ApplicationServices.framework/Versions/A/Frameworks/LangAnalysis.framework/Versions/A/LangAnalysis
0x00000000006e2000 	/System/Library/Frameworks/ApplicationServices.framework/Versions/A/Frameworks/PrintCore.framework/Versions/A/PrintCore
0x00000000006e2000 	/System/Library/Frameworks/ApplicationServices.framework/Versions/A/Frameworks/QD.framework/Versions/A/QD
0x00000000006e2000 	/System/Library/Frameworks/ApplicationServices.framework/Versions/A/Frameworks/SpeechSynthesis.framework/Versions/A/SpeechSynthesis
0x00000000006e2000 	/System/Library/Frameworks/IOSurface.framework/Versions/A/IOSurface
0x00000000006e2000 	/System/Library/Frameworks/Accelerate.framework/Versions/A/Accelerate
0x00000000006e2000 	/System/Library/Frameworks/ApplicationServices.framework/Versions/A/Frameworks/ATS.framework/Versions/A/Resources/libFontParser.dylib
0x00000000006e2000 	/System/Library/Frameworks/ApplicationServices.framework/Versions/A/Frameworks/ATS.framework/Versions/A/Resources/libFontRegistry.dylib
0x00000000006e2000 	/System/Library/Frameworks/Accelerate.framework/Versions/A/Frameworks/vImage.framework/Versions/A/vImage
0x00000000006e2000 	/System/Library/Frameworks/Accelerate.framework/Versions/A/Frameworks/vecLib.framework/Versions/A/vecLib
0x00000000006e2000 	/System/Library/Frameworks/Accelerate.framework/Versions/A/Frameworks/vecLib.framework/Versions/A/libvDSP.dylib
0x00000000006e2000 	/System/Library/Frameworks/Accelerate.framework/Versions/A/Frameworks/vecLib.framework/Versions/A/libvMisc.dylib
0x00000000006e2000 	/System/Library/Frameworks/Accelerate.framework/Versions/A/Frameworks/vecLib.framework/Versions/A/libLAPACK.dylib
0x00000000006e2000 	/System/Library/Frameworks/Accelerate.framework/Versions/A/Frameworks/vecLib.framework/Versions/A/libBLAS.dylib
0x00000000006e2000 	/System/Library/Frameworks/ImageIO.framework/Versions/A/Resources/libJPEG.dylib
0x00000000006e2000 	/System/Library/Frameworks/ImageIO.framework/Versions/A/Resources/libTIFF.dylib
0x00000000006e2000 	/System/Library/Frameworks/ImageIO.framework/Versions/A/Resources/libPng.dylib
0x00000000006e2000 	/System/Library/Frameworks/ImageIO.framework/Versions/A/Resources/libGIF.dylib
0x00000000006e2000 	/System/Library/Frameworks/ImageIO.framework/Versions/A/Resources/libJP2.dylib
0x00000000006e2000 	/System/Library/Frameworks/ImageIO.framework/Versions/A/Resources/libRadiance.dylib
0x00000000006e2000 	/usr/lib/libcups.2.dylib
0x00000000006e2000 	/System/Library/Frameworks/Kerberos.framework/Versions/A/Kerberos
0x00000000006e2000 	/System/Library/Frameworks/GSS.framework/Versions/A/GSS
0x00000000006e2000 	/usr/lib/libresolv.9.dylib
0x00000000006e2000 	/usr/lib/libiconv.2.dylib
0x00000000006e2000 	/System/Library/PrivateFrameworks/Heimdal.framework/Versions/A/Heimdal
0x00000000006e2000 	/System/Library/PrivateFrameworks/TrustEvaluationAgent.framework/Versions/A/TrustEvaluationAgent
0x00000000006e2000 	/System/Library/Frameworks/OpenDirectory.framework/Versions/A/OpenDirectory
0x00000000006e2000 	/System/Library/PrivateFrameworks/CommonAuth.framework/Versions/A/CommonAuth
0x00000000006e2000 	/System/Library/PrivateFrameworks/Bom.framework/Versions/A/Bom
0x00000000006e2000 	/System/Library/Frameworks/CoreVideo.framework/Versions/A/CoreVideo
0x00000000006e2000 	/System/Library/Frameworks/QuartzCore.framework/Versions/A/Frameworks/CoreImage.framework/Versions/A/CoreImage
0x00000000006e2000 	/System/Library/Frameworks/QuartzCore.framework/Versions/A/Frameworks/ScalableUserInterface.framework/Versions/A/ScalableUserInterface
0x00000000006e2000 	/System/Library/Frameworks/OpenGL.framework/Versions/A/Libraries/libGLU.dylib
0x00000000006e2000 	/System/Library/Frameworks/OpenGL.framework/Versions/A/Libraries/libGFXShared.dylib
0x00000000006e2000 	/System/Library/Frameworks/OpenGL.framework/Versions/A/Libraries/libGL.dylib
0x00000000006e2000 	/System/Library/Frameworks/OpenGL.framework/Versions/A/Libraries/libGLImage.dylib
0x00000000006e2000 	/System/Library/Frameworks/OpenGL.framework/Versions/A/Libraries/libCVMSPluginSupport.dylib
0x00000000006e2000 	/System/Library/Frameworks/OpenGL.framework/Versions/A/Libraries/libCoreVMClient.dylib
0x00000000006e2000 	/System/Library/PrivateFrameworks/CrashReporterSupport.framework/Versions/A/CrashReporterSupport
0x00000000006e2000 	/System/Library/Frameworks/OpenCL.framework/Versions/A/OpenCL
0x00000000006e2000 	/System/Library/PrivateFrameworks/FaceCoreLight.framework/Versions/A/FaceCoreLight
0x00000000006e2000 	/System/Library/PrivateFrameworks/AppleFSCompression.framework/Versions/A/AppleFSCompression
0x00000000006e2000 	/System/Library/PrivateFrameworks/Ubiquity.framework/Versions/A/Ubiquity
0x00000000006e2000 	/System/Library/Frameworks/ServiceManagement.framework/Versions/A/ServiceManagement
0x00000000006e2000 	/System/Library/PrivateFrameworks/ChunkingLibrary.framework/Versions/A/ChunkingLibrary
0x00000000006e2000 	/System/Library/Frameworks/vecLib.framework/Versions/A/vecLib
0x00000000006e2000 	/System/Library/Frameworks/SecurityFoundation.framework/Versions/A/SecurityFoundation
0x00000000006e2000 	/System/Library/PrivateFrameworks/CommerceKit.framework/Versions/A/Frameworks/CommerceCore.framework/Versions/A/CommerceCore
0x00000000006e2000 	/System/Library/PrivateFrameworks/CoreSymbolication.framework/Versions/A/CoreSymbolication
0x00000000006e2000 	/System/Library/PrivateFrameworks/Symbolication.framework/Versions/A/Symbolication
0x00000000006e2000 	/System/Library/PrivateFrameworks/DebugSymbols.framework/Versions/A/DebugSymbols
0x000000010c40f000 	/Library/Java/JavaVirtualMachines/jdk1.8.0_121.jdk/Contents/Home/jre/lib/server/libjvm.dylib
0x000000010d4b4000 	/Library/Java/JavaVirtualMachines/jdk1.8.0_121.jdk/Contents/Home/jre/lib/libverify.dylib
0x000000010d4c2000 	/Library/Java/JavaVirtualMachines/jdk1.8.0_121.jdk/Contents/Home/jre/lib/libjava.dylib
0x000000010d584000 	/Library/Java/JavaVirtualMachines/jdk1.8.0_121.jdk/Contents/Home/jre/lib/libzip.dylib
0x000000011c9e5000 	/System/Library/Frameworks/JavaVM.framework/Frameworks/JavaRuntimeSupport.framework/JavaRuntimeSupport
0x00000001a12b8000 	/System/Library/Frameworks/JavaVM.framework/Versions/A/Frameworks/JavaNativeFoundation.framework/Versions/A/JavaNativeFoundation
0x00000001a12ce000 	/System/Library/Frameworks/JavaVM.framework/Versions/A/JavaVM
0x00000000006e2000 	/System/Library/Frameworks/Carbon.framework/Versions/A/Carbon
0x00000001a12db000 	/System/Library/PrivateFrameworks/JavaLaunching.framework/Versions/A/JavaLaunching
0x00000000006e2000 	/System/Library/Frameworks/Carbon.framework/Versions/A/Frameworks/CommonPanels.framework/Versions/A/CommonPanels
0x00000000006e2000 	/System/Library/Frameworks/Carbon.framework/Versions/A/Frameworks/Help.framework/Versions/A/Help
0x00000000006e2000 	/System/Library/Frameworks/Carbon.framework/Versions/A/Frameworks/ImageCapture.framework/Versions/A/ImageCapture
0x00000000006e2000 	/System/Library/Frameworks/Carbon.framework/Versions/A/Frameworks/OpenScripting.framework/Versions/A/OpenScripting
0x00000000006e2000 	/System/Library/Frameworks/Carbon.framework/Versions/A/Frameworks/Print.framework/Versions/A/Print
0x00000000006e2000 	/System/Library/Frameworks/Carbon.framework/Versions/A/Frameworks/SecurityHI.framework/Versions/A/SecurityHI
0x00000001a1ad7000 	/private/var/folders/cl/40rj8v854dn3dwd1f2dr28c40000gn/T/libgdxliaderlich/6e213a1/libgdx64.dylib
0x00000001a1b21000 	/Library/Java/JavaVirtualMachines/jdk1.8.0_121.jdk/Contents/Home/jre/lib/libawt.dylib
0x00000001a1bc9000 	/Library/Java/JavaVirtualMachines/jdk1.8.0_121.jdk/Contents/Home/jre/lib/./libmlib_image.dylib
0x00000001a1c95000 	/Library/Java/JavaVirtualMachines/jdk1.8.0_121.jdk/Contents/Home/jre/lib/libawt_lwawt.dylib
0x00000001a1d4c000 	/Library/Java/JavaVirtualMachines/jdk1.8.0_121.jdk/Contents/Home/jre/lib/./libosxapp.dylib
0x00000001a1d68000 	/System/Library/Frameworks/ExceptionHandling.framework/Versions/A/ExceptionHandling
0x00000000006e2000 	/System/Library/PrivateFrameworks/CoreServicesInternal.framework/Versions/A/CoreServicesInternal
0x00000000006e2000 	/System/Library/PrivateFrameworks/Librarian.framework/Versions/A/Librarian
0x00000000006e2000 	/System/Library/Frameworks/ApplicationServices.framework/Versions/A/Frameworks/CoreGraphics.framework/Versions/A/Resources/libCSync.A.dylib
0x00000000006e2000 	/System/Library/Frameworks/ApplicationServices.framework/Versions/A/Frameworks/CoreGraphics.framework/Versions/A/Resources/libRIP.A.dylib
0x00000000006e2000 	/System/Library/Frameworks/ApplicationServices.framework/Versions/A/Frameworks/CoreGraphics.framework/Versions/A/Resources/libCGXType.A.dylib
0x00000001a314b000 	/Library/Java/JavaVirtualMachines/jdk1.8.0_121.jdk/Contents/Home/jre/lib/libfontmanager.dylib
0x00000001a57ae000 	/private/var/folders/cl/40rj8v854dn3dwd1f2dr28c40000gn/T/libgdxliaderlich/f7649394/liblwjgl.dylib
0x00000001a31b2000 	/Library/Java/JavaVirtualMachines/jdk1.8.0_121.jdk/Contents/Home/jre/lib/libjawt.dylib
0x00000001a5830000 	/var/folders/cl/40rj8v854dn3dwd1f2dr28c40000gn/T/libgdxliaderlich/f7649394/openal.dylib
0x000000013588c000 	/System/Library/Components/CoreAudio.component/Contents/MacOS/CoreAudio
0x00000001a3fa5000 	/System/Library/Extensions/AppleHDA.kext/Contents/PlugIns/AppleHDAHALPlugIn.bundle/Contents/MacOS/AppleHDAHALPlugIn
0x00000001a5c15000 	/System/Library/Frameworks/OpenGL.framework/Resources/GLEngine.bundle/GLEngine
0x00000001a5e0a000 	/System/Library/Frameworks/OpenGL.framework/Versions/A/Libraries/libGLProgrammability.dylib
0x00000001a5fb2000 	/System/Library/Extensions/AppleIntelHD4000GraphicsGLDriver.bundle/Contents/MacOS/AppleIntelHD4000GraphicsGLDriver
0x00000001a65ae000 	/System/Library/PrivateFrameworks/IOAccelerator.framework/Versions/A/IOAccelerator
0x00000001a65bb000 	/System/Library/PrivateFrameworks/GPUSupport.framework/Versions/A/Libraries/libGPUSupportMercury.dylib
0x00000001a69ce000 	/System/Library/Frameworks/OpenGL.framework/Resources//GLRendererFloat.bundle/GLRendererFloat
0x00000001a6a02000 	/System/Library/Frameworks/OpenCL.framework/Versions/A/Libraries/libcldcpuengine.dylib
0x00000000006e2000 	/System/Library/PrivateFrameworks/DiskImages.framework/Versions/A/DiskImages
0x00000000006e2000 	/System/Library/Frameworks/DiscRecording.framework/Versions/A/DiscRecording
0x00000000006e2000 	/usr/lib/libcurl.4.dylib
0x00000000006e2000 	/System/Library/PrivateFrameworks/MediaKit.framework/Versions/A/MediaKit
0x00000000006e2000 	/usr/lib/libssl.0.9.8.dylib
0x00000000006e2000 	/usr/lib/libcrypto.0.9.8.dylib
0x00000000006e2000 	/System/Library/Frameworks/LDAP.framework/Versions/A/LDAP
0x00000000006e2000 	/usr/lib/libsasl2.2.dylib

VM Arguments:
jvm_args: -Dfile.encoding=UTF-8 
java_command: com.mygdx.game.desktop.DesktopLauncher
java_class_path (initial): /Users/liaderlich/git/Runner/Runner-desktop/bin:/Users/liaderlich/git/Runner/Runner-core/bin:/Users/liaderlich/.gradle/caches/modules-2/files-2.1/com.badlogicgames.gdx/gdx/1.9.6/47d1e9b890e364ec28f128e9bb3b9a12a94c164/gdx-1.9.6.jar:/Users/liaderlich/.gradle/caches/modules-2/files-2.1/com.badlogicgames.gdx/gdx-box2d/1.9.6/c249ef4060a4fada952f278455c8f7b9cba3c18a/gdx-box2d-1.9.6.jar:/Users/liaderlich/.gradle/caches/modules-2/files-2.1/com.badlogicgames.gdx/gdx-backend-lwjgl/1.9.6/ee7c23636ee4a942d329579daecc3ec5e517fe4c/gdx-backend-lwjgl-1.9.6.jar:/Users/liaderlich/.gradle/caches/modules-2/files-2.1/com.badlogicgames.gdx/gdx-platform/1.9.6/6f84dd7a18dc68e4ec492dfbb0594f930babcf63/gdx-platform-1.9.6-natives-desktop.jar:/Users/liaderlich/.gradle/caches/modules-2/files-2.1/com.badlogicgames.gdx/gdx-box2d-platform/1.9.6/d7b6168f5afd3948fd126c0b248f66c49b73ca35/gdx-box2d-platform-1.9.6-natives-desktop.jar:/Users/liaderlich/.gradle/caches/modules-2/files-2.1/org.lwjgl.lwjgl/lwjgl/2.9.2/a9d80fe5935c7a9149f6584d9777cfd471f65489/lwjgl-2.9.2.jar:/Users/liaderlich/.gradle/caches/modules-2/files-2.1/org.lwjgl.lwjgl/lwjgl_util/2.9.2/4b9e37300a87799856e0bd15ed81663cdb6b0947/lwjgl_util-2.9.2.jar:/Users/liaderlich/.gradle/caches/modules-2/files-2.1/com.badlogicgames.jlayer/jlayer/1.0.1-gdx/7cca83cec5c1b2f011362f4d85aabd71a73b049d/jlayer-1.0.1-gdx.jar:/Users/liaderlich/.gradle/caches/modules-2/files-2.1/org.jcraft/jorbis/0.0.17/8872d22b293e8f5d7d56ff92be966e6dc28ebdc6/jorbis-0.0.17.jar:/Users/liaderlich/.gradle/caches/modules-2/files-2.1/org.lwjgl.lwjgl/lwjgl-platform/2.9.2/510c7d317f5e9e700b9cfaac5fd38bdebf0702e0/lwjgl-platform-2.9.2-natives-windows.jar:/Users/liaderlich/.gradle/caches/modules-2/files-2.1/org.lwjgl.lwjgl/lwjgl-platform/2.9.2/d276cdf61fe2b516c7b7f4aa1b8dea91dbdc8d56/lwjgl-platform-2.9.2-natives-linux.jar:/Users/liaderlich/.gradle/caches/modules-2/files-2.1/org.lwjgl.lwjgl/lwjgl-platform/2.9.2/d55b46b40b40249d627a83a7f7f22649709d70c3/lwjgl-
Launcher Type: SUN_STANDARD

Environment Variables:
PATH=/usr/bin:/bin:/usr/sbin:/sbin
SHELL=/bin/bash

Signal Handlers:
SIGSEGV: [libjvm.dylib+0x5b1141], sa_mask[0]=11111111011111110111111111111111, sa_flags=SA_ONSTACK|SA_RESTART|SA_SIGINFO
SIGBUS: [libjvm.dylib+0x5b1141], sa_mask[0]=11111111011111110111111111111111, sa_flags=SA_RESTART|SA_SIGINFO
SIGFPE: [libjvm.dylib+0x487bc4], sa_mask[0]=11111111011111110111111111111111, sa_flags=SA_RESTART|SA_SIGINFO
SIGPIPE: [libjvm.dylib+0x487bc4], sa_mask[0]=11111111011111110111111111111111, sa_flags=SA_RESTART|SA_SIGINFO
SIGXFSZ: [libjvm.dylib+0x487bc4], sa_mask[0]=11111111011111110111111111111111, sa_flags=SA_RESTART|SA_SIGINFO
SIGILL: [libjvm.dylib+0x487bc4], sa_mask[0]=11111111011111110111111111111111, sa_flags=SA_RESTART|SA_SIGINFO
SIGUSR1: SIG_DFL, sa_mask[0]=00000000000000000000000000000000, sa_flags=SA_RESTART
SIGUSR2: [libjvm.dylib+0x4876e2], sa_mask[0]=00100000000000000000000000000000, sa_flags=SA_RESTART|SA_SIGINFO
SIGHUP: [libjvm.dylib+0x485cb9], sa_mask[0]=11111111011111110111111111111111, sa_flags=SA_RESTART|SA_SIGINFO
SIGINT: [libjvm.dylib+0x485cb9], sa_mask[0]=11111111011111110111111111111111, sa_flags=SA_RESTART|SA_SIGINFO
SIGTERM: [libjvm.dylib+0x485cb9], sa_mask[0]=11111111011111110111111111111111, sa_flags=SA_RESTART|SA_SIGINFO
SIGQUIT: [libjvm.dylib+0x485cb9], sa_mask[0]=11111111011111110111111111111111, sa_flags=SA_RESTART|SA_SIGINFO


---------------  S Y S T E M  ---------------

OS:Bsduname:Darwin 12.5.0 Darwin Kernel Version 12.5.0: Sun Sep 29 13:33:47 PDT 2013; root:xnu-2050.48.12~1/RELEASE_X86_64 x86_64
rlimit: STACK 8192k, CORE 0k, NPROC 709, NOFILE 10240, AS infinity
load average:2.18 2.64 2.71

CPU:total 4 (2 cores per cpu, 2 threads per core) family 6 model 58 stepping 9, cmov, cx8, fxsr, mmx, sse, sse2, sse3, ssse3, sse4.1, sse4.2, popcnt, avx, aes, clmul, erms, ht, tsc, tscinvbit, tscinv

Memory: 4k page, physical 4194304k(81304k free)

/proc/meminfo:


vm_info: Java HotSpot(TM) 64-Bit Server VM (25.121-b13) for bsd-amd64 JRE (1.8.0_121-b13), built on Dec 12 2016 20:39:32 by "java_re" with gcc 4.2.1 (Based on Apple Inc. build 5658) (LLVM build 2336.11.00)

time: Tue Apr 25 15:25:32 2017
elapsed time: 19 seconds (0d 0h 0m 19s)

