#
# A fatal error has been detected by the Java Runtime Environment:
#
#  SIGSEGV (0xb) at pc=0x00007fff89d13250, pid=9289, tid=0x0000000000001007
#
# JRE version: Java(TM) SE Runtime Environment (8.0_121-b13) (build 1.8.0_121-b13)
# Java VM: Java HotSpot(TM) 64-Bit Server VM (25.121-b13 mixed mode bsd-amd64 compressed oops)
# Problematic frame:
# C  [libobjc.A.dylib+0x6250]  objc_msgSend+0x10
#
# Failed to write core dump. Core dumps have been disabled. To enable core dumping, try "ulimit -c unlimited" before starting Java again
#
# If you would like to submit a bug report, please visit:
#   http://bugreport.java.com/bugreport/crash.jsp
# The crash happened outside the Java Virtual Machine in native code.
# See problematic frame for where to report the bug.
#

---------------  T H R E A D  ---------------

Current thread (0x00007feb719df000):  JavaThread "AppKit Thread" daemon [_thread_in_native, id=4103, stack(0x00007fff52011000,0x00007fff52811000)]

siginfo: si_signo: 11 (SIGSEGV), si_code: 0 (unknown), si_addr: 0x0000000000000000

Registers:
RAX=0x45671e65e18a8b00, RBX=0x00007feb71066e80, RCX=0x00007feb708120f8, RDX=0x00000000a1a1a1a1
RSP=0x00007fff5280b280, RBP=0x00007fff5280b2b0, RSI=0x00007fff8fc6c527, RDI=0x00007feb71034e10
R8 =0x00007feb71254da0, R9 =0x00000000118de1c5, R10=0x00007feb7120b150, R11=0x9000000000000000
R12=0x00007feb7124ce00, R13=0x00007feb7106f640, R14=0x00007feb71034e10, R15=0x0000000000000000
RIP=0x00007fff89d13250, EFLAGS=0x0000000000010246, ERR=0x0000000000000000
  TRAPNO=0x000000000000000d

Top of Stack: (sp=0x00007fff5280b280)
0x00007fff5280b280:   45671e65e18a8b00 00000001a692e598
0x00007fff5280b290:   00007feb71066e80 00000001a6962c60
0x00007fff5280b2a0:   00007feb7106f640 00007feb7124eb00
0x00007fff5280b2b0:   00007fff5280b7f0 00007fff8f433ae3
0x00007fff5280b2c0:   0000000000000000 0000000000000000
0x00007fff5280b2d0:   4084000000000000 407e000000000000
0x00007fff5280b2e0:   0000000000000000 0000000000000000
0x00007fff5280b2f0:   4084000000000000 407e000000000000
0x00007fff5280b300:   402c000000000000 4030000000000000
0x00007fff5280b310:   001c000000000000 407e300000000000
0x00007fff5280b320:   00007fff8fc3293e 0030000000000001
0x00007fff5280b330:   0000000000000000 0000000000000000
0x00007fff5280b340:   00007feb71434970 407f600000000000
0x00007fff5280b350:   00007feb71068af0 00007fff5280b4d0
0x00007fff5280b360:   00007feb71066e80 00007fff00000000
0x00007fff5280b370:   401c000000000000 407e300000000000
0x00007fff5280b380:   00007fff5280b4c0 00007fff8f443038
0x00007fff5280b390:   401c000000000000 407e300000000000
0x00007fff5280b3a0:   402c000000000000 4030000000000000
0x00007fff5280b3b0:   00007fff5280b490 00007fff88107d2d
0x00007fff5280b3c0:   00007feb71068af0 00007feb71068af0
0x00007fff5280b3d0:   4084000000000000 407f600000000000
0x00007fff5280b3e0:   401c000000000000 407e300000000000
0x00007fff5280b3f0:   402c000000000000 4030000000000000
0x00007fff5280b400:   0000000000000000 0000000000000000
0x00007fff5280b410:   401c000000000000 407e300000000000
0x00007fff5280b420:   402c000000000000 4030000000000000
0x00007fff5280b430:   0000000000000000 0000000000000000
0x00007fff5280b440:   0000000000000000 0000000000000000
0x00007fff5280b450:   0000000000000000 0000000000000000
0x00007fff5280b460:   4084000000000000 0000000000000000
0x00007fff5280b470:   00007feb7106e260 0000000000000000 

Instructions: (pc=0x00007fff89d13250)
0x00007fff89d13230:   90 90 90 90 90 90 90 90 90 90 90 90 90 90 90 90
0x00007fff89d13240:   48 85 ff 74 2b 40 f6 c7 01 2e 75 3b 4c 8b 1f 50
0x00007fff89d13250:   4d 8b 53 10 89 f0 41 23 02 4d 8b 5c c2 10 ff c0
0x00007fff89d13260:   4d 85 db 74 36 49 3b 33 75 ec 58 41 ff 63 10 90 

Register to memory mapping:

RAX=0x45671e65e18a8b00 is an unknown value
RBX=0x00007feb71066e80 is an unknown value
RCX=0x00007feb708120f8 is an unknown value
RDX=0x00000000a1a1a1a1 is an unknown value
RSP=0x00007fff5280b280 is pointing into the stack for thread: 0x00007feb719df000
RBP=0x00007fff5280b2b0 is pointing into the stack for thread: 0x00007feb719df000
RSI=0x00007fff8fc6c527: NSAppKitVersionNumber+0x4f947 in /System/Library/Frameworks/AppKit.framework/Versions/C/AppKit at 0x00007fff8f2a0000
RDI=0x00007feb71034e10 is an unknown value
R8 =0x00007feb71254da0 is an unknown value
R9 =0x00000000118de1c5 is an unknown value
R10=0x00007feb7120b150 is an unknown value
R11=0x9000000000000000 is an unknown value
R12=0x00007feb7124ce00 is an unknown value
R13=0x00007feb7106f640 is an unknown value
R14=0x00007feb71034e10 is an unknown value
R15=0x0000000000000000 is an unknown value


Stack: [0x00007fff52011000,0x00007fff52811000],  sp=0x00007fff5280b280,  free space=8168k
Native frames: (J=compiled Java code, j=interpreted, Vv=VM code, C=native code)
C  [libobjc.A.dylib+0x6250]  objc_msgSend+0x10
C  [AppKit+0x193ae3]  -[NSView _recursiveDisplayRectIfNeededIgnoringOpacity:isVisibleRect:rectIsVisibleRectForView:topView:]+0x722
C  [AppKit+0x194a44]  -[NSView _recursiveDisplayRectIfNeededIgnoringOpacity:isVisibleRect:rectIsVisibleRectForView:topView:]+0x1683
C  [AppKit+0x193143]  -[NSThemeFrame _recursiveDisplayRectIfNeededIgnoringOpacity:isVisibleRect:rectIsVisibleRectForView:topView:]+0x13a
C  [AppKit+0x18ed6d]  -[NSView _displayRectIgnoringOpacity:isVisibleRect:rectIsVisibleRectForView:]+0x1243
C  [AppKit+0x158c93]  -[NSView displayIfNeeded]+0x726
C  [AppKit+0x1581cc]  _handleWindowNeedsDisplayOrLayoutOrUpdateConstraints+0x2e2
C  [Foundation+0x74463]  __NSFireTimer+0x60
C  [CoreFoundation+0x50804]  __CFRUNLOOP_IS_CALLING_OUT_TO_A_TIMER_CALLBACK_FUNCTION__+0x14
C  [CoreFoundation+0x5031d]  __CFRunLoopDoTimer+0x22d
C  [CoreFoundation+0x35ad9]  __CFRunLoopRun+0x5f9
C  [CoreFoundation+0x350e2]  CFRunLoopRunSpecific+0x122
C  [HIToolbox+0x5feb4]  RunCurrentEventLoopInMode+0xd1
C  [HIToolbox+0x5fc52]  ReceiveNextEventCommon+0x164
C  [HIToolbox+0x5fae3]  BlockUntilNextEventMatchingListInMode+0x3e
C  [AppKit+0x155533]  _DPSNextEvent+0x2ad
C  [AppKit+0x154df2]  -[NSApplication nextEventMatchingMask:untilDate:inMode:dequeue:]+0x80
C  [libosxapp.dylib+0x23aa]  -[NSApplicationAWT nextEventMatchingMask:untilDate:inMode:dequeue:]+0x7c
C  [AppKit+0x14c1a3]  -[NSApplication run]+0x205
C  [libosxapp.dylib+0x214d]  +[NSApplicationAWT runAWTLoopWithApp:]+0x9c
C  [libawt_lwawt.dylib+0x45ff7]  -[AWTStarter starter:]+0x389
C  [Foundation+0x935ca]  __NSThreadPerformPerform+0xe1
C  [CoreFoundation+0x12b31]  __CFRUNLOOP_IS_CALLING_OUT_TO_A_SOURCE0_PERFORM_FUNCTION__+0x11
C  [CoreFoundation+0x12455]  __CFRunLoopDoSources0+0xf5
C  [CoreFoundation+0x357f5]  __CFRunLoopRun+0x315
C  [CoreFoundation+0x350e2]  CFRunLoopRunSpecific+0x122
C  [java+0x6465]  CreateExecutionEnvironment+0x367
C  [java+0x218c]  JLI_Launch+0x7a0
C  [java+0x84c2]  main+0x65
C  [java+0x19e4]  start+0x34
C  0x0000000000000005


---------------  P R O C E S S  ---------------

Java Threads: ( => current thread )
  0x00007feb709ec800 JavaThread "AWT-Shutdown" [_thread_blocked, id=30215, stack(0x00000001a4107000,0x00000001a4207000)]
  0x00007feb7097a000 JavaThread "DestroyJavaVM" [_thread_blocked, id=6659, stack(0x000000010e4c0000,0x000000010e5c0000)]
  0x00007feb70979800 JavaThread "LWJGL Application" [_thread_in_native, id=54019, stack(0x00000001a6c89000,0x00000001a6d89000)]
=>0x00007feb719df000 JavaThread "AppKit Thread" daemon [_thread_in_native, id=4103, stack(0x00007fff52011000,0x00007fff52811000)]
  0x00007feb72022800 JavaThread "Service Thread" daemon [_thread_blocked, id=24067, stack(0x00000001a298e000,0x00000001a2a8e000)]
  0x00007feb72026800 JavaThread "C1 CompilerThread2" daemon [_thread_blocked, id=23555, stack(0x00000001a288b000,0x00000001a298b000)]
  0x00007feb71821000 JavaThread "C2 CompilerThread1" daemon [_thread_blocked, id=23043, stack(0x00000001a2788000,0x00000001a2888000)]
  0x00007feb7281b000 JavaThread "C2 CompilerThread0" daemon [_thread_blocked, id=22531, stack(0x00000001a2685000,0x00000001a2785000)]
  0x00007feb72001800 JavaThread "Signal Dispatcher" daemon [_thread_blocked, id=22019, stack(0x00000001a2582000,0x00000001a2682000)]
  0x00007feb70813000 JavaThread "Finalizer" daemon [_thread_blocked, id=17155, stack(0x00000001a22bb000,0x00000001a23bb000)]
  0x00007feb7200f000 JavaThread "Reference Handler" daemon [_thread_blocked, id=16643, stack(0x00000001a21b8000,0x00000001a22b8000)]

Other Threads:
  0x00007feb71818000 VMThread [stack: 0x00000001a20b5000,0x00000001a21b5000] [id=16131]
  0x00007feb71823000 WatcherThread [stack: 0x00000001a2a91000,0x00000001a2b91000] [id=24579]

VM state:not at safepoint (normal execution)

VM Mutex/Monitor currently owned by a thread: None

Heap:
 PSYoungGen      total 18944K, used 8053K [0x0000000148900000, 0x0000000149e00000, 0x000000015de00000)
  eden space 16384K, 33% used [0x0000000148900000,0x0000000148e5d9f0,0x0000000149900000)
  from space 2560K, 99% used [0x0000000149900000,0x0000000149b7fb20,0x0000000149b80000)
  to   space 2560K, 0% used [0x0000000149b80000,0x0000000149b80000,0x0000000149e00000)
 ParOldGen       total 44032K, used 448K [0x000000011de00000, 0x0000000120900000, 0x0000000148900000)
  object space 44032K, 1% used [0x000000011de00000,0x000000011de703f0,0x0000000120900000)
 Metaspace       used 8981K, capacity 9155K, committed 9472K, reserved 1058816K
  class space    used 875K, capacity 952K, committed 1024K, reserved 1048576K

Card table byte_map: [0x000000015de00000,0x000000015e001000] byte_map_base: 0x000000015d511000

Marking Bits: (ParMarkBitMap*) 0x000000010de0dd30
 Begin Bits: [0x000000015e40d000, 0x000000015f40d000)
 End Bits:   [0x000000015f40d000, 0x000000016040d000)

Polling page: 0x000000010e605000

CodeCache: size=245760Kb used=3976Kb max_used=3987Kb free=241783Kb
 bounds [0x000000010e69b000, 0x000000010ea8b000, 0x000000011d69b000]
 total_blobs=1471 nmethods=1027 adapters=358
 compilation: enabled

Compilation events (10 events):
Event: 6.768 Thread 0x00007feb72026800 1023       3       java.util.IdentityHashMap::isEmpty (13 bytes)
Event: 6.769 Thread 0x00007feb72026800 nmethod 1023 0x000000010ea786d0 code [0x000000010ea78840, 0x000000010ea789f0]
Event: 6.769 Thread 0x00007feb72026800 1024       3       java.util.HashSet::isEmpty (8 bytes)
Event: 6.769 Thread 0x00007feb72026800 nmethod 1024 0x000000010ea78210 code [0x000000010ea78380, 0x000000010ea78610]
Event: 7.222 Thread 0x00007feb72026800 1025       3       org.lwjgl.opengl.Display::getHeight (30 bytes)
Event: 7.223 Thread 0x00007feb72026800 nmethod 1025 0x000000010ea7b350 code [0x000000010ea7b500, 0x000000010ea7bc08]
Event: 7.256 Thread 0x00007feb72026800 1026   !   3       org.lwjgl.input.Mouse::next (235 bytes)
Event: 7.259 Thread 0x00007feb72026800 nmethod 1026 0x000000010ea7eb10 code [0x000000010ea7ee20, 0x000000010ea80668]
Event: 7.565 Thread 0x00007feb7281b000 1027       4       java.nio.DirectByteBuffer::put (18 bytes)
Event: 7.566 Thread 0x00007feb7281b000 nmethod 1027 0x000000010ea32a50 code [0x000000010ea32ba0, 0x000000010ea32c58]

GC Heap History (2 events):
Event: 1.257 GC heap before
{Heap before GC invocations=1 (full 0):
 PSYoungGen      total 18944K, used 15436K [0x0000000148900000, 0x0000000149e00000, 0x000000015de00000)
  eden space 16384K, 94% used [0x0000000148900000,0x0000000149813390,0x0000000149900000)
  from space 2560K, 0% used [0x0000000149b80000,0x0000000149b80000,0x0000000149e00000)
  to   space 2560K, 0% used [0x0000000149900000,0x0000000149900000,0x0000000149b80000)
 ParOldGen       total 44032K, used 0K [0x000000011de00000, 0x0000000120900000, 0x0000000148900000)
  object space 44032K, 0% used [0x000000011de00000,0x000000011de00000,0x0000000120900000)
 Metaspace       used 8287K, capacity 8451K, committed 8576K, reserved 1056768K
  class space    used 817K, capacity 888K, committed 896K, reserved 1048576K
Event: 1.264 GC heap after
Heap after GC invocations=1 (full 0):
 PSYoungGen      total 18944K, used 2558K [0x0000000148900000, 0x0000000149e00000, 0x000000015de00000)
  eden space 16384K, 0% used [0x0000000148900000,0x0000000148900000,0x0000000149900000)
  from space 2560K, 99% used [0x0000000149900000,0x0000000149b7fb20,0x0000000149b80000)
  to   space 2560K, 0% used [0x0000000149b80000,0x0000000149b80000,0x0000000149e00000)
 ParOldGen       total 44032K, used 448K [0x000000011de00000, 0x0000000120900000, 0x0000000148900000)
  object space 44032K, 1% used [0x000000011de00000,0x000000011de703f0,0x0000000120900000)
 Metaspace       used 8287K, capacity 8451K, committed 8576K, reserved 1056768K
  class space    used 817K, capacity 888K, committed 896K, reserved 1048576K
}

Deoptimization events (10 events):
Event: 1.199 Thread 0x00007feb70979800 Uncommon trap: reason=class_check action=maybe_recompile pc=0x000000010e8fc418 method=com.badlogic.gdx.assets.AssetLoadingTask.handleAsyncLoader()V @ 4
Event: 1.199 Thread 0x00007feb70979800 Uncommon trap: reason=class_check action=maybe_recompile pc=0x000000010e900fbc method=com.badlogic.gdx.assets.AssetLoadingTask.handleAsyncLoader()V @ 4
Event: 1.200 Thread 0x00007feb70979800 Uncommon trap: reason=class_check action=maybe_recompile pc=0x000000010e8fd3bc method=com.badlogic.gdx.assets.AssetLoadingTask.handleAsyncLoader()V @ 4
Event: 1.200 Thread 0x00007feb70979800 Uncommon trap: reason=class_check action=maybe_recompile pc=0x000000010e8f8dc0 method=com.badlogic.gdx.assets.AssetLoadingTask.handleAsyncLoader()V @ 4
Event: 1.223 Thread 0x00007feb70979800 Uncommon trap: reason=unstable_if action=reinterpret pc=0x000000010e92efbc method=java.util.concurrent.FutureTask.isDone()Z @ 4
Event: 1.223 Thread 0x00007feb70979800 Uncommon trap: reason=unstable_if action=reinterpret pc=0x000000010e93e888 method=com.badlogic.gdx.assets.AssetLoadingTask.handleAsyncLoader()V @ 12
Event: 1.223 Thread 0x00007feb70979800 Uncommon trap: reason=unstable_if action=reinterpret pc=0x000000010e926cac method=com.badlogic.gdx.assets.AssetLoadingTask.handleAsyncLoader()V @ 12
Event: 1.251 Thread 0x00007feb72a03000 Uncommon trap: reason=unstable_if action=reinterpret pc=0x000000010e932c14 method=java.util.regex.Pattern$Start.match(Ljava/util/regex/Matcher;ILjava/lang/CharSequence;)Z @ 10
Event: 1.254 Thread 0x00007feb70979800 Uncommon trap: reason=unstable_if action=reinterpret pc=0x000000010e938394 method=com.badlogic.gdx.assets.AssetLoadingTask.handleAsyncLoader()V @ 12
Event: 1.454 Thread 0x00007feb70979800 Uncommon trap: reason=unstable_if action=reinterpret pc=0x000000010e96b4d8 method=com.badlogic.gdx.assets.AssetManager.finishLoading()V @ 13

Internal exceptions (10 events):
Event: 0.498 Thread 0x00007feb71804800 Exception <a 'java/lang/NoSuchFieldError': method resolution failed> (0x0000000148d7afa0) thrown at [/Users/java_re/workspace/8-2-build-macosx-x86_64/jdk8u121/8372/hotspot/src/share/vm/prims/methodHandles.cpp, line 1146]
Event: 0.501 Thread 0x00007feb71804800 Exception <a 'java/lang/NoSuchFieldError': method resolution failed> (0x0000000148d88768) thrown at [/Users/java_re/workspace/8-2-build-macosx-x86_64/jdk8u121/8372/hotspot/src/share/vm/prims/methodHandles.cpp, line 1146]
Event: 0.626 Thread 0x00007feb71804800 Exception <a 'java/io/FileNotFoundException'> (0x0000000148e03208) thrown at [/Users/java_re/workspace/8-2-build-macosx-x86_64/jdk8u121/8372/hotspot/src/share/vm/prims/jni.cpp, line 709]
Event: 0.626 Thread 0x00007feb71804800 Exception <a 'java/io/FileNotFoundException'> (0x0000000148e03d90) thrown at [/Users/java_re/workspace/8-2-build-macosx-x86_64/jdk8u121/8372/hotspot/src/share/vm/prims/jni.cpp, line 709]
Event: 0.656 Thread 0x00007feb71804800 Exception <a 'java/security/PrivilegedActionException'> (0x0000000148e1a360) thrown at [/Users/java_re/workspace/8-2-build-macosx-x86_64/jdk8u121/8372/hotspot/src/share/vm/prims/jvm.cpp, line 1390]
Event: 0.656 Thread 0x00007feb71804800 Exception <a 'java/security/PrivilegedActionException'> (0x0000000148e1bf48) thrown at [/Users/java_re/workspace/8-2-build-macosx-x86_64/jdk8u121/8372/hotspot/src/share/vm/prims/jvm.cpp, line 1390]
Event: 0.656 Thread 0x00007feb71804800 Exception <a 'java/security/PrivilegedActionException'> (0x0000000148e1d068) thrown at [/Users/java_re/workspace/8-2-build-macosx-x86_64/jdk8u121/8372/hotspot/src/share/vm/prims/jvm.cpp, line 1390]
Event: 0.657 Thread 0x00007feb71804800 Exception <a 'java/security/PrivilegedActionException'> (0x0000000148e741f8) thrown at [/Users/java_re/workspace/8-2-build-macosx-x86_64/jdk8u121/8372/hotspot/src/share/vm/prims/jvm.cpp, line 1390]
Event: 0.657 Thread 0x00007feb71804800 Exception <a 'java/security/PrivilegedActionException'> (0x0000000148e74e50) thrown at [/Users/java_re/workspace/8-2-build-macosx-x86_64/jdk8u121/8372/hotspot/src/share/vm/prims/jvm.cpp, line 1390]
Event: 0.657 Thread 0x00007feb71804800 Exception <a 'java/security/PrivilegedActionException'> (0x0000000148e75a78) thrown at [/Users/java_re/workspace/8-2-build-macosx-x86_64/jdk8u121/8372/hotspot/src/share/vm/prims/jvm.cpp, line 1390]

Events (10 events):
Event: 6.335 Thread 0x00007feb709ec800 Thread added: 0x00007feb709ec800
Event: 6.356 loading class com/badlogic/gdx/backends/lwjgl/LwjglInput$TouchEvent
Event: 6.356 loading class com/badlogic/gdx/backends/lwjgl/LwjglInput$TouchEvent done
Event: 7.556 loading class com/badlogic/gdx/backends/lwjgl/LwjglApplication$2
Event: 7.556 loading class com/badlogic/gdx/backends/lwjgl/LwjglApplication$2 done
Event: 7.557 loading class com/badlogic/gdx/utils/ObjectMap$Keys
Event: 7.557 loading class com/badlogic/gdx/utils/ObjectMap$Keys done
Event: 7.561 Thread 0x00007feb72a03000 Thread exited: 0x00007feb72a03000
Event: 7.563 loading class org/lwjgl/opengl/CallbackUtil
Event: 7.563 loading class org/lwjgl/opengl/CallbackUtil done


Dynamic libraries:
0x0000000004ca3000 	/System/Library/Frameworks/Cocoa.framework/Versions/A/Cocoa
0x0000000004ca3000 	/System/Library/Frameworks/Security.framework/Versions/A/Security
0x0000000004ca3000 	/System/Library/Frameworks/ApplicationServices.framework/Versions/A/ApplicationServices
0x0000000004ca3000 	/usr/lib/libz.1.dylib
0x0000000004ca3000 	/usr/lib/libSystem.B.dylib
0x0000000004ca3000 	/usr/lib/libobjc.A.dylib
0x0000000004ca3000 	/System/Library/Frameworks/CoreFoundation.framework/Versions/A/CoreFoundation
0x0000000004ca3000 	/System/Library/Frameworks/Foundation.framework/Versions/C/Foundation
0x0000000004ca3000 	/System/Library/Frameworks/AppKit.framework/Versions/C/AppKit
0x0000000004ca3000 	/System/Library/Frameworks/CoreData.framework/Versions/A/CoreData
0x0000000004ca3000 	/System/Library/PrivateFrameworks/RemoteViewServices.framework/Versions/A/RemoteViewServices
0x0000000004ca3000 	/System/Library/Frameworks/AudioToolbox.framework/Versions/A/AudioToolbox
0x0000000004ca3000 	/System/Library/Frameworks/AudioUnit.framework/Versions/A/AudioUnit
0x0000000004ca3000 	/System/Library/PrivateFrameworks/DataDetectorsCore.framework/Versions/A/DataDetectorsCore
0x0000000004ca3000 	/System/Library/PrivateFrameworks/DesktopServicesPriv.framework/Versions/A/DesktopServicesPriv
0x0000000004ca3000 	/System/Library/Frameworks/Carbon.framework/Versions/A/Frameworks/HIToolbox.framework/Versions/A/HIToolbox
0x0000000004ca3000 	/System/Library/Frameworks/QuartzCore.framework/Versions/A/QuartzCore
0x0000000004ca3000 	/System/Library/Frameworks/Carbon.framework/Versions/A/Frameworks/SpeechRecognition.framework/Versions/A/SpeechRecognition
0x0000000004ca3000 	/usr/lib/libauto.dylib
0x0000000004ca3000 	/usr/lib/libicucore.A.dylib
0x0000000004ca3000 	/usr/lib/libxml2.2.dylib
0x0000000004ca3000 	/System/Library/PrivateFrameworks/CoreUI.framework/Versions/A/CoreUI
0x0000000004ca3000 	/System/Library/Frameworks/CoreAudio.framework/Versions/A/CoreAudio
0x0000000004ca3000 	/System/Library/Frameworks/DiskArbitration.framework/Versions/A/DiskArbitration
0x0000000004ca3000 	/usr/lib/liblangid.dylib
0x0000000004ca3000 	/System/Library/PrivateFrameworks/MultitouchSupport.framework/Versions/A/MultitouchSupport
0x0000000004ca3000 	/System/Library/Frameworks/IOKit.framework/Versions/A/IOKit
0x0000000004ca3000 	/usr/lib/libDiagnosticMessagesClient.dylib
0x0000000004ca3000 	/System/Library/Frameworks/CoreServices.framework/Versions/A/CoreServices
0x0000000004ca3000 	/System/Library/PrivateFrameworks/PerformanceAnalysis.framework/Versions/A/PerformanceAnalysis
0x0000000004ca3000 	/System/Library/PrivateFrameworks/GenerationalStorage.framework/Versions/A/GenerationalStorage
0x0000000004ca3000 	/System/Library/Frameworks/OpenGL.framework/Versions/A/OpenGL
0x0000000004ca3000 	/System/Library/Frameworks/CoreText.framework/Versions/A/CoreText
0x0000000004ca3000 	/System/Library/Frameworks/ImageIO.framework/Versions/A/ImageIO
0x0000000004ca3000 	/System/Library/PrivateFrameworks/Backup.framework/Versions/A/Backup
0x0000000004ca3000 	/System/Library/Frameworks/CFNetwork.framework/Versions/A/CFNetwork
0x0000000004ca3000 	/System/Library/Frameworks/SystemConfiguration.framework/Versions/A/SystemConfiguration
0x0000000004ca3000 	/usr/lib/libCRFSuite.dylib
0x0000000004ca3000 	/System/Library/PrivateFrameworks/TCC.framework/Versions/A/TCC
0x0000000004ca3000 	/usr/lib/libc++.1.dylib
0x0000000004ca3000 	/usr/lib/libc++abi.dylib
0x0000000004ca3000 	/usr/lib/system/libcache.dylib
0x0000000004ca3000 	/usr/lib/system/libcommonCrypto.dylib
0x0000000004ca3000 	/usr/lib/system/libcompiler_rt.dylib
0x0000000004ca3000 	/usr/lib/system/libcopyfile.dylib
0x0000000004ca3000 	/usr/lib/system/libdispatch.dylib
0x0000000004ca3000 	/usr/lib/system/libdnsinfo.dylib
0x0000000004ca3000 	/usr/lib/system/libdyld.dylib
0x0000000004ca3000 	/usr/lib/system/libkeymgr.dylib
0x0000000004ca3000 	/usr/lib/system/liblaunch.dylib
0x0000000004ca3000 	/usr/lib/system/libmacho.dylib
0x0000000004ca3000 	/usr/lib/system/libquarantine.dylib
0x0000000004ca3000 	/usr/lib/system/libremovefile.dylib
0x0000000004ca3000 	/usr/lib/system/libsystem_blocks.dylib
0x0000000004ca3000 	/usr/lib/system/libsystem_c.dylib
0x0000000004ca3000 	/usr/lib/system/libsystem_dnssd.dylib
0x0000000004ca3000 	/usr/lib/system/libsystem_info.dylib
0x0000000004ca3000 	/usr/lib/system/libsystem_kernel.dylib
0x0000000004ca3000 	/usr/lib/system/libsystem_m.dylib
0x0000000004ca3000 	/usr/lib/system/libsystem_network.dylib
0x0000000004ca3000 	/usr/lib/system/libsystem_notify.dylib
0x0000000004ca3000 	/usr/lib/system/libsystem_sandbox.dylib
0x0000000004ca3000 	/usr/lib/system/libunc.dylib
0x0000000004ca3000 	/usr/lib/system/libunwind.dylib
0x0000000004ca3000 	/usr/lib/system/libxpc.dylib
0x0000000004ca3000 	/usr/lib/system/libcorecrypto.dylib
0x0000000004ca3000 	/usr/lib/libstdc++.6.dylib
0x0000000004ca3000 	/usr/lib/libbsm.0.dylib
0x0000000004ca3000 	/usr/lib/libsqlite3.dylib
0x0000000004ca3000 	/usr/lib/libxar.1.dylib
0x0000000004ca3000 	/usr/lib/libpam.2.dylib
0x0000000004ca3000 	/usr/lib/libOpenScriptingUtil.dylib
0x0000000004ca3000 	/usr/lib/libbz2.1.0.dylib
0x0000000004ca3000 	/System/Library/Frameworks/CoreServices.framework/Versions/A/Frameworks/CarbonCore.framework/Versions/A/CarbonCore
0x0000000004ca3000 	/System/Library/Frameworks/CoreServices.framework/Versions/A/Frameworks/Metadata.framework/Versions/A/Metadata
0x0000000004ca3000 	/System/Library/Frameworks/CoreServices.framework/Versions/A/Frameworks/OSServices.framework/Versions/A/OSServices
0x0000000004ca3000 	/System/Library/Frameworks/CoreServices.framework/Versions/A/Frameworks/SearchKit.framework/Versions/A/SearchKit
0x0000000004ca3000 	/System/Library/Frameworks/CoreServices.framework/Versions/A/Frameworks/AE.framework/Versions/A/AE
0x0000000004ca3000 	/System/Library/Frameworks/CoreServices.framework/Versions/A/Frameworks/LaunchServices.framework/Versions/A/LaunchServices
0x0000000004ca3000 	/System/Library/Frameworks/CoreServices.framework/Versions/A/Frameworks/DictionaryServices.framework/Versions/A/DictionaryServices
0x0000000004ca3000 	/System/Library/Frameworks/NetFS.framework/Versions/A/NetFS
0x0000000004ca3000 	/usr/lib/system/libkxld.dylib
0x0000000004ca3000 	/System/Library/PrivateFrameworks/NetAuth.framework/Versions/A/NetAuth
0x0000000004ca3000 	/System/Library/Frameworks/OpenDirectory.framework/Versions/A/Frameworks/CFOpenDirectory.framework/Versions/A/CFOpenDirectory
0x0000000004ca3000 	/usr/lib/libxslt.1.dylib
0x0000000004ca3000 	/System/Library/PrivateFrameworks/FamilyControls.framework/Versions/A/FamilyControls
0x0000000004ca3000 	/System/Library/Frameworks/Carbon.framework/Versions/A/Frameworks/Ink.framework/Versions/A/Ink
0x0000000004ca3000 	/System/Library/Frameworks/ApplicationServices.framework/Versions/A/Frameworks/CoreGraphics.framework/Versions/A/CoreGraphics
0x0000000004ca3000 	/System/Library/Frameworks/ApplicationServices.framework/Versions/A/Frameworks/ATS.framework/Versions/A/ATS
0x0000000004ca3000 	/System/Library/Frameworks/ApplicationServices.framework/Versions/A/Frameworks/ColorSync.framework/Versions/A/ColorSync
0x0000000004ca3000 	/System/Library/Frameworks/ApplicationServices.framework/Versions/A/Frameworks/HIServices.framework/Versions/A/HIServices
0x0000000004ca3000 	/System/Library/Frameworks/ApplicationServices.framework/Versions/A/Frameworks/LangAnalysis.framework/Versions/A/LangAnalysis
0x0000000004ca3000 	/System/Library/Frameworks/ApplicationServices.framework/Versions/A/Frameworks/PrintCore.framework/Versions/A/PrintCore
0x0000000004ca3000 	/System/Library/Frameworks/ApplicationServices.framework/Versions/A/Frameworks/QD.framework/Versions/A/QD
0x0000000004ca3000 	/System/Library/Frameworks/ApplicationServices.framework/Versions/A/Frameworks/SpeechSynthesis.framework/Versions/A/SpeechSynthesis
0x0000000004ca3000 	/System/Library/Frameworks/IOSurface.framework/Versions/A/IOSurface
0x0000000004ca3000 	/System/Library/Frameworks/Accelerate.framework/Versions/A/Accelerate
0x0000000004ca3000 	/System/Library/Frameworks/ApplicationServices.framework/Versions/A/Frameworks/ATS.framework/Versions/A/Resources/libFontParser.dylib
0x0000000004ca3000 	/System/Library/Frameworks/ApplicationServices.framework/Versions/A/Frameworks/ATS.framework/Versions/A/Resources/libFontRegistry.dylib
0x0000000004ca3000 	/System/Library/Frameworks/Accelerate.framework/Versions/A/Frameworks/vImage.framework/Versions/A/vImage
0x0000000004ca3000 	/System/Library/Frameworks/Accelerate.framework/Versions/A/Frameworks/vecLib.framework/Versions/A/vecLib
0x0000000004ca3000 	/System/Library/Frameworks/Accelerate.framework/Versions/A/Frameworks/vecLib.framework/Versions/A/libvDSP.dylib
0x0000000004ca3000 	/System/Library/Frameworks/Accelerate.framework/Versions/A/Frameworks/vecLib.framework/Versions/A/libvMisc.dylib
0x0000000004ca3000 	/System/Library/Frameworks/Accelerate.framework/Versions/A/Frameworks/vecLib.framework/Versions/A/libLAPACK.dylib
0x0000000004ca3000 	/System/Library/Frameworks/Accelerate.framework/Versions/A/Frameworks/vecLib.framework/Versions/A/libBLAS.dylib
0x0000000004ca3000 	/System/Library/Frameworks/ImageIO.framework/Versions/A/Resources/libJPEG.dylib
0x0000000004ca3000 	/System/Library/Frameworks/ImageIO.framework/Versions/A/Resources/libTIFF.dylib
0x0000000004ca3000 	/System/Library/Frameworks/ImageIO.framework/Versions/A/Resources/libPng.dylib
0x0000000004ca3000 	/System/Library/Frameworks/ImageIO.framework/Versions/A/Resources/libGIF.dylib
0x0000000004ca3000 	/System/Library/Frameworks/ImageIO.framework/Versions/A/Resources/libJP2.dylib
0x0000000004ca3000 	/System/Library/Frameworks/ImageIO.framework/Versions/A/Resources/libRadiance.dylib
0x0000000004ca3000 	/usr/lib/libcups.2.dylib
0x0000000004ca3000 	/System/Library/Frameworks/Kerberos.framework/Versions/A/Kerberos
0x0000000004ca3000 	/System/Library/Frameworks/GSS.framework/Versions/A/GSS
0x0000000004ca3000 	/usr/lib/libresolv.9.dylib
0x0000000004ca3000 	/usr/lib/libiconv.2.dylib
0x0000000004ca3000 	/System/Library/PrivateFrameworks/Heimdal.framework/Versions/A/Heimdal
0x0000000004ca3000 	/System/Library/PrivateFrameworks/TrustEvaluationAgent.framework/Versions/A/TrustEvaluationAgent
0x0000000004ca3000 	/System/Library/Frameworks/OpenDirectory.framework/Versions/A/OpenDirectory
0x0000000004ca3000 	/System/Library/PrivateFrameworks/CommonAuth.framework/Versions/A/CommonAuth
0x0000000004ca3000 	/System/Library/PrivateFrameworks/Bom.framework/Versions/A/Bom
0x0000000004ca3000 	/System/Library/Frameworks/CoreVideo.framework/Versions/A/CoreVideo
0x0000000004ca3000 	/System/Library/Frameworks/QuartzCore.framework/Versions/A/Frameworks/CoreImage.framework/Versions/A/CoreImage
0x0000000004ca3000 	/System/Library/Frameworks/QuartzCore.framework/Versions/A/Frameworks/ScalableUserInterface.framework/Versions/A/ScalableUserInterface
0x0000000004ca3000 	/System/Library/Frameworks/OpenGL.framework/Versions/A/Libraries/libGLU.dylib
0x0000000004ca3000 	/System/Library/Frameworks/OpenGL.framework/Versions/A/Libraries/libGFXShared.dylib
0x0000000004ca3000 	/System/Library/Frameworks/OpenGL.framework/Versions/A/Libraries/libGL.dylib
0x0000000004ca3000 	/System/Library/Frameworks/OpenGL.framework/Versions/A/Libraries/libGLImage.dylib
0x0000000004ca3000 	/System/Library/Frameworks/OpenGL.framework/Versions/A/Libraries/libCVMSPluginSupport.dylib
0x0000000004ca3000 	/System/Library/Frameworks/OpenGL.framework/Versions/A/Libraries/libCoreVMClient.dylib
0x0000000004ca3000 	/System/Library/PrivateFrameworks/CrashReporterSupport.framework/Versions/A/CrashReporterSupport
0x0000000004ca3000 	/System/Library/Frameworks/OpenCL.framework/Versions/A/OpenCL
0x0000000004ca3000 	/System/Library/PrivateFrameworks/FaceCoreLight.framework/Versions/A/FaceCoreLight
0x0000000004ca3000 	/System/Library/PrivateFrameworks/AppleFSCompression.framework/Versions/A/AppleFSCompression
0x0000000004ca3000 	/System/Library/PrivateFrameworks/Ubiquity.framework/Versions/A/Ubiquity
0x0000000004ca3000 	/System/Library/Frameworks/ServiceManagement.framework/Versions/A/ServiceManagement
0x0000000004ca3000 	/System/Library/PrivateFrameworks/ChunkingLibrary.framework/Versions/A/ChunkingLibrary
0x0000000004ca3000 	/System/Library/Frameworks/vecLib.framework/Versions/A/vecLib
0x0000000004ca3000 	/System/Library/Frameworks/SecurityFoundation.framework/Versions/A/SecurityFoundation
0x0000000004ca3000 	/System/Library/PrivateFrameworks/CommerceKit.framework/Versions/A/Frameworks/CommerceCore.framework/Versions/A/CommerceCore
0x0000000004ca3000 	/System/Library/PrivateFrameworks/CoreSymbolication.framework/Versions/A/CoreSymbolication
0x0000000004ca3000 	/System/Library/PrivateFrameworks/Symbolication.framework/Versions/A/Symbolication
0x0000000004ca3000 	/System/Library/PrivateFrameworks/DebugSymbols.framework/Versions/A/DebugSymbols
0x000000010d51d000 	/Library/Java/JavaVirtualMachines/jdk1.8.0_121.jdk/Contents/Home/jre/lib/server/libjvm.dylib
0x000000010e5c2000 	/Library/Java/JavaVirtualMachines/jdk1.8.0_121.jdk/Contents/Home/jre/lib/libverify.dylib
0x000000010e5d0000 	/Library/Java/JavaVirtualMachines/jdk1.8.0_121.jdk/Contents/Home/jre/lib/libjava.dylib
0x000000010e692000 	/Library/Java/JavaVirtualMachines/jdk1.8.0_121.jdk/Contents/Home/jre/lib/libzip.dylib
0x00000001a23bd000 	/System/Library/Frameworks/JavaVM.framework/Frameworks/JavaRuntimeSupport.framework/JavaRuntimeSupport
0x00000001a23d6000 	/System/Library/Frameworks/JavaVM.framework/Versions/A/Frameworks/JavaNativeFoundation.framework/Versions/A/JavaNativeFoundation
0x000000011dbee000 	/System/Library/Frameworks/JavaVM.framework/Versions/A/JavaVM
0x0000000004ca3000 	/System/Library/Frameworks/Carbon.framework/Versions/A/Carbon
0x00000001a23ec000 	/System/Library/PrivateFrameworks/JavaLaunching.framework/Versions/A/JavaLaunching
0x0000000004ca3000 	/System/Library/Frameworks/Carbon.framework/Versions/A/Frameworks/CommonPanels.framework/Versions/A/CommonPanels
0x0000000004ca3000 	/System/Library/Frameworks/Carbon.framework/Versions/A/Frameworks/Help.framework/Versions/A/Help
0x0000000004ca3000 	/System/Library/Frameworks/Carbon.framework/Versions/A/Frameworks/ImageCapture.framework/Versions/A/ImageCapture
0x0000000004ca3000 	/System/Library/Frameworks/Carbon.framework/Versions/A/Frameworks/OpenScripting.framework/Versions/A/OpenScripting
0x0000000004ca3000 	/System/Library/Frameworks/Carbon.framework/Versions/A/Frameworks/Print.framework/Versions/A/Print
0x0000000004ca3000 	/System/Library/Frameworks/Carbon.framework/Versions/A/Frameworks/SecurityHI.framework/Versions/A/SecurityHI
0x00000001a2be5000 	/private/var/folders/cl/40rj8v854dn3dwd1f2dr28c40000gn/T/libgdxliaderlich/6e213a1/libgdx64.dylib
0x00000001a2c2f000 	/Library/Java/JavaVirtualMachines/jdk1.8.0_121.jdk/Contents/Home/jre/lib/libawt.dylib
0x00000001a2cd7000 	/Library/Java/JavaVirtualMachines/jdk1.8.0_121.jdk/Contents/Home/jre/lib/./libmlib_image.dylib
0x00000001a2da3000 	/Library/Java/JavaVirtualMachines/jdk1.8.0_121.jdk/Contents/Home/jre/lib/libawt_lwawt.dylib
0x00000001a2e5a000 	/Library/Java/JavaVirtualMachines/jdk1.8.0_121.jdk/Contents/Home/jre/lib/./libosxapp.dylib
0x00000001a2e76000 	/System/Library/Frameworks/ExceptionHandling.framework/Versions/A/ExceptionHandling
0x0000000004ca3000 	/System/Library/PrivateFrameworks/CoreServicesInternal.framework/Versions/A/CoreServicesInternal
0x0000000004ca3000 	/System/Library/PrivateFrameworks/Librarian.framework/Versions/A/Librarian
0x0000000004ca3000 	/System/Library/Frameworks/ApplicationServices.framework/Versions/A/Frameworks/CoreGraphics.framework/Versions/A/Resources/libCSync.A.dylib
0x0000000004ca3000 	/System/Library/Frameworks/ApplicationServices.framework/Versions/A/Frameworks/CoreGraphics.framework/Versions/A/Resources/libRIP.A.dylib
0x0000000004ca3000 	/System/Library/Frameworks/ApplicationServices.framework/Versions/A/Frameworks/CoreGraphics.framework/Versions/A/Resources/libCGXType.A.dylib
0x00000001a68bd000 	/Library/Java/JavaVirtualMachines/jdk1.8.0_121.jdk/Contents/Home/jre/lib/libfontmanager.dylib
0x00000001a6924000 	/private/var/folders/cl/40rj8v854dn3dwd1f2dr28c40000gn/T/libgdxliaderlich/f7649394/liblwjgl.dylib
0x00000001a4259000 	/Library/Java/JavaVirtualMachines/jdk1.8.0_121.jdk/Contents/Home/jre/lib/libjawt.dylib
0x00000001a69a6000 	/var/folders/cl/40rj8v854dn3dwd1f2dr28c40000gn/T/libgdxliaderlich/f7649394/openal.dylib
0x0000000136a02000 	/System/Library/Components/CoreAudio.component/Contents/MacOS/CoreAudio
0x00000001a4285000 	/System/Library/Extensions/AppleHDA.kext/Contents/PlugIns/AppleHDAHALPlugIn.bundle/Contents/MacOS/AppleHDAHALPlugIn
0x00000001a6d8b000 	/System/Library/Frameworks/OpenGL.framework/Resources/GLEngine.bundle/GLEngine
0x00000001a6f80000 	/System/Library/Frameworks/OpenGL.framework/Versions/A/Libraries/libGLProgrammability.dylib
0x00000001a7128000 	/System/Library/Extensions/AppleIntelHD4000GraphicsGLDriver.bundle/Contents/MacOS/AppleIntelHD4000GraphicsGLDriver
0x00000001a428f000 	/System/Library/PrivateFrameworks/IOAccelerator.framework/Versions/A/IOAccelerator
0x00000001a7724000 	/System/Library/PrivateFrameworks/GPUSupport.framework/Versions/A/Libraries/libGPUSupportMercury.dylib
0x00000001a7b37000 	/System/Library/Frameworks/OpenGL.framework/Resources//GLRendererFloat.bundle/GLRendererFloat
0x00000001a429f000 	/System/Library/Frameworks/OpenCL.framework/Versions/A/Libraries/libcldcpuengine.dylib
0x0000000004ca3000 	/System/Library/PrivateFrameworks/DiskImages.framework/Versions/A/DiskImages
0x0000000004ca3000 	/System/Library/Frameworks/DiscRecording.framework/Versions/A/DiscRecording
0x0000000004ca3000 	/usr/lib/libcurl.4.dylib
0x0000000004ca3000 	/System/Library/PrivateFrameworks/MediaKit.framework/Versions/A/MediaKit
0x0000000004ca3000 	/usr/lib/libssl.0.9.8.dylib
0x0000000004ca3000 	/usr/lib/libcrypto.0.9.8.dylib
0x0000000004ca3000 	/System/Library/Frameworks/LDAP.framework/Versions/A/LDAP
0x0000000004ca3000 	/usr/lib/libsasl2.2.dylib

VM Arguments:
jvm_args: -Dfile.encoding=UTF-8 
java_command: com.mygdx.game.desktop.DesktopLauncher
java_class_path (initial): /Users/liaderlich/git/Runner-desktop/bin:/Users/liaderlich/git/Runner-core/bin:/Users/liaderlich/.gradle/caches/modules-2/files-2.1/com.badlogicgames.gdx/gdx/1.9.6/47d1e9b890e364ec28f128e9bb3b9a12a94c164/gdx-1.9.6.jar:/Users/liaderlich/.gradle/caches/modules-2/files-2.1/com.badlogicgames.gdx/gdx-box2d/1.9.6/c249ef4060a4fada952f278455c8f7b9cba3c18a/gdx-box2d-1.9.6.jar:/Users/liaderlich/.gradle/caches/modules-2/files-2.1/com.badlogicgames.gdx/gdx-backend-lwjgl/1.9.6/ee7c23636ee4a942d329579daecc3ec5e517fe4c/gdx-backend-lwjgl-1.9.6.jar:/Users/liaderlich/.gradle/caches/modules-2/files-2.1/com.badlogicgames.gdx/gdx-platform/1.9.6/6f84dd7a18dc68e4ec492dfbb0594f930babcf63/gdx-platform-1.9.6-natives-desktop.jar:/Users/liaderlich/.gradle/caches/modules-2/files-2.1/com.badlogicgames.gdx/gdx-box2d-platform/1.9.6/d7b6168f5afd3948fd126c0b248f66c49b73ca35/gdx-box2d-platform-1.9.6-natives-desktop.jar:/Users/liaderlich/.gradle/caches/modules-2/files-2.1/org.lwjgl.lwjgl/lwjgl/2.9.2/a9d80fe5935c7a9149f6584d9777cfd471f65489/lwjgl-2.9.2.jar:/Users/liaderlich/.gradle/caches/modules-2/files-2.1/org.lwjgl.lwjgl/lwjgl_util/2.9.2/4b9e37300a87799856e0bd15ed81663cdb6b0947/lwjgl_util-2.9.2.jar:/Users/liaderlich/.gradle/caches/modules-2/files-2.1/com.badlogicgames.jlayer/jlayer/1.0.1-gdx/7cca83cec5c1b2f011362f4d85aabd71a73b049d/jlayer-1.0.1-gdx.jar:/Users/liaderlich/.gradle/caches/modules-2/files-2.1/org.jcraft/jorbis/0.0.17/8872d22b293e8f5d7d56ff92be966e6dc28ebdc6/jorbis-0.0.17.jar:/Users/liaderlich/.gradle/caches/modules-2/files-2.1/org.lwjgl.lwjgl/lwjgl-platform/2.9.2/510c7d317f5e9e700b9cfaac5fd38bdebf0702e0/lwjgl-platform-2.9.2-natives-windows.jar:/Users/liaderlich/.gradle/caches/modules-2/files-2.1/org.lwjgl.lwjgl/lwjgl-platform/2.9.2/d276cdf61fe2b516c7b7f4aa1b8dea91dbdc8d56/lwjgl-platform-2.9.2-natives-linux.jar:/Users/liaderlich/.gradle/caches/modules-2/files-2.1/org.lwjgl.lwjgl/lwjgl-platform/2.9.2/d55b46b40b40249d627a83a7f7f22649709d70c3/lwjgl-platform-2.9.2
Launcher Type: SUN_STANDARD

Environment Variables:
PATH=/usr/bin:/bin:/usr/sbin:/sbin
SHELL=/bin/bash

Signal Handlers:
SIGSEGV: [libjvm.dylib+0x5b1141], sa_mask[0]=11111111011111110111111111111111, sa_flags=SA_ONSTACK|SA_RESTART|SA_SIGINFO
SIGBUS: [libjvm.dylib+0x5b1141], sa_mask[0]=11111111011111110111111111111111, sa_flags=SA_RESTART|SA_SIGINFO
SIGFPE: [libjvm.dylib+0x487bc4], sa_mask[0]=11111111011111110111111111111111, sa_flags=SA_RESTART|SA_SIGINFO
SIGPIPE: [libjvm.dylib+0x487bc4], sa_mask[0]=11111111011111110111111111111111, sa_flags=SA_RESTART|SA_SIGINFO
SIGXFSZ: [libjvm.dylib+0x487bc4], sa_mask[0]=11111111011111110111111111111111, sa_flags=SA_RESTART|SA_SIGINFO
SIGILL: [libjvm.dylib+0x487bc4], sa_mask[0]=11111111011111110111111111111111, sa_flags=SA_RESTART|SA_SIGINFO
SIGUSR1: SIG_DFL, sa_mask[0]=00000000000000000000000000000000, sa_flags=SA_RESTART
SIGUSR2: [libjvm.dylib+0x4876e2], sa_mask[0]=00100000000000000000000000000000, sa_flags=SA_RESTART|SA_SIGINFO
SIGHUP: [libjvm.dylib+0x485cb9], sa_mask[0]=11111111011111110111111111111111, sa_flags=SA_RESTART|SA_SIGINFO
SIGINT: [libjvm.dylib+0x485cb9], sa_mask[0]=11111111011111110111111111111111, sa_flags=SA_RESTART|SA_SIGINFO
SIGTERM: [libjvm.dylib+0x485cb9], sa_mask[0]=11111111011111110111111111111111, sa_flags=SA_RESTART|SA_SIGINFO
SIGQUIT: [libjvm.dylib+0x485cb9], sa_mask[0]=11111111011111110111111111111111, sa_flags=SA_RESTART|SA_SIGINFO


---------------  S Y S T E M  ---------------

OS:Bsduname:Darwin 12.5.0 Darwin Kernel Version 12.5.0: Sun Sep 29 13:33:47 PDT 2013; root:xnu-2050.48.12~1/RELEASE_X86_64 x86_64
rlimit: STACK 8192k, CORE 0k, NPROC 709, NOFILE 10240, AS infinity
load average:2.84 2.86 2.58

CPU:total 4 (2 cores per cpu, 2 threads per core) family 6 model 58 stepping 9, cmov, cx8, fxsr, mmx, sse, sse2, sse3, ssse3, sse4.1, sse4.2, popcnt, avx, aes, clmul, erms, ht, tsc, tscinvbit, tscinv

Memory: 4k page, physical 4194304k(103828k free)

/proc/meminfo:


vm_info: Java HotSpot(TM) 64-Bit Server VM (25.121-b13) for bsd-amd64 JRE (1.8.0_121-b13), built on Dec 12 2016 20:39:32 by "java_re" with gcc 4.2.1 (Based on Apple Inc. build 5658) (LLVM build 2336.11.00)

time: Mon Apr  3 08:40:11 2017
elapsed time: 7 seconds (0d 0h 0m 7s)

