#
# A fatal error has been detected by the Java Runtime Environment:
#
#  SIGSEGV (0xb) at pc=0x00007fff90f0b256, pid=6739, tid=0x0000000000001007
#
# JRE version: Java(TM) SE Runtime Environment (8.0_121-b13) (build 1.8.0_121-b13)
# Java VM: Java HotSpot(TM) 64-Bit Server VM (25.121-b13 mixed mode bsd-amd64 compressed oops)
# Problematic frame:
# C  [libobjc.A.dylib+0x6256]  objc_msgSend+0x16
#
# Failed to write core dump. Core dumps have been disabled. To enable core dumping, try "ulimit -c unlimited" before starting Java again
#
# If you would like to submit a bug report, please visit:
#   http://bugreport.java.com/bugreport/crash.jsp
# The crash happened outside the Java Virtual Machine in native code.
# See problematic frame for where to report the bug.
#

---------------  T H R E A D  ---------------

Current thread (0x00007fb0e4030800):  JavaThread "AppKit Thread" daemon [_thread_in_native, id=4103, stack(0x00007fff51534000,0x00007fff51d34000)]

siginfo: si_signo: 11 (SIGSEGV), si_code: 1 (SEGV_MAPERR), si_addr: 0x0000000000000000

Registers:
RAX=0x0000000096e64527, RBX=0x00007fb0e1c5fc10, RCX=0x00007fb0e20120f8, RDX=0x00000000a1a1a1a1
RSP=0x00007fff51d2e280, RBP=0x00007fff51d2e2b0, RSI=0x00007fff96e64527, RDI=0x00007fb0e286a7f0
R8 =0x00007fb0e1c926a0, R9 =0x00000000573cf5a6, R10=0x0000000000000000, R11=0x00007fb0e310d000
R12=0x00007fb0e2a6d100, R13=0x00007fb0e2a4c770, R14=0x00007fb0e286a7f0, R15=0x0000000000000000
RIP=0x00007fff90f0b256, EFLAGS=0x0000000000010246, ERR=0x0000000000000004
  TRAPNO=0x000000000000000e

Top of Stack: (sp=0x00007fff51d2e280)
0x00007fff51d2e280:   1c727ad71eff4e00 00000001a7424598
0x00007fff51d2e290:   00007fb0e1c5fc10 00000001a7458c60
0x00007fff51d2e2a0:   00007fb0e2a4c770 00007fb0e2a6df00
0x00007fff51d2e2b0:   00007fff51d2e7f0 00007fff9662bae3
0x00007fff51d2e2c0:   0000000000000000 0000000000000000
0x00007fff51d2e2d0:   4084000000000000 407e000000000000
0x00007fff51d2e2e0:   0000000000000000 0000000000000000
0x00007fff51d2e2f0:   4084000000000000 407e000000000000
0x00007fff51d2e300:   402c000000000000 4030000000000000
0x00007fff51d2e310:   001c000000000000 407e300000000000
0x00007fff51d2e320:   00007fff96e2a93e 0030000000000001
0x00007fff51d2e330:   0000000000000000 0000000000000000
0x00007fff51d2e340:   00007fb0e284eb80 407f600000000000
0x00007fff51d2e350:   00007fb0e1c61100 00007fff51d2e4d0
0x00007fff51d2e360:   00007fb0e1c5fc10 00007fff00000000
0x00007fff51d2e370:   401c000000000000 407e300000000000
0x00007fff51d2e380:   00007fff51d2e4c0 00007fff9663b038
0x00007fff51d2e390:   401c000000000000 407e300000000000
0x00007fff51d2e3a0:   402c000000000000 4030000000000000
0x00007fff51d2e3b0:   00007fff51d2e490 00007fff8f2ffd2d
0x00007fff51d2e3c0:   00007fb0e1c61100 00007fb0e1c61100
0x00007fff51d2e3d0:   4084000000000000 407f600000000000
0x00007fff51d2e3e0:   401c000000000000 407e300000000000
0x00007fff51d2e3f0:   402c000000000000 4030000000000000
0x00007fff51d2e400:   0000000000000000 0000000000000000
0x00007fff51d2e410:   401c000000000000 407e300000000000
0x00007fff51d2e420:   402c000000000000 4030000000000000
0x00007fff51d2e430:   0000000000000000 0000000000000000
0x00007fff51d2e440:   0000000000000000 0000000000000000
0x00007fff51d2e450:   0000000000000000 0000000000000000
0x00007fff51d2e460:   4084000000000000 0000000000000000
0x00007fff51d2e470:   00007fb0e1c63cf0 0000000000000000 

Instructions: (pc=0x00007fff90f0b256)
0x00007fff90f0b236:   90 90 90 90 90 90 90 90 90 90 48 85 ff 74 2b 40
0x00007fff90f0b246:   f6 c7 01 2e 75 3b 4c 8b 1f 50 4d 8b 53 10 89 f0
0x00007fff90f0b256:   41 23 02 4d 8b 5c c2 10 ff c0 4d 85 db 74 36 49
0x00007fff90f0b266:   3b 33 75 ec 58 41 ff 63 10 90 48 8b 3d 19 ee 9a 

Register to memory mapping:

RAX=0x0000000096e64527 is an unknown value
RBX=0x00007fb0e1c5fc10 is an unknown value
RCX=0x00007fb0e20120f8 is an unknown value
RDX=0x00000000a1a1a1a1 is an unknown value
RSP=0x00007fff51d2e280 is pointing into the stack for thread: 0x00007fb0e4030800
RBP=0x00007fff51d2e2b0 is pointing into the stack for thread: 0x00007fb0e4030800
RSI=0x00007fff96e64527: NSAppKitVersionNumber+0x4f947 in /System/Library/Frameworks/AppKit.framework/Versions/C/AppKit at 0x00007fff96498000
RDI=0x00007fb0e286a7f0 is an unknown value
R8 =0x00007fb0e1c926a0 is an unknown value
R9 =0x00000000573cf5a6 is an unknown value
R10=0x0000000000000000 is an unknown value
R11=0x00007fb0e310d000 is a thread
R12=0x00007fb0e2a6d100 is an unknown value
R13=0x00007fb0e2a4c770 is an unknown value
R14=0x00007fb0e286a7f0 is an unknown value
R15=0x0000000000000000 is an unknown value


Stack: [0x00007fff51534000,0x00007fff51d34000],  sp=0x00007fff51d2e280,  free space=8168k
Native frames: (J=compiled Java code, j=interpreted, Vv=VM code, C=native code)
C  [libobjc.A.dylib+0x6256]  objc_msgSend+0x16
C  [AppKit+0x193ae3]  -[NSView _recursiveDisplayRectIfNeededIgnoringOpacity:isVisibleRect:rectIsVisibleRectForView:topView:]+0x722
C  [AppKit+0x194a44]  -[NSView _recursiveDisplayRectIfNeededIgnoringOpacity:isVisibleRect:rectIsVisibleRectForView:topView:]+0x1683
C  [AppKit+0x193143]  -[NSThemeFrame _recursiveDisplayRectIfNeededIgnoringOpacity:isVisibleRect:rectIsVisibleRectForView:topView:]+0x13a
C  [AppKit+0x18ed6d]  -[NSView _displayRectIgnoringOpacity:isVisibleRect:rectIsVisibleRectForView:]+0x1243
C  [AppKit+0x158c93]  -[NSView displayIfNeeded]+0x726
C  [AppKit+0x1581cc]  _handleWindowNeedsDisplayOrLayoutOrUpdateConstraints+0x2e2
C  [Foundation+0x74463]  __NSFireTimer+0x60
C  [CoreFoundation+0x50804]  __CFRUNLOOP_IS_CALLING_OUT_TO_A_TIMER_CALLBACK_FUNCTION__+0x14
C  [CoreFoundation+0x5031d]  __CFRunLoopDoTimer+0x22d
C  [CoreFoundation+0x35ad9]  __CFRunLoopRun+0x5f9
C  [CoreFoundation+0x350e2]  CFRunLoopRunSpecific+0x122
C  [HIToolbox+0x5feb4]  RunCurrentEventLoopInMode+0xd1
C  [HIToolbox+0x5fc52]  ReceiveNextEventCommon+0x164
C  [HIToolbox+0x5fae3]  BlockUntilNextEventMatchingListInMode+0x3e
C  [AppKit+0x155533]  _DPSNextEvent+0x2ad
C  [AppKit+0x154df2]  -[NSApplication nextEventMatchingMask:untilDate:inMode:dequeue:]+0x80
C  [libosxapp.dylib+0x23aa]  -[NSApplicationAWT nextEventMatchingMask:untilDate:inMode:dequeue:]+0x7c
C  [AppKit+0x14c1a3]  -[NSApplication run]+0x205
C  [libosxapp.dylib+0x214d]  +[NSApplicationAWT runAWTLoopWithApp:]+0x9c
C  [libawt_lwawt.dylib+0x45ff7]  -[AWTStarter starter:]+0x389
C  [Foundation+0x935ca]  __NSThreadPerformPerform+0xe1
C  [CoreFoundation+0x12b31]  __CFRUNLOOP_IS_CALLING_OUT_TO_A_SOURCE0_PERFORM_FUNCTION__+0x11
C  [CoreFoundation+0x12455]  __CFRunLoopDoSources0+0xf5
C  [CoreFoundation+0x357f5]  __CFRunLoopRun+0x315
C  [CoreFoundation+0x350e2]  CFRunLoopRunSpecific+0x122
C  [java+0x6465]  CreateExecutionEnvironment+0x367
C  [java+0x218c]  JLI_Launch+0x7a0
C  [java+0x84c2]  main+0x65
C  [java+0x19e4]  start+0x34
C  0x0000000000000005


---------------  P R O C E S S  ---------------

Java Threads: ( => current thread )
  0x00007fb0e310d800 JavaThread "DestroyJavaVM" [_thread_blocked, id=6659, stack(0x000000010ef9d000,0x000000010f09d000)]
  0x00007fb0e310d000 JavaThread "LWJGL Application" [_thread_in_native, id=53763, stack(0x00000001a775a000,0x00000001a785a000)]
  0x00007fb0e306e800 JavaThread "AWT-Shutdown" [_thread_blocked, id=30211, stack(0x00000001a4c67000,0x00000001a4d67000)]
=>0x00007fb0e4030800 JavaThread "AppKit Thread" daemon [_thread_in_native, id=4103, stack(0x00007fff51534000,0x00007fff51d34000)]
  0x00007fb0e3855000 JavaThread "Service Thread" daemon [_thread_blocked, id=24323, stack(0x00000001a34ec000,0x00000001a35ec000)]
  0x00007fb0e401a800 JavaThread "C1 CompilerThread2" daemon [_thread_blocked, id=23811, stack(0x00000001a33e9000,0x00000001a34e9000)]
  0x00007fb0e4019800 JavaThread "C2 CompilerThread1" daemon [_thread_blocked, id=23299, stack(0x00000001a32e6000,0x00000001a33e6000)]
  0x00007fb0e4018000 JavaThread "C2 CompilerThread0" daemon [_thread_blocked, id=22787, stack(0x00000001a31e3000,0x00000001a32e3000)]
  0x00007fb0e4003000 JavaThread "Signal Dispatcher" daemon [_thread_blocked, id=22027, stack(0x00000001a30e0000,0x00000001a31e0000)]
  0x00007fb0e301a800 JavaThread "Finalizer" daemon [_thread_blocked, id=17155, stack(0x00000001a2d96000,0x00000001a2e96000)]
  0x00007fb0e3017800 JavaThread "Reference Handler" daemon [_thread_blocked, id=16643, stack(0x00000001a2c93000,0x00000001a2d93000)]

Other Threads:
  0x00007fb0e3013000 VMThread [stack: 0x00000001a2b90000,0x00000001a2c90000] [id=16131]
  0x00007fb0e3801000 WatcherThread [stack: 0x00000001a35ef000,0x00000001a36ef000] [id=24835]

VM state:not at safepoint (normal execution)

VM Mutex/Monitor currently owned by a thread: None

Heap:
 PSYoungGen      total 18944K, used 8551K [0x0000000149300000, 0x000000014a800000, 0x000000015e800000)
  eden space 16384K, 36% used [0x0000000149300000,0x00000001498dd668,0x000000014a300000)
  from space 2560K, 99% used [0x000000014a300000,0x000000014a57c790,0x000000014a580000)
  to   space 2560K, 0% used [0x000000014a580000,0x000000014a580000,0x000000014a800000)
 ParOldGen       total 44032K, used 533K [0x000000011e800000, 0x0000000121300000, 0x0000000149300000)
  object space 44032K, 1% used [0x000000011e800000,0x000000011e8856d0,0x0000000121300000)
 Metaspace       used 8978K, capacity 9155K, committed 9472K, reserved 1058816K
  class space    used 871K, capacity 952K, committed 1024K, reserved 1048576K

Card table byte_map: [0x000000015e800000,0x000000015ea01000] byte_map_base: 0x000000015df0c000

Marking Bits: (ParMarkBitMap*) 0x000000010e8ead30
 Begin Bits: [0x000000015ef63000, 0x000000015ff63000)
 End Bits:   [0x000000015ff63000, 0x0000000160f63000)

Polling page: 0x000000010f0e2000

CodeCache: size=245760Kb used=4439Kb max_used=4452Kb free=241320Kb
 bounds [0x000000010f178000, 0x000000010f5d8000, 0x000000011e178000]
 total_blobs=1588 nmethods=1144 adapters=358
 compilation: enabled

Compilation events (10 events):
Event: 8.522 Thread 0x00007fb0e401a800 1141       3       com.badlogic.gdx.math.Frustum::update (263 bytes)
Event: 8.523 Thread 0x00007fb0e401a800 nmethod 1141 0x000000010f5cbc10 code [0x000000010f5cbe60, 0x000000010f5cc738]
Event: 8.523 Thread 0x00007fb0e401a800 1140       3       com.badlogic.gdx.math.Matrix4::setToLookAt (49 bytes)
Event: 8.523 Thread 0x00007fb0e401a800 nmethod 1140 0x000000010f5cd250 code [0x000000010f5cd440, 0x000000010f5cda48]
Event: 8.523 Thread 0x00007fb0e401a800 1142       3       com.badlogic.gdx.math.Quaternion::slerp (213 bytes)
Event: 8.524 Thread 0x00007fb0e401a800 nmethod 1142 0x000000010f5cdf10 code [0x000000010f5ce100, 0x000000010f5cef88]
Event: 8.524 Thread 0x00007fb0e401a800 1143       3       com.badlogic.gdx.math.Vector3::lerp (62 bytes)
Event: 8.524 Thread 0x00007fb0e401a800 nmethod 1143 0x000000010f5cf0d0 code [0x000000010f5cf240, 0x000000010f5cf3f0]
Event: 8.769 Thread 0x00007fb0e4019800 1144       4       com.badlogic.gdx.utils.TimSort::mergeAt (201 bytes)
Event: 8.782 Thread 0x00007fb0e4019800 nmethod 1144 0x000000010f5d2c10 code [0x000000010f5d2e20, 0x000000010f5d3970]

GC Heap History (2 events):
Event: 0.912 GC heap before
{Heap before GC invocations=1 (full 0):
 PSYoungGen      total 18944K, used 15158K [0x0000000149300000, 0x000000014a800000, 0x000000015e800000)
  eden space 16384K, 92% used [0x0000000149300000,0x000000014a1cd9c0,0x000000014a300000)
  from space 2560K, 0% used [0x000000014a580000,0x000000014a580000,0x000000014a800000)
  to   space 2560K, 0% used [0x000000014a300000,0x000000014a300000,0x000000014a580000)
 ParOldGen       total 44032K, used 0K [0x000000011e800000, 0x0000000121300000, 0x0000000149300000)
  object space 44032K, 0% used [0x000000011e800000,0x000000011e800000,0x0000000121300000)
 Metaspace       used 8257K, capacity 8387K, committed 8576K, reserved 1056768K
  class space    used 817K, capacity 888K, committed 896K, reserved 1048576K
Event: 0.920 GC heap after
Heap after GC invocations=1 (full 0):
 PSYoungGen      total 18944K, used 2545K [0x0000000149300000, 0x000000014a800000, 0x000000015e800000)
  eden space 16384K, 0% used [0x0000000149300000,0x0000000149300000,0x000000014a300000)
  from space 2560K, 99% used [0x000000014a300000,0x000000014a57c790,0x000000014a580000)
  to   space 2560K, 0% used [0x000000014a580000,0x000000014a580000,0x000000014a800000)
 ParOldGen       total 44032K, used 533K [0x000000011e800000, 0x0000000121300000, 0x0000000149300000)
  object space 44032K, 1% used [0x000000011e800000,0x000000011e8856d0,0x0000000121300000)
 Metaspace       used 8257K, capacity 8387K, committed 8576K, reserved 1056768K
  class space    used 817K, capacity 888K, committed 896K, reserved 1048576K
}

Deoptimization events (10 events):
Event: 0.848 Thread 0x00007fb0e310d000 Uncommon trap: reason=unstable_if action=reinterpret pc=0x000000010f3bbc58 method=java.util.concurrent.FutureTask.isDone()Z @ 4
Event: 0.855 Thread 0x00007fb0e310d000 Uncommon trap: reason=unstable_if action=reinterpret pc=0x000000010f3bc73c method=java.util.concurrent.FutureTask.isDone()Z @ 4
Event: 0.855 Thread 0x00007fb0e310d000 Uncommon trap: reason=unstable_if action=reinterpret pc=0x000000010f3c1580 method=com.badlogic.gdx.assets.AssetLoadingTask.handleAsyncLoader()V @ 12
Event: 0.855 Thread 0x00007fb0e310d000 Uncommon trap: reason=unstable_if action=reinterpret pc=0x000000010f3bf408 method=com.badlogic.gdx.assets.AssetLoadingTask.handleAsyncLoader()V @ 12
Event: 0.894 Thread 0x00007fb0e228d000 Uncommon trap: reason=unstable_if action=reinterpret pc=0x000000010f3e45d4 method=java.util.regex.Pattern$Start.match(Ljava/util/regex/Matcher;ILjava/lang/CharSequence;)Z @ 10
Event: 0.901 Thread 0x00007fb0e228d000 Uncommon trap: reason=unstable_if action=reinterpret pc=0x000000010f401cdc method=java.util.regex.Pattern$BmpCharProperty.match(Ljava/util/regex/Matcher;ILjava/lang/CharSequence;)Z @ 5
Event: 1.044 Thread 0x00007fb0e310d000 Uncommon trap: reason=unstable_if action=reinterpret pc=0x000000010f430258 method=com.badlogic.gdx.assets.AssetManager.finishLoading()V @ 13
Event: 2.334 Thread 0x00007fb0e310d000 Uncommon trap: reason=unstable_if action=reinterpret pc=0x000000010f53e28c method=com.badlogic.gdx.utils.TimSort.mergeLo(IIII)V @ 405
Event: 6.228 Thread 0x00007fb0e310d000 Uncommon trap: reason=unstable_if action=reinterpret pc=0x000000010f544914 method=com.mygdx.game.Runner.render()V @ 176
Event: 6.594 Thread 0x00007fb0e310d000 Uncommon trap: reason=unstable_if action=reinterpret pc=0x000000010f51e430 method=com.mygdx.game.Hitbox.didCollide(Lcom/mygdx/game/Hitbox;)Z @ 53

Internal exceptions (10 events):
Event: 0.289 Thread 0x00007fb0e3803000 Exception <a 'java/lang/NoSuchFieldError': method resolution failed> (0x000000014977a128) thrown at [/Users/java_re/workspace/8-2-build-macosx-x86_64/jdk8u121/8372/hotspot/src/share/vm/prims/methodHandles.cpp, line 1146]
Event: 0.292 Thread 0x00007fb0e3803000 Exception <a 'java/lang/NoSuchFieldError': method resolution failed> (0x0000000149787890) thrown at [/Users/java_re/workspace/8-2-build-macosx-x86_64/jdk8u121/8372/hotspot/src/share/vm/prims/methodHandles.cpp, line 1146]
Event: 0.383 Thread 0x00007fb0e3803000 Exception <a 'java/io/FileNotFoundException'> (0x0000000149802b28) thrown at [/Users/java_re/workspace/8-2-build-macosx-x86_64/jdk8u121/8372/hotspot/src/share/vm/prims/jni.cpp, line 709]
Event: 0.383 Thread 0x00007fb0e3803000 Exception <a 'java/io/FileNotFoundException'> (0x00000001498036b0) thrown at [/Users/java_re/workspace/8-2-build-macosx-x86_64/jdk8u121/8372/hotspot/src/share/vm/prims/jni.cpp, line 709]
Event: 0.395 Thread 0x00007fb0e3803000 Exception <a 'java/security/PrivilegedActionException'> (0x0000000149819c80) thrown at [/Users/java_re/workspace/8-2-build-macosx-x86_64/jdk8u121/8372/hotspot/src/share/vm/prims/jvm.cpp, line 1390]
Event: 0.395 Thread 0x00007fb0e3803000 Exception <a 'java/security/PrivilegedActionException'> (0x000000014981b868) thrown at [/Users/java_re/workspace/8-2-build-macosx-x86_64/jdk8u121/8372/hotspot/src/share/vm/prims/jvm.cpp, line 1390]
Event: 0.395 Thread 0x00007fb0e3803000 Exception <a 'java/security/PrivilegedActionException'> (0x000000014981c988) thrown at [/Users/java_re/workspace/8-2-build-macosx-x86_64/jdk8u121/8372/hotspot/src/share/vm/prims/jvm.cpp, line 1390]
Event: 0.395 Thread 0x00007fb0e3803000 Exception <a 'java/security/PrivilegedActionException'> (0x0000000149821aa8) thrown at [/Users/java_re/workspace/8-2-build-macosx-x86_64/jdk8u121/8372/hotspot/src/share/vm/prims/jvm.cpp, line 1390]
Event: 0.395 Thread 0x00007fb0e3803000 Exception <a 'java/security/PrivilegedActionException'> (0x0000000149822700) thrown at [/Users/java_re/workspace/8-2-build-macosx-x86_64/jdk8u121/8372/hotspot/src/share/vm/prims/jvm.cpp, line 1390]
Event: 0.395 Thread 0x00007fb0e3803000 Exception <a 'java/security/PrivilegedActionException'> (0x0000000149823328) thrown at [/Users/java_re/workspace/8-2-build-macosx-x86_64/jdk8u121/8372/hotspot/src/share/vm/prims/jvm.cpp, line 1390]

Events (10 events):
Event: 8.819 loading class com/badlogic/gdx/backends/lwjgl/LwjglApplication$2 done
Event: 8.820 loading class com/badlogic/gdx/utils/ObjectMap$Keys
Event: 8.820 loading class com/badlogic/gdx/utils/ObjectMap$Keys done
Event: 8.822 loading class java/util/HashMap$KeySet
Event: 8.822 loading class java/util/HashMap$KeySet done
Event: 8.823 loading class java/util/HashMap$KeyIterator
Event: 8.823 loading class java/util/HashMap$KeyIterator done
Event: 8.823 Thread 0x00007fb0e228d000 Thread exited: 0x00007fb0e228d000
Event: 8.824 loading class org/lwjgl/opengl/CallbackUtil
Event: 8.824 loading class org/lwjgl/opengl/CallbackUtil done


Dynamic libraries:
0x000000000be9b000 	/System/Library/Frameworks/Cocoa.framework/Versions/A/Cocoa
0x000000000be9b000 	/System/Library/Frameworks/Security.framework/Versions/A/Security
0x000000000be9b000 	/System/Library/Frameworks/ApplicationServices.framework/Versions/A/ApplicationServices
0x000000000be9b000 	/usr/lib/libz.1.dylib
0x000000000be9b000 	/usr/lib/libSystem.B.dylib
0x000000000be9b000 	/usr/lib/libobjc.A.dylib
0x000000000be9b000 	/System/Library/Frameworks/CoreFoundation.framework/Versions/A/CoreFoundation
0x000000000be9b000 	/System/Library/Frameworks/Foundation.framework/Versions/C/Foundation
0x000000000be9b000 	/System/Library/Frameworks/AppKit.framework/Versions/C/AppKit
0x000000000be9b000 	/System/Library/Frameworks/CoreData.framework/Versions/A/CoreData
0x000000000be9b000 	/System/Library/PrivateFrameworks/RemoteViewServices.framework/Versions/A/RemoteViewServices
0x000000000be9b000 	/System/Library/Frameworks/AudioToolbox.framework/Versions/A/AudioToolbox
0x000000000be9b000 	/System/Library/Frameworks/AudioUnit.framework/Versions/A/AudioUnit
0x000000000be9b000 	/System/Library/PrivateFrameworks/DataDetectorsCore.framework/Versions/A/DataDetectorsCore
0x000000000be9b000 	/System/Library/PrivateFrameworks/DesktopServicesPriv.framework/Versions/A/DesktopServicesPriv
0x000000000be9b000 	/System/Library/Frameworks/Carbon.framework/Versions/A/Frameworks/HIToolbox.framework/Versions/A/HIToolbox
0x000000000be9b000 	/System/Library/Frameworks/QuartzCore.framework/Versions/A/QuartzCore
0x000000000be9b000 	/System/Library/Frameworks/Carbon.framework/Versions/A/Frameworks/SpeechRecognition.framework/Versions/A/SpeechRecognition
0x000000000be9b000 	/usr/lib/libauto.dylib
0x000000000be9b000 	/usr/lib/libicucore.A.dylib
0x000000000be9b000 	/usr/lib/libxml2.2.dylib
0x000000000be9b000 	/System/Library/PrivateFrameworks/CoreUI.framework/Versions/A/CoreUI
0x000000000be9b000 	/System/Library/Frameworks/CoreAudio.framework/Versions/A/CoreAudio
0x000000000be9b000 	/System/Library/Frameworks/DiskArbitration.framework/Versions/A/DiskArbitration
0x000000000be9b000 	/usr/lib/liblangid.dylib
0x000000000be9b000 	/System/Library/PrivateFrameworks/MultitouchSupport.framework/Versions/A/MultitouchSupport
0x000000000be9b000 	/System/Library/Frameworks/IOKit.framework/Versions/A/IOKit
0x000000000be9b000 	/usr/lib/libDiagnosticMessagesClient.dylib
0x000000000be9b000 	/System/Library/Frameworks/CoreServices.framework/Versions/A/CoreServices
0x000000000be9b000 	/System/Library/PrivateFrameworks/PerformanceAnalysis.framework/Versions/A/PerformanceAnalysis
0x000000000be9b000 	/System/Library/PrivateFrameworks/GenerationalStorage.framework/Versions/A/GenerationalStorage
0x000000000be9b000 	/System/Library/Frameworks/OpenGL.framework/Versions/A/OpenGL
0x000000000be9b000 	/System/Library/Frameworks/CoreText.framework/Versions/A/CoreText
0x000000000be9b000 	/System/Library/Frameworks/ImageIO.framework/Versions/A/ImageIO
0x000000000be9b000 	/System/Library/PrivateFrameworks/Backup.framework/Versions/A/Backup
0x000000000be9b000 	/System/Library/Frameworks/CFNetwork.framework/Versions/A/CFNetwork
0x000000000be9b000 	/System/Library/Frameworks/SystemConfiguration.framework/Versions/A/SystemConfiguration
0x000000000be9b000 	/usr/lib/libCRFSuite.dylib
0x000000000be9b000 	/System/Library/PrivateFrameworks/TCC.framework/Versions/A/TCC
0x000000000be9b000 	/usr/lib/libc++.1.dylib
0x000000000be9b000 	/usr/lib/libc++abi.dylib
0x000000000be9b000 	/usr/lib/system/libcache.dylib
0x000000000be9b000 	/usr/lib/system/libcommonCrypto.dylib
0x000000000be9b000 	/usr/lib/system/libcompiler_rt.dylib
0x000000000be9b000 	/usr/lib/system/libcopyfile.dylib
0x000000000be9b000 	/usr/lib/system/libdispatch.dylib
0x000000000be9b000 	/usr/lib/system/libdnsinfo.dylib
0x000000000be9b000 	/usr/lib/system/libdyld.dylib
0x000000000be9b000 	/usr/lib/system/libkeymgr.dylib
0x000000000be9b000 	/usr/lib/system/liblaunch.dylib
0x000000000be9b000 	/usr/lib/system/libmacho.dylib
0x000000000be9b000 	/usr/lib/system/libquarantine.dylib
0x000000000be9b000 	/usr/lib/system/libremovefile.dylib
0x000000000be9b000 	/usr/lib/system/libsystem_blocks.dylib
0x000000000be9b000 	/usr/lib/system/libsystem_c.dylib
0x000000000be9b000 	/usr/lib/system/libsystem_dnssd.dylib
0x000000000be9b000 	/usr/lib/system/libsystem_info.dylib
0x000000000be9b000 	/usr/lib/system/libsystem_kernel.dylib
0x000000000be9b000 	/usr/lib/system/libsystem_m.dylib
0x000000000be9b000 	/usr/lib/system/libsystem_network.dylib
0x000000000be9b000 	/usr/lib/system/libsystem_notify.dylib
0x000000000be9b000 	/usr/lib/system/libsystem_sandbox.dylib
0x000000000be9b000 	/usr/lib/system/libunc.dylib
0x000000000be9b000 	/usr/lib/system/libunwind.dylib
0x000000000be9b000 	/usr/lib/system/libxpc.dylib
0x000000000be9b000 	/usr/lib/system/libcorecrypto.dylib
0x000000000be9b000 	/usr/lib/libstdc++.6.dylib
0x000000000be9b000 	/usr/lib/libbsm.0.dylib
0x000000000be9b000 	/usr/lib/libsqlite3.dylib
0x000000000be9b000 	/usr/lib/libxar.1.dylib
0x000000000be9b000 	/usr/lib/libpam.2.dylib
0x000000000be9b000 	/usr/lib/libOpenScriptingUtil.dylib
0x000000000be9b000 	/usr/lib/libbz2.1.0.dylib
0x000000000be9b000 	/System/Library/Frameworks/CoreServices.framework/Versions/A/Frameworks/CarbonCore.framework/Versions/A/CarbonCore
0x000000000be9b000 	/System/Library/Frameworks/CoreServices.framework/Versions/A/Frameworks/Metadata.framework/Versions/A/Metadata
0x000000000be9b000 	/System/Library/Frameworks/CoreServices.framework/Versions/A/Frameworks/OSServices.framework/Versions/A/OSServices
0x000000000be9b000 	/System/Library/Frameworks/CoreServices.framework/Versions/A/Frameworks/SearchKit.framework/Versions/A/SearchKit
0x000000000be9b000 	/System/Library/Frameworks/CoreServices.framework/Versions/A/Frameworks/AE.framework/Versions/A/AE
0x000000000be9b000 	/System/Library/Frameworks/CoreServices.framework/Versions/A/Frameworks/LaunchServices.framework/Versions/A/LaunchServices
0x000000000be9b000 	/System/Library/Frameworks/CoreServices.framework/Versions/A/Frameworks/DictionaryServices.framework/Versions/A/DictionaryServices
0x000000000be9b000 	/System/Library/Frameworks/NetFS.framework/Versions/A/NetFS
0x000000000be9b000 	/usr/lib/system/libkxld.dylib
0x000000000be9b000 	/System/Library/PrivateFrameworks/NetAuth.framework/Versions/A/NetAuth
0x000000000be9b000 	/System/Library/Frameworks/OpenDirectory.framework/Versions/A/Frameworks/CFOpenDirectory.framework/Versions/A/CFOpenDirectory
0x000000000be9b000 	/usr/lib/libxslt.1.dylib
0x000000000be9b000 	/System/Library/PrivateFrameworks/FamilyControls.framework/Versions/A/FamilyControls
0x000000000be9b000 	/System/Library/Frameworks/Carbon.framework/Versions/A/Frameworks/Ink.framework/Versions/A/Ink
0x000000000be9b000 	/System/Library/Frameworks/ApplicationServices.framework/Versions/A/Frameworks/CoreGraphics.framework/Versions/A/CoreGraphics
0x000000000be9b000 	/System/Library/Frameworks/ApplicationServices.framework/Versions/A/Frameworks/ATS.framework/Versions/A/ATS
0x000000000be9b000 	/System/Library/Frameworks/ApplicationServices.framework/Versions/A/Frameworks/ColorSync.framework/Versions/A/ColorSync
0x000000000be9b000 	/System/Library/Frameworks/ApplicationServices.framework/Versions/A/Frameworks/HIServices.framework/Versions/A/HIServices
0x000000000be9b000 	/System/Library/Frameworks/ApplicationServices.framework/Versions/A/Frameworks/LangAnalysis.framework/Versions/A/LangAnalysis
0x000000000be9b000 	/System/Library/Frameworks/ApplicationServices.framework/Versions/A/Frameworks/PrintCore.framework/Versions/A/PrintCore
0x000000000be9b000 	/System/Library/Frameworks/ApplicationServices.framework/Versions/A/Frameworks/QD.framework/Versions/A/QD
0x000000000be9b000 	/System/Library/Frameworks/ApplicationServices.framework/Versions/A/Frameworks/SpeechSynthesis.framework/Versions/A/SpeechSynthesis
0x000000000be9b000 	/System/Library/Frameworks/IOSurface.framework/Versions/A/IOSurface
0x000000000be9b000 	/System/Library/Frameworks/Accelerate.framework/Versions/A/Accelerate
0x000000000be9b000 	/System/Library/Frameworks/ApplicationServices.framework/Versions/A/Frameworks/ATS.framework/Versions/A/Resources/libFontParser.dylib
0x000000000be9b000 	/System/Library/Frameworks/ApplicationServices.framework/Versions/A/Frameworks/ATS.framework/Versions/A/Resources/libFontRegistry.dylib
0x000000000be9b000 	/System/Library/Frameworks/Accelerate.framework/Versions/A/Frameworks/vImage.framework/Versions/A/vImage
0x000000000be9b000 	/System/Library/Frameworks/Accelerate.framework/Versions/A/Frameworks/vecLib.framework/Versions/A/vecLib
0x000000000be9b000 	/System/Library/Frameworks/Accelerate.framework/Versions/A/Frameworks/vecLib.framework/Versions/A/libvDSP.dylib
0x000000000be9b000 	/System/Library/Frameworks/Accelerate.framework/Versions/A/Frameworks/vecLib.framework/Versions/A/libvMisc.dylib
0x000000000be9b000 	/System/Library/Frameworks/Accelerate.framework/Versions/A/Frameworks/vecLib.framework/Versions/A/libLAPACK.dylib
0x000000000be9b000 	/System/Library/Frameworks/Accelerate.framework/Versions/A/Frameworks/vecLib.framework/Versions/A/libBLAS.dylib
0x000000000be9b000 	/System/Library/Frameworks/ImageIO.framework/Versions/A/Resources/libJPEG.dylib
0x000000000be9b000 	/System/Library/Frameworks/ImageIO.framework/Versions/A/Resources/libTIFF.dylib
0x000000000be9b000 	/System/Library/Frameworks/ImageIO.framework/Versions/A/Resources/libPng.dylib
0x000000000be9b000 	/System/Library/Frameworks/ImageIO.framework/Versions/A/Resources/libGIF.dylib
0x000000000be9b000 	/System/Library/Frameworks/ImageIO.framework/Versions/A/Resources/libJP2.dylib
0x000000000be9b000 	/System/Library/Frameworks/ImageIO.framework/Versions/A/Resources/libRadiance.dylib
0x000000000be9b000 	/usr/lib/libcups.2.dylib
0x000000000be9b000 	/System/Library/Frameworks/Kerberos.framework/Versions/A/Kerberos
0x000000000be9b000 	/System/Library/Frameworks/GSS.framework/Versions/A/GSS
0x000000000be9b000 	/usr/lib/libresolv.9.dylib
0x000000000be9b000 	/usr/lib/libiconv.2.dylib
0x000000000be9b000 	/System/Library/PrivateFrameworks/Heimdal.framework/Versions/A/Heimdal
0x000000000be9b000 	/System/Library/PrivateFrameworks/TrustEvaluationAgent.framework/Versions/A/TrustEvaluationAgent
0x000000000be9b000 	/System/Library/Frameworks/OpenDirectory.framework/Versions/A/OpenDirectory
0x000000000be9b000 	/System/Library/PrivateFrameworks/CommonAuth.framework/Versions/A/CommonAuth
0x000000000be9b000 	/System/Library/PrivateFrameworks/Bom.framework/Versions/A/Bom
0x000000000be9b000 	/System/Library/Frameworks/CoreVideo.framework/Versions/A/CoreVideo
0x000000000be9b000 	/System/Library/Frameworks/QuartzCore.framework/Versions/A/Frameworks/CoreImage.framework/Versions/A/CoreImage
0x000000000be9b000 	/System/Library/Frameworks/QuartzCore.framework/Versions/A/Frameworks/ScalableUserInterface.framework/Versions/A/ScalableUserInterface
0x000000000be9b000 	/System/Library/Frameworks/OpenGL.framework/Versions/A/Libraries/libGLU.dylib
0x000000000be9b000 	/System/Library/Frameworks/OpenGL.framework/Versions/A/Libraries/libGFXShared.dylib
0x000000000be9b000 	/System/Library/Frameworks/OpenGL.framework/Versions/A/Libraries/libGL.dylib
0x000000000be9b000 	/System/Library/Frameworks/OpenGL.framework/Versions/A/Libraries/libGLImage.dylib
0x000000000be9b000 	/System/Library/Frameworks/OpenGL.framework/Versions/A/Libraries/libCVMSPluginSupport.dylib
0x000000000be9b000 	/System/Library/Frameworks/OpenGL.framework/Versions/A/Libraries/libCoreVMClient.dylib
0x000000000be9b000 	/System/Library/PrivateFrameworks/CrashReporterSupport.framework/Versions/A/CrashReporterSupport
0x000000000be9b000 	/System/Library/Frameworks/OpenCL.framework/Versions/A/OpenCL
0x000000000be9b000 	/System/Library/PrivateFrameworks/FaceCoreLight.framework/Versions/A/FaceCoreLight
0x000000000be9b000 	/System/Library/PrivateFrameworks/AppleFSCompression.framework/Versions/A/AppleFSCompression
0x000000000be9b000 	/System/Library/PrivateFrameworks/Ubiquity.framework/Versions/A/Ubiquity
0x000000000be9b000 	/System/Library/Frameworks/ServiceManagement.framework/Versions/A/ServiceManagement
0x000000000be9b000 	/System/Library/PrivateFrameworks/ChunkingLibrary.framework/Versions/A/ChunkingLibrary
0x000000000be9b000 	/System/Library/Frameworks/vecLib.framework/Versions/A/vecLib
0x000000000be9b000 	/System/Library/Frameworks/SecurityFoundation.framework/Versions/A/SecurityFoundation
0x000000000be9b000 	/System/Library/PrivateFrameworks/CommerceKit.framework/Versions/A/Frameworks/CommerceCore.framework/Versions/A/CommerceCore
0x000000000be9b000 	/System/Library/PrivateFrameworks/CoreSymbolication.framework/Versions/A/CoreSymbolication
0x000000000be9b000 	/System/Library/PrivateFrameworks/Symbolication.framework/Versions/A/Symbolication
0x000000000be9b000 	/System/Library/PrivateFrameworks/DebugSymbols.framework/Versions/A/DebugSymbols
0x000000010dffa000 	/Library/Java/JavaVirtualMachines/jdk1.8.0_121.jdk/Contents/Home/jre/lib/server/libjvm.dylib
0x000000010f09f000 	/Library/Java/JavaVirtualMachines/jdk1.8.0_121.jdk/Contents/Home/jre/lib/libverify.dylib
0x000000010f0ad000 	/Library/Java/JavaVirtualMachines/jdk1.8.0_121.jdk/Contents/Home/jre/lib/libjava.dylib
0x000000010f16f000 	/Library/Java/JavaVirtualMachines/jdk1.8.0_121.jdk/Contents/Home/jre/lib/libzip.dylib
0x00000001a2e98000 	/System/Library/Frameworks/JavaVM.framework/Frameworks/JavaRuntimeSupport.framework/JavaRuntimeSupport
0x00000001a2eb1000 	/System/Library/Frameworks/JavaVM.framework/Versions/A/Frameworks/JavaNativeFoundation.framework/Versions/A/JavaNativeFoundation
0x000000011e5f0000 	/System/Library/Frameworks/JavaVM.framework/Versions/A/JavaVM
0x000000000be9b000 	/System/Library/Frameworks/Carbon.framework/Versions/A/Carbon
0x00000001a2ec7000 	/System/Library/PrivateFrameworks/JavaLaunching.framework/Versions/A/JavaLaunching
0x000000000be9b000 	/System/Library/Frameworks/Carbon.framework/Versions/A/Frameworks/CommonPanels.framework/Versions/A/CommonPanels
0x000000000be9b000 	/System/Library/Frameworks/Carbon.framework/Versions/A/Frameworks/Help.framework/Versions/A/Help
0x000000000be9b000 	/System/Library/Frameworks/Carbon.framework/Versions/A/Frameworks/ImageCapture.framework/Versions/A/ImageCapture
0x000000000be9b000 	/System/Library/Frameworks/Carbon.framework/Versions/A/Frameworks/OpenScripting.framework/Versions/A/OpenScripting
0x000000000be9b000 	/System/Library/Frameworks/Carbon.framework/Versions/A/Frameworks/Print.framework/Versions/A/Print
0x000000000be9b000 	/System/Library/Frameworks/Carbon.framework/Versions/A/Frameworks/SecurityHI.framework/Versions/A/SecurityHI
0x00000001a3745000 	/private/var/folders/cl/40rj8v854dn3dwd1f2dr28c40000gn/T/libgdxliaderlich/6e213a1/libgdx64.dylib
0x00000001a378f000 	/Library/Java/JavaVirtualMachines/jdk1.8.0_121.jdk/Contents/Home/jre/lib/libawt.dylib
0x00000001a3837000 	/Library/Java/JavaVirtualMachines/jdk1.8.0_121.jdk/Contents/Home/jre/lib/./libmlib_image.dylib
0x00000001a3903000 	/Library/Java/JavaVirtualMachines/jdk1.8.0_121.jdk/Contents/Home/jre/lib/libawt_lwawt.dylib
0x00000001a39ba000 	/Library/Java/JavaVirtualMachines/jdk1.8.0_121.jdk/Contents/Home/jre/lib/./libosxapp.dylib
0x00000001a39d6000 	/System/Library/Frameworks/ExceptionHandling.framework/Versions/A/ExceptionHandling
0x000000000be9b000 	/System/Library/PrivateFrameworks/CoreServicesInternal.framework/Versions/A/CoreServicesInternal
0x000000000be9b000 	/System/Library/PrivateFrameworks/Librarian.framework/Versions/A/Librarian
0x000000000be9b000 	/System/Library/Frameworks/ApplicationServices.framework/Versions/A/Frameworks/CoreGraphics.framework/Versions/A/Resources/libCSync.A.dylib
0x000000000be9b000 	/System/Library/Frameworks/ApplicationServices.framework/Versions/A/Frameworks/CoreGraphics.framework/Versions/A/Resources/libRIP.A.dylib
0x000000000be9b000 	/System/Library/Frameworks/ApplicationServices.framework/Versions/A/Frameworks/CoreGraphics.framework/Versions/A/Resources/libCGXType.A.dylib
0x00000001a4db9000 	/Library/Java/JavaVirtualMachines/jdk1.8.0_121.jdk/Contents/Home/jre/lib/libfontmanager.dylib
0x00000001a741a000 	/private/var/folders/cl/40rj8v854dn3dwd1f2dr28c40000gn/T/libgdxliaderlich/f7649394/liblwjgl.dylib
0x00000001a4e20000 	/Library/Java/JavaVirtualMachines/jdk1.8.0_121.jdk/Contents/Home/jre/lib/libjawt.dylib
0x00000001a749c000 	/var/folders/cl/40rj8v854dn3dwd1f2dr28c40000gn/T/libgdxliaderlich/f7649394/openal.dylib
0x00000001374f8000 	/System/Library/Components/CoreAudio.component/Contents/MacOS/CoreAudio
0x00000001a5c11000 	/System/Library/Extensions/AppleHDA.kext/Contents/PlugIns/AppleHDAHALPlugIn.bundle/Contents/MacOS/AppleHDAHALPlugIn
0x00000001a785c000 	/System/Library/Frameworks/OpenGL.framework/Resources/GLEngine.bundle/GLEngine
0x00000001a7a51000 	/System/Library/Frameworks/OpenGL.framework/Versions/A/Libraries/libGLProgrammability.dylib
0x00000001a7bf9000 	/System/Library/Extensions/AppleIntelHD4000GraphicsGLDriver.bundle/Contents/MacOS/AppleIntelHD4000GraphicsGLDriver
0x00000001a5c1b000 	/System/Library/PrivateFrameworks/IOAccelerator.framework/Versions/A/IOAccelerator
0x00000001a5c28000 	/System/Library/PrivateFrameworks/GPUSupport.framework/Versions/A/Libraries/libGPUSupportMercury.dylib
0x00000001a85f4000 	/System/Library/Frameworks/OpenGL.framework/Resources//GLRendererFloat.bundle/GLRendererFloat
0x00000001a8628000 	/System/Library/Frameworks/OpenCL.framework/Versions/A/Libraries/libcldcpuengine.dylib
0x000000000be9b000 	/System/Library/PrivateFrameworks/DiskImages.framework/Versions/A/DiskImages
0x000000000be9b000 	/System/Library/Frameworks/DiscRecording.framework/Versions/A/DiscRecording
0x000000000be9b000 	/usr/lib/libcurl.4.dylib
0x000000000be9b000 	/System/Library/PrivateFrameworks/MediaKit.framework/Versions/A/MediaKit
0x000000000be9b000 	/usr/lib/libssl.0.9.8.dylib
0x000000000be9b000 	/usr/lib/libcrypto.0.9.8.dylib
0x000000000be9b000 	/System/Library/Frameworks/LDAP.framework/Versions/A/LDAP
0x000000000be9b000 	/usr/lib/libsasl2.2.dylib

VM Arguments:
jvm_args: -Dfile.encoding=UTF-8 
java_command: com.mygdx.game.desktop.DesktopLauncher
java_class_path (initial): /Users/liaderlich/git/Runner-desktop/bin:/Users/liaderlich/git/Runner-core/bin:/Users/liaderlich/.gradle/caches/modules-2/files-2.1/com.badlogicgames.gdx/gdx/1.9.6/47d1e9b890e364ec28f128e9bb3b9a12a94c164/gdx-1.9.6.jar:/Users/liaderlich/.gradle/caches/modules-2/files-2.1/com.badlogicgames.gdx/gdx-box2d/1.9.6/c249ef4060a4fada952f278455c8f7b9cba3c18a/gdx-box2d-1.9.6.jar:/Users/liaderlich/.gradle/caches/modules-2/files-2.1/com.badlogicgames.gdx/gdx-backend-lwjgl/1.9.6/ee7c23636ee4a942d329579daecc3ec5e517fe4c/gdx-backend-lwjgl-1.9.6.jar:/Users/liaderlich/.gradle/caches/modules-2/files-2.1/com.badlogicgames.gdx/gdx-platform/1.9.6/6f84dd7a18dc68e4ec492dfbb0594f930babcf63/gdx-platform-1.9.6-natives-desktop.jar:/Users/liaderlich/.gradle/caches/modules-2/files-2.1/com.badlogicgames.gdx/gdx-box2d-platform/1.9.6/d7b6168f5afd3948fd126c0b248f66c49b73ca35/gdx-box2d-platform-1.9.6-natives-desktop.jar:/Users/liaderlich/.gradle/caches/modules-2/files-2.1/org.lwjgl.lwjgl/lwjgl/2.9.2/a9d80fe5935c7a9149f6584d9777cfd471f65489/lwjgl-2.9.2.jar:/Users/liaderlich/.gradle/caches/modules-2/files-2.1/org.lwjgl.lwjgl/lwjgl_util/2.9.2/4b9e37300a87799856e0bd15ed81663cdb6b0947/lwjgl_util-2.9.2.jar:/Users/liaderlich/.gradle/caches/modules-2/files-2.1/com.badlogicgames.jlayer/jlayer/1.0.1-gdx/7cca83cec5c1b2f011362f4d85aabd71a73b049d/jlayer-1.0.1-gdx.jar:/Users/liaderlich/.gradle/caches/modules-2/files-2.1/org.jcraft/jorbis/0.0.17/8872d22b293e8f5d7d56ff92be966e6dc28ebdc6/jorbis-0.0.17.jar:/Users/liaderlich/.gradle/caches/modules-2/files-2.1/org.lwjgl.lwjgl/lwjgl-platform/2.9.2/510c7d317f5e9e700b9cfaac5fd38bdebf0702e0/lwjgl-platform-2.9.2-natives-windows.jar:/Users/liaderlich/.gradle/caches/modules-2/files-2.1/org.lwjgl.lwjgl/lwjgl-platform/2.9.2/d276cdf61fe2b516c7b7f4aa1b8dea91dbdc8d56/lwjgl-platform-2.9.2-natives-linux.jar:/Users/liaderlich/.gradle/caches/modules-2/files-2.1/org.lwjgl.lwjgl/lwjgl-platform/2.9.2/d55b46b40b40249d627a83a7f7f22649709d70c3/lwjgl-platform-2.9.2
Launcher Type: SUN_STANDARD

Environment Variables:
PATH=/usr/bin:/bin:/usr/sbin:/sbin
SHELL=/bin/bash

Signal Handlers:
SIGSEGV: [libjvm.dylib+0x5b1141], sa_mask[0]=11111111011111110111111111111111, sa_flags=SA_ONSTACK|SA_RESTART|SA_SIGINFO
SIGBUS: [libjvm.dylib+0x5b1141], sa_mask[0]=11111111011111110111111111111111, sa_flags=SA_RESTART|SA_SIGINFO
SIGFPE: [libjvm.dylib+0x487bc4], sa_mask[0]=11111111011111110111111111111111, sa_flags=SA_RESTART|SA_SIGINFO
SIGPIPE: [libjvm.dylib+0x487bc4], sa_mask[0]=11111111011111110111111111111111, sa_flags=SA_RESTART|SA_SIGINFO
SIGXFSZ: [libjvm.dylib+0x487bc4], sa_mask[0]=11111111011111110111111111111111, sa_flags=SA_RESTART|SA_SIGINFO
SIGILL: [libjvm.dylib+0x487bc4], sa_mask[0]=11111111011111110111111111111111, sa_flags=SA_RESTART|SA_SIGINFO
SIGUSR1: SIG_DFL, sa_mask[0]=00000000000000000000000000000000, sa_flags=SA_RESTART
SIGUSR2: [libjvm.dylib+0x4876e2], sa_mask[0]=00100000000000000000000000000000, sa_flags=SA_RESTART|SA_SIGINFO
SIGHUP: [libjvm.dylib+0x485cb9], sa_mask[0]=11111111011111110111111111111111, sa_flags=SA_RESTART|SA_SIGINFO
SIGINT: [libjvm.dylib+0x485cb9], sa_mask[0]=11111111011111110111111111111111, sa_flags=SA_RESTART|SA_SIGINFO
SIGTERM: [libjvm.dylib+0x485cb9], sa_mask[0]=11111111011111110111111111111111, sa_flags=SA_RESTART|SA_SIGINFO
SIGQUIT: [libjvm.dylib+0x485cb9], sa_mask[0]=11111111011111110111111111111111, sa_flags=SA_RESTART|SA_SIGINFO


---------------  S Y S T E M  ---------------

OS:Bsduname:Darwin 12.5.0 Darwin Kernel Version 12.5.0: Sun Sep 29 13:33:47 PDT 2013; root:xnu-2050.48.12~1/RELEASE_X86_64 x86_64
rlimit: STACK 8192k, CORE 0k, NPROC 709, NOFILE 10240, AS infinity
load average:0.37 0.67 0.71

CPU:total 4 (2 cores per cpu, 2 threads per core) family 6 model 58 stepping 9, cmov, cx8, fxsr, mmx, sse, sse2, sse3, ssse3, sse4.1, sse4.2, popcnt, avx, aes, clmul, erms, ht, tsc, tscinvbit, tscinv

Memory: 4k page, physical 4194304k(42640k free)

/proc/meminfo:


vm_info: Java HotSpot(TM) 64-Bit Server VM (25.121-b13) for bsd-amd64 JRE (1.8.0_121-b13), built on Dec 12 2016 20:39:32 by "java_re" with gcc 4.2.1 (Based on Apple Inc. build 5658) (LLVM build 2336.11.00)

time: Mon Apr 17 22:24:01 2017
elapsed time: 8 seconds (0d 0h 0m 8s)

