#
# A fatal error has been detected by the Java Runtime Environment:
#
#  SIGSEGV (0xb) at pc=0x00007fff89d13250, pid=6252, tid=0x0000000000001007
#
# JRE version: Java(TM) SE Runtime Environment (8.0_121-b13) (build 1.8.0_121-b13)
# Java VM: Java HotSpot(TM) 64-Bit Server VM (25.121-b13 mixed mode bsd-amd64 compressed oops)
# Problematic frame:
# C  [libobjc.A.dylib+0x6250]  objc_msgSend+0x10
#
# Failed to write core dump. Core dumps have been disabled. To enable core dumping, try "ulimit -c unlimited" before starting Java again
#
# If you would like to submit a bug report, please visit:
#   http://bugreport.java.com/bugreport/crash.jsp
# The crash happened outside the Java Virtual Machine in native code.
# See problematic frame for where to report the bug.
#

---------------  T H R E A D  ---------------

Current thread (0x00007fb0e494e000):  JavaThread "AppKit Thread" daemon [_thread_in_native, id=4103, stack(0x00007fff5d9cf000,0x00007fff5e1cf000)]

siginfo: si_signo: 11 (SIGSEGV), si_code: 1 (SEGV_MAPERR), si_addr: 0x0000000000000010

Registers:
RAX=0x83d853b3c1829900, RBX=0x00007fb0e2463a20, RCX=0x00007fb0e28120f8, RDX=0x00000000a1a1a1a1
RSP=0x00007fff5e1c9280, RBP=0x00007fff5e1c92b0, RSI=0x00007fff8fc6c527, RDI=0x00007fb0e304cb00
R8 =0x00007fb0e2477840, R9 =0x000000003be3b300, R10=0x0000000000000000, R11=0x0000000000000000
R12=0x00007fb0e3196600, R13=0x00007fb0e315be90, R14=0x00007fb0e304cb00, R15=0x0000000000000000
RIP=0x00007fff89d13250, EFLAGS=0x0000000000010246, ERR=0x0000000000000004
  TRAPNO=0x000000000000000e

Top of Stack: (sp=0x00007fff5e1c9280)
0x00007fff5e1c9280:   83d853b3c1829900 000000019aeed598
0x00007fff5e1c9290:   00007fb0e2463a20 000000019af21c60
0x00007fff5e1c92a0:   00007fb0e315be90 00007fb0e31ac700
0x00007fff5e1c92b0:   00007fff5e1c97f0 00007fff8f433ae3
0x00007fff5e1c92c0:   0000000000000000 0000000000000000
0x00007fff5e1c92d0:   4084000000000000 407e000000000000
0x00007fff5e1c92e0:   0000000000000000 0000000000000000
0x00007fff5e1c92f0:   4084000000000000 407e000000000000
0x00007fff5e1c9300:   402c000000000000 4030000000000000
0x00007fff5e1c9310:   001c000000000000 407e300000000000
0x00007fff5e1c9320:   00007fff8fc3293e 0030000000000001
0x00007fff5e1c9330:   0000000000000000 0000000000000000
0x00007fff5e1c9340:   00007fb0e243ae00 407f600000000000
0x00007fff5e1c9350:   00007fb0e30495b0 00007fff5e1c94d0
0x00007fff5e1c9360:   00007fb0e2463a20 00007fff00000000
0x00007fff5e1c9370:   401c000000000000 407e300000000000
0x00007fff5e1c9380:   00007fff5e1c94c0 00007fff8f443038
0x00007fff5e1c9390:   401c000000000000 407e300000000000
0x00007fff5e1c93a0:   402c000000000000 4030000000000000
0x00007fff5e1c93b0:   00007fff5e1c9490 00007fff88107d2d
0x00007fff5e1c93c0:   00007fb0e30495b0 00007fb0e30495b0
0x00007fff5e1c93d0:   4084000000000000 407f600000000000
0x00007fff5e1c93e0:   401c000000000000 407e300000000000
0x00007fff5e1c93f0:   402c000000000000 4030000000000000
0x00007fff5e1c9400:   0000000000000000 0000000000000000
0x00007fff5e1c9410:   401c000000000000 407e300000000000
0x00007fff5e1c9420:   402c000000000000 4030000000000000
0x00007fff5e1c9430:   0000000000000000 0000000000000000
0x00007fff5e1c9440:   0000000000000000 0000000000000000
0x00007fff5e1c9450:   0000000000000000 0000000000000000
0x00007fff5e1c9460:   4084000000000000 0000000000000000
0x00007fff5e1c9470:   00007fb0e315aab0 0000000000000000 

Instructions: (pc=0x00007fff89d13250)
0x00007fff89d13230:   90 90 90 90 90 90 90 90 90 90 90 90 90 90 90 90
0x00007fff89d13240:   48 85 ff 74 2b 40 f6 c7 01 2e 75 3b 4c 8b 1f 50
0x00007fff89d13250:   4d 8b 53 10 89 f0 41 23 02 4d 8b 5c c2 10 ff c0
0x00007fff89d13260:   4d 85 db 74 36 49 3b 33 75 ec 58 41 ff 63 10 90 

Register to memory mapping:

RAX=0x83d853b3c1829900 is an unknown value
RBX=0x00007fb0e2463a20 is an unknown value
RCX=0x00007fb0e28120f8 is an unknown value
RDX=0x00000000a1a1a1a1 is an unknown value
RSP=0x00007fff5e1c9280 is pointing into the stack for thread: 0x00007fb0e494e000
RBP=0x00007fff5e1c92b0 is pointing into the stack for thread: 0x00007fb0e494e000
RSI=0x00007fff8fc6c527: NSAppKitVersionNumber+0x4f947 in /System/Library/Frameworks/AppKit.framework/Versions/C/AppKit at 0x00007fff8f2a0000
RDI=0x00007fb0e304cb00 is an unknown value
R8 =0x00007fb0e2477840 is an unknown value
R9 =0x000000003be3b300 is an unknown value
R10=0x0000000000000000 is an unknown value
R11=0x0000000000000000 is an unknown value
R12=0x00007fb0e3196600 is an unknown value
R13=0x00007fb0e315be90 is an unknown value
R14=0x00007fb0e304cb00 is an unknown value
R15=0x0000000000000000 is an unknown value


Stack: [0x00007fff5d9cf000,0x00007fff5e1cf000],  sp=0x00007fff5e1c9280,  free space=8168k
Native frames: (J=compiled Java code, j=interpreted, Vv=VM code, C=native code)
C  [libobjc.A.dylib+0x6250]  objc_msgSend+0x10
C  [AppKit+0x193ae3]  -[NSView _recursiveDisplayRectIfNeededIgnoringOpacity:isVisibleRect:rectIsVisibleRectForView:topView:]+0x722
C  [AppKit+0x194a44]  -[NSView _recursiveDisplayRectIfNeededIgnoringOpacity:isVisibleRect:rectIsVisibleRectForView:topView:]+0x1683
C  [AppKit+0x193143]  -[NSThemeFrame _recursiveDisplayRectIfNeededIgnoringOpacity:isVisibleRect:rectIsVisibleRectForView:topView:]+0x13a
C  [AppKit+0x18ed6d]  -[NSView _displayRectIgnoringOpacity:isVisibleRect:rectIsVisibleRectForView:]+0x1243
C  [AppKit+0x158c93]  -[NSView displayIfNeeded]+0x726
C  [AppKit+0x1581cc]  _handleWindowNeedsDisplayOrLayoutOrUpdateConstraints+0x2e2
C  [Foundation+0x74463]  __NSFireTimer+0x60
C  [CoreFoundation+0x50804]  __CFRUNLOOP_IS_CALLING_OUT_TO_A_TIMER_CALLBACK_FUNCTION__+0x14
C  [CoreFoundation+0x5031d]  __CFRunLoopDoTimer+0x22d
C  [CoreFoundation+0x35ad9]  __CFRunLoopRun+0x5f9
C  [CoreFoundation+0x350e2]  CFRunLoopRunSpecific+0x122
C  [HIToolbox+0x5feb4]  RunCurrentEventLoopInMode+0xd1
C  [HIToolbox+0x5fc52]  ReceiveNextEventCommon+0x164
C  [HIToolbox+0x5fae3]  BlockUntilNextEventMatchingListInMode+0x3e
C  [AppKit+0x155533]  _DPSNextEvent+0x2ad
C  [AppKit+0x154df2]  -[NSApplication nextEventMatchingMask:untilDate:inMode:dequeue:]+0x80
C  [libosxapp.dylib+0x23aa]  -[NSApplicationAWT nextEventMatchingMask:untilDate:inMode:dequeue:]+0x7c
C  [AppKit+0x14c1a3]  -[NSApplication run]+0x205
C  [libosxapp.dylib+0x214d]  +[NSApplicationAWT runAWTLoopWithApp:]+0x9c
C  [libawt_lwawt.dylib+0x45ff7]  -[AWTStarter starter:]+0x389
C  [Foundation+0x935ca]  __NSThreadPerformPerform+0xe1
C  [CoreFoundation+0x12b31]  __CFRUNLOOP_IS_CALLING_OUT_TO_A_SOURCE0_PERFORM_FUNCTION__+0x11
C  [CoreFoundation+0x12455]  __CFRunLoopDoSources0+0xf5
C  [CoreFoundation+0x357f5]  __CFRunLoopRun+0x315
C  [CoreFoundation+0x350e2]  CFRunLoopRunSpecific+0x122
C  [java+0x6465]  CreateExecutionEnvironment+0x367
C  [java+0x218c]  JLI_Launch+0x7a0
C  [java+0x84c2]  main+0x65
C  [java+0x19e4]  start+0x34
C  0x0000000000000005


---------------  P R O C E S S  ---------------

Java Threads: ( => current thread )
  0x00007fb0e42f8000 JavaThread "AWT-Shutdown" [_thread_blocked, id=29703, stack(0x000000019e6da000,0x000000019e7da000)]
  0x00007fb0e3801800 JavaThread "DestroyJavaVM" [_thread_blocked, id=6659, stack(0x0000000102b02000,0x0000000102c02000)]
  0x00007fb0e395c000 JavaThread "LWJGL Application" [_thread_in_native, id=53507, stack(0x000000019b248000,0x000000019b348000)]
=>0x00007fb0e494e000 JavaThread "AppKit Thread" daemon [_thread_in_native, id=4103, stack(0x00007fff5d9cf000,0x00007fff5e1cf000)]
  0x00007fb0e2827000 JavaThread "Service Thread" daemon [_thread_blocked, id=23811, stack(0x0000000196f4a000,0x000000019704a000)]
  0x00007fb0e382e800 JavaThread "C1 CompilerThread2" daemon [_thread_blocked, id=23299, stack(0x0000000196e47000,0x0000000196f47000)]
  0x00007fb0e4010800 JavaThread "C2 CompilerThread1" daemon [_thread_blocked, id=22787, stack(0x0000000196d44000,0x0000000196e44000)]
  0x00007fb0e4010000 JavaThread "C2 CompilerThread0" daemon [_thread_blocked, id=22275, stack(0x0000000196c41000,0x0000000196d41000)]
  0x00007fb0e382d800 JavaThread "Signal Dispatcher" daemon [_thread_blocked, id=21763, stack(0x0000000196b3e000,0x0000000196c3e000)]
  0x00007fb0e400d000 JavaThread "Finalizer" daemon [_thread_blocked, id=17155, stack(0x00000001968f7000,0x00000001969f7000)]
  0x00007fb0e3829000 JavaThread "Reference Handler" daemon [_thread_blocked, id=16643, stack(0x00000001967f4000,0x00000001968f4000)]

Other Threads:
  0x00007fb0e4835800 VMThread [stack: 0x00000001966f1000,0x00000001967f1000] [id=16131]
  0x00007fb0e4837000 WatcherThread [stack: 0x000000019704d000,0x000000019714d000] [id=24323]

VM state:not at safepoint (normal execution)

VM Mutex/Monitor currently owned by a thread: None

Heap:
 PSYoungGen      total 18944K, used 8062K [0x000000013cf00000, 0x000000013e400000, 0x0000000152400000)
  eden space 16384K, 33% used [0x000000013cf00000,0x000000013d45fe78,0x000000013df00000)
  from space 2560K, 99% used [0x000000013df00000,0x000000013e17fb40,0x000000013e180000)
  to   space 2560K, 0% used [0x000000013e180000,0x000000013e180000,0x000000013e400000)
 ParOldGen       total 44032K, used 456K [0x0000000112400000, 0x0000000114f00000, 0x000000013cf00000)
  object space 44032K, 1% used [0x0000000112400000,0x00000001124723f0,0x0000000114f00000)
 Metaspace       used 8977K, capacity 9123K, committed 9472K, reserved 1058816K
  class space    used 874K, capacity 920K, committed 1024K, reserved 1048576K

Card table byte_map: [0x0000000152400000,0x0000000152601000] byte_map_base: 0x0000000151b6e000

Marking Bits: (ParMarkBitMap*) 0x000000010244fd30
 Begin Bits: [0x0000000152a0d000, 0x0000000153a0d000)
 End Bits:   [0x0000000153a0d000, 0x0000000154a0d000)

Polling page: 0x0000000102c47000

CodeCache: size=245760Kb used=3899Kb max_used=3910Kb free=241860Kb
 bounds [0x0000000102cdd000, 0x00000001030bd000, 0x0000000111cdd000]
 total_blobs=1469 nmethods=1025 adapters=358
 compilation: enabled

Compilation events (10 events):
Event: 5.781 Thread 0x00007fb0e382e800 1021       3       com.badlogic.gdx.utils.IntIntMap::getStash (51 bytes)
Event: 5.781 Thread 0x00007fb0e382e800 nmethod 1021 0x00000001030aa650 code [0x00000001030aa7c0, 0x00000001030aaa70]
Event: 5.832 Thread 0x00007fb0e382e800 1022       3       com.badlogic.gdx.utils.Pool::freeAll (94 bytes)
Event: 5.833 Thread 0x00007fb0e382e800 nmethod 1022 0x00000001030aac50 code [0x00000001030aae40, 0x00000001030ab818]
Event: 5.962 Thread 0x00007fb0e382e800 1023       3       com.badlogic.gdx.backends.lwjgl.LwjglGL20::glDepthMask (5 bytes)
Event: 5.963 Thread 0x00007fb0e382e800 nmethod 1023 0x00000001030abb90 code [0x00000001030abd80, 0x00000001030ac538]
Event: 5.963 Thread 0x00007fb0e382e800 1024       3       org.lwjgl.opengl.GL11::glDepthMask (19 bytes)
Event: 5.964 Thread 0x00007fb0e382e800 nmethod 1024 0x00000001030aca10 code [0x00000001030acc00, 0x00000001030ad338]
Event: 6.020 Thread 0x00007fb0e4010800 1025       4       java.nio.DirectByteBuffer::put (18 bytes)
Event: 6.021 Thread 0x00007fb0e4010800 nmethod 1025 0x00000001030b03d0 code [0x00000001030b0520, 0x00000001030b05d8]

GC Heap History (2 events):
Event: 0.919 GC heap before
{Heap before GC invocations=1 (full 0):
 PSYoungGen      total 18944K, used 15428K [0x000000013cf00000, 0x000000013e400000, 0x0000000152400000)
  eden space 16384K, 94% used [0x000000013cf00000,0x000000013de113c8,0x000000013df00000)
  from space 2560K, 0% used [0x000000013e180000,0x000000013e180000,0x000000013e400000)
  to   space 2560K, 0% used [0x000000013df00000,0x000000013df00000,0x000000013e180000)
 ParOldGen       total 44032K, used 0K [0x0000000112400000, 0x0000000114f00000, 0x000000013cf00000)
  object space 44032K, 0% used [0x0000000112400000,0x0000000112400000,0x0000000114f00000)
 Metaspace       used 8273K, capacity 8387K, committed 8576K, reserved 1056768K
  class space    used 817K, capacity 888K, committed 896K, reserved 1048576K
Event: 0.923 GC heap after
Heap after GC invocations=1 (full 0):
 PSYoungGen      total 18944K, used 2558K [0x000000013cf00000, 0x000000013e400000, 0x0000000152400000)
  eden space 16384K, 0% used [0x000000013cf00000,0x000000013cf00000,0x000000013df00000)
  from space 2560K, 99% used [0x000000013df00000,0x000000013e17fb40,0x000000013e180000)
  to   space 2560K, 0% used [0x000000013e180000,0x000000013e180000,0x000000013e400000)
 ParOldGen       total 44032K, used 456K [0x0000000112400000, 0x0000000114f00000, 0x000000013cf00000)
  object space 44032K, 1% used [0x0000000112400000,0x00000001124723f0,0x0000000114f00000)
 Metaspace       used 8273K, capacity 8387K, committed 8576K, reserved 1056768K
  class space    used 817K, capacity 888K, committed 896K, reserved 1048576K
}

Deoptimization events (10 events):
Event: 0.872 Thread 0x00007fb0e395c000 Uncommon trap: reason=class_check action=maybe_recompile pc=0x0000000102f3f7bc method=com.badlogic.gdx.assets.AssetLoadingTask.handleAsyncLoader()V @ 4
Event: 0.872 Thread 0x00007fb0e395c000 Uncommon trap: reason=class_check action=maybe_recompile pc=0x0000000102f384fc method=com.badlogic.gdx.assets.AssetLoadingTask.handleAsyncLoader()V @ 4
Event: 0.872 Thread 0x00007fb0e395c000 Uncommon trap: reason=class_check action=maybe_recompile pc=0x0000000102f38f80 method=com.badlogic.gdx.assets.AssetLoadingTask.handleAsyncLoader()V @ 4
Event: 0.882 Thread 0x00007fb0e395c000 Uncommon trap: reason=unstable_if action=reinterpret pc=0x0000000102f61c30 method=java.util.concurrent.FutureTask.isDone()Z @ 4
Event: 0.888 Thread 0x00007fb0e395c000 Uncommon trap: reason=unstable_if action=reinterpret pc=0x0000000102f68500 method=com.badlogic.gdx.assets.AssetLoadingTask.handleAsyncLoader()V @ 12
Event: 0.912 Thread 0x00007fb0e395c000 Uncommon trap: reason=unstable_if action=reinterpret pc=0x0000000102f708f8 method=com.badlogic.gdx.assets.AssetManager.update()Z @ 7
Event: 0.913 Thread 0x00007fb0e41d6800 Uncommon trap: reason=unstable_if action=reinterpret pc=0x0000000102f66e94 method=java.util.regex.Pattern$Start.match(Ljava/util/regex/Matcher;ILjava/lang/CharSequence;)Z @ 10
Event: 0.918 Thread 0x00007fb0e41d6800 Uncommon trap: reason=unstable_if action=reinterpret pc=0x0000000102f7749c method=java.util.regex.Pattern$BmpCharProperty.match(Ljava/util/regex/Matcher;ILjava/lang/CharSequence;)Z @ 5
Event: 1.056 Thread 0x00007fb0e395c000 Uncommon trap: reason=unstable_if action=reinterpret pc=0x0000000102fa3b98 method=com.badlogic.gdx.assets.AssetManager.finishLoading()V @ 13
Event: 6.013 Thread 0x00007fb0e395c000 Uncommon trap: reason=unstable_if action=reinterpret pc=0x0000000103049510 method=com.badlogic.gdx.utils.Array$ArrayIterable.iterator()Ljava/util/Iterator; @ 4

Internal exceptions (10 events):
Event: 0.371 Thread 0x00007fb0e3801800 Exception <a 'java/lang/NoSuchFieldError': method resolution failed> (0x000000013d3888b0) thrown at [/Users/java_re/workspace/8-2-build-macosx-x86_64/jdk8u121/8372/hotspot/src/share/vm/prims/methodHandles.cpp, line 1146]
Event: 0.498 Thread 0x00007fb0e3801800 Exception <a 'java/io/FileNotFoundException'> (0x000000013d403350) thrown at [/Users/java_re/workspace/8-2-build-macosx-x86_64/jdk8u121/8372/hotspot/src/share/vm/prims/jni.cpp, line 709]
Event: 0.498 Thread 0x00007fb0e3801800 Exception <a 'java/io/FileNotFoundException'> (0x000000013d403ed8) thrown at [/Users/java_re/workspace/8-2-build-macosx-x86_64/jdk8u121/8372/hotspot/src/share/vm/prims/jni.cpp, line 709]
Event: 0.515 Thread 0x00007fb0e3801800 Exception <a 'java/security/PrivilegedActionException'> (0x000000013d41a4a8) thrown at [/Users/java_re/workspace/8-2-build-macosx-x86_64/jdk8u121/8372/hotspot/src/share/vm/prims/jvm.cpp, line 1390]
Event: 0.515 Thread 0x00007fb0e3801800 Exception <a 'java/security/PrivilegedActionException'> (0x000000013d41c090) thrown at [/Users/java_re/workspace/8-2-build-macosx-x86_64/jdk8u121/8372/hotspot/src/share/vm/prims/jvm.cpp, line 1390]
Event: 0.516 Thread 0x00007fb0e3801800 Exception <a 'java/security/PrivilegedActionException'> (0x000000013d41d1b0) thrown at [/Users/java_re/workspace/8-2-build-macosx-x86_64/jdk8u121/8372/hotspot/src/share/vm/prims/jvm.cpp, line 1390]
Event: 0.516 Thread 0x00007fb0e3801800 Exception <a 'java/security/PrivilegedActionException'> (0x000000013d474320) thrown at [/Users/java_re/workspace/8-2-build-macosx-x86_64/jdk8u121/8372/hotspot/src/share/vm/prims/jvm.cpp, line 1390]
Event: 0.516 Thread 0x00007fb0e3801800 Exception <a 'java/security/PrivilegedActionException'> (0x000000013d474f78) thrown at [/Users/java_re/workspace/8-2-build-macosx-x86_64/jdk8u121/8372/hotspot/src/share/vm/prims/jvm.cpp, line 1390]
Event: 0.516 Thread 0x00007fb0e3801800 Exception <a 'java/security/PrivilegedActionException'> (0x000000013d475ba0) thrown at [/Users/java_re/workspace/8-2-build-macosx-x86_64/jdk8u121/8372/hotspot/src/share/vm/prims/jvm.cpp, line 1390]
Event: 6.013 Thread 0x00007fb0e395c000 Implicit null exception at 0x0000000103049490 to 0x00000001030494fd

Events (10 events):
Event: 6.011 loading class com/badlogic/gdx/backends/lwjgl/LwjglApplication$2
Event: 6.011 loading class com/badlogic/gdx/backends/lwjgl/LwjglApplication$2 done
Event: 6.012 loading class com/badlogic/gdx/utils/ObjectMap$Keys
Event: 6.012 loading class com/badlogic/gdx/utils/ObjectMap$Keys done
Event: 6.013 Thread 0x00007fb0e395c000 Uncommon trap: trap_request=0xffffff65 fr.pc=0x0000000103049510
Event: 6.013 Thread 0x00007fb0e395c000 DEOPT PACKING pc=0x0000000103049510 sp=0x000000019b347640
Event: 6.013 Thread 0x00007fb0e395c000 DEOPT UNPACKING pc=0x0000000102ce2229 sp=0x000000019b347600 mode 2
Event: 6.016 Thread 0x00007fb0e41d6800 Thread exited: 0x00007fb0e41d6800
Event: 6.018 loading class org/lwjgl/opengl/CallbackUtil
Event: 6.018 loading class org/lwjgl/opengl/CallbackUtil done


Dynamic libraries:
0x0000000004ca3000 	/System/Library/Frameworks/Cocoa.framework/Versions/A/Cocoa
0x0000000004ca3000 	/System/Library/Frameworks/Security.framework/Versions/A/Security
0x0000000004ca3000 	/System/Library/Frameworks/ApplicationServices.framework/Versions/A/ApplicationServices
0x0000000004ca3000 	/usr/lib/libz.1.dylib
0x0000000004ca3000 	/usr/lib/libSystem.B.dylib
0x0000000004ca3000 	/usr/lib/libobjc.A.dylib
0x0000000004ca3000 	/System/Library/Frameworks/CoreFoundation.framework/Versions/A/CoreFoundation
0x0000000004ca3000 	/System/Library/Frameworks/Foundation.framework/Versions/C/Foundation
0x0000000004ca3000 	/System/Library/Frameworks/AppKit.framework/Versions/C/AppKit
0x0000000004ca3000 	/System/Library/Frameworks/CoreData.framework/Versions/A/CoreData
0x0000000004ca3000 	/System/Library/PrivateFrameworks/RemoteViewServices.framework/Versions/A/RemoteViewServices
0x0000000004ca3000 	/System/Library/Frameworks/AudioToolbox.framework/Versions/A/AudioToolbox
0x0000000004ca3000 	/System/Library/Frameworks/AudioUnit.framework/Versions/A/AudioUnit
0x0000000004ca3000 	/System/Library/PrivateFrameworks/DataDetectorsCore.framework/Versions/A/DataDetectorsCore
0x0000000004ca3000 	/System/Library/PrivateFrameworks/DesktopServicesPriv.framework/Versions/A/DesktopServicesPriv
0x0000000004ca3000 	/System/Library/Frameworks/Carbon.framework/Versions/A/Frameworks/HIToolbox.framework/Versions/A/HIToolbox
0x0000000004ca3000 	/System/Library/Frameworks/QuartzCore.framework/Versions/A/QuartzCore
0x0000000004ca3000 	/System/Library/Frameworks/Carbon.framework/Versions/A/Frameworks/SpeechRecognition.framework/Versions/A/SpeechRecognition
0x0000000004ca3000 	/usr/lib/libauto.dylib
0x0000000004ca3000 	/usr/lib/libicucore.A.dylib
0x0000000004ca3000 	/usr/lib/libxml2.2.dylib
0x0000000004ca3000 	/System/Library/PrivateFrameworks/CoreUI.framework/Versions/A/CoreUI
0x0000000004ca3000 	/System/Library/Frameworks/CoreAudio.framework/Versions/A/CoreAudio
0x0000000004ca3000 	/System/Library/Frameworks/DiskArbitration.framework/Versions/A/DiskArbitration
0x0000000004ca3000 	/usr/lib/liblangid.dylib
0x0000000004ca3000 	/System/Library/PrivateFrameworks/MultitouchSupport.framework/Versions/A/MultitouchSupport
0x0000000004ca3000 	/System/Library/Frameworks/IOKit.framework/Versions/A/IOKit
0x0000000004ca3000 	/usr/lib/libDiagnosticMessagesClient.dylib
0x0000000004ca3000 	/System/Library/Frameworks/CoreServices.framework/Versions/A/CoreServices
0x0000000004ca3000 	/System/Library/PrivateFrameworks/PerformanceAnalysis.framework/Versions/A/PerformanceAnalysis
0x0000000004ca3000 	/System/Library/PrivateFrameworks/GenerationalStorage.framework/Versions/A/GenerationalStorage
0x0000000004ca3000 	/System/Library/Frameworks/OpenGL.framework/Versions/A/OpenGL
0x0000000004ca3000 	/System/Library/Frameworks/CoreText.framework/Versions/A/CoreText
0x0000000004ca3000 	/System/Library/Frameworks/ImageIO.framework/Versions/A/ImageIO
0x0000000004ca3000 	/System/Library/PrivateFrameworks/Backup.framework/Versions/A/Backup
0x0000000004ca3000 	/System/Library/Frameworks/CFNetwork.framework/Versions/A/CFNetwork
0x0000000004ca3000 	/System/Library/Frameworks/SystemConfiguration.framework/Versions/A/SystemConfiguration
0x0000000004ca3000 	/usr/lib/libCRFSuite.dylib
0x0000000004ca3000 	/System/Library/PrivateFrameworks/TCC.framework/Versions/A/TCC
0x0000000004ca3000 	/usr/lib/libc++.1.dylib
0x0000000004ca3000 	/usr/lib/libc++abi.dylib
0x0000000004ca3000 	/usr/lib/system/libcache.dylib
0x0000000004ca3000 	/usr/lib/system/libcommonCrypto.dylib
0x0000000004ca3000 	/usr/lib/system/libcompiler_rt.dylib
0x0000000004ca3000 	/usr/lib/system/libcopyfile.dylib
0x0000000004ca3000 	/usr/lib/system/libdispatch.dylib
0x0000000004ca3000 	/usr/lib/system/libdnsinfo.dylib
0x0000000004ca3000 	/usr/lib/system/libdyld.dylib
0x0000000004ca3000 	/usr/lib/system/libkeymgr.dylib
0x0000000004ca3000 	/usr/lib/system/liblaunch.dylib
0x0000000004ca3000 	/usr/lib/system/libmacho.dylib
0x0000000004ca3000 	/usr/lib/system/libquarantine.dylib
0x0000000004ca3000 	/usr/lib/system/libremovefile.dylib
0x0000000004ca3000 	/usr/lib/system/libsystem_blocks.dylib
0x0000000004ca3000 	/usr/lib/system/libsystem_c.dylib
0x0000000004ca3000 	/usr/lib/system/libsystem_dnssd.dylib
0x0000000004ca3000 	/usr/lib/system/libsystem_info.dylib
0x0000000004ca3000 	/usr/lib/system/libsystem_kernel.dylib
0x0000000004ca3000 	/usr/lib/system/libsystem_m.dylib
0x0000000004ca3000 	/usr/lib/system/libsystem_network.dylib
0x0000000004ca3000 	/usr/lib/system/libsystem_notify.dylib
0x0000000004ca3000 	/usr/lib/system/libsystem_sandbox.dylib
0x0000000004ca3000 	/usr/lib/system/libunc.dylib
0x0000000004ca3000 	/usr/lib/system/libunwind.dylib
0x0000000004ca3000 	/usr/lib/system/libxpc.dylib
0x0000000004ca3000 	/usr/lib/system/libcorecrypto.dylib
0x0000000004ca3000 	/usr/lib/libstdc++.6.dylib
0x0000000004ca3000 	/usr/lib/libbsm.0.dylib
0x0000000004ca3000 	/usr/lib/libsqlite3.dylib
0x0000000004ca3000 	/usr/lib/libxar.1.dylib
0x0000000004ca3000 	/usr/lib/libpam.2.dylib
0x0000000004ca3000 	/usr/lib/libOpenScriptingUtil.dylib
0x0000000004ca3000 	/usr/lib/libbz2.1.0.dylib
0x0000000004ca3000 	/System/Library/Frameworks/CoreServices.framework/Versions/A/Frameworks/CarbonCore.framework/Versions/A/CarbonCore
0x0000000004ca3000 	/System/Library/Frameworks/CoreServices.framework/Versions/A/Frameworks/Metadata.framework/Versions/A/Metadata
0x0000000004ca3000 	/System/Library/Frameworks/CoreServices.framework/Versions/A/Frameworks/OSServices.framework/Versions/A/OSServices
0x0000000004ca3000 	/System/Library/Frameworks/CoreServices.framework/Versions/A/Frameworks/SearchKit.framework/Versions/A/SearchKit
0x0000000004ca3000 	/System/Library/Frameworks/CoreServices.framework/Versions/A/Frameworks/AE.framework/Versions/A/AE
0x0000000004ca3000 	/System/Library/Frameworks/CoreServices.framework/Versions/A/Frameworks/LaunchServices.framework/Versions/A/LaunchServices
0x0000000004ca3000 	/System/Library/Frameworks/CoreServices.framework/Versions/A/Frameworks/DictionaryServices.framework/Versions/A/DictionaryServices
0x0000000004ca3000 	/System/Library/Frameworks/NetFS.framework/Versions/A/NetFS
0x0000000004ca3000 	/usr/lib/system/libkxld.dylib
0x0000000004ca3000 	/System/Library/PrivateFrameworks/NetAuth.framework/Versions/A/NetAuth
0x0000000004ca3000 	/System/Library/Frameworks/OpenDirectory.framework/Versions/A/Frameworks/CFOpenDirectory.framework/Versions/A/CFOpenDirectory
0x0000000004ca3000 	/usr/lib/libxslt.1.dylib
0x0000000004ca3000 	/System/Library/PrivateFrameworks/FamilyControls.framework/Versions/A/FamilyControls
0x0000000004ca3000 	/System/Library/Frameworks/Carbon.framework/Versions/A/Frameworks/Ink.framework/Versions/A/Ink
0x0000000004ca3000 	/System/Library/Frameworks/ApplicationServices.framework/Versions/A/Frameworks/CoreGraphics.framework/Versions/A/CoreGraphics
0x0000000004ca3000 	/System/Library/Frameworks/ApplicationServices.framework/Versions/A/Frameworks/ATS.framework/Versions/A/ATS
0x0000000004ca3000 	/System/Library/Frameworks/ApplicationServices.framework/Versions/A/Frameworks/ColorSync.framework/Versions/A/ColorSync
0x0000000004ca3000 	/System/Library/Frameworks/ApplicationServices.framework/Versions/A/Frameworks/HIServices.framework/Versions/A/HIServices
0x0000000004ca3000 	/System/Library/Frameworks/ApplicationServices.framework/Versions/A/Frameworks/LangAnalysis.framework/Versions/A/LangAnalysis
0x0000000004ca3000 	/System/Library/Frameworks/ApplicationServices.framework/Versions/A/Frameworks/PrintCore.framework/Versions/A/PrintCore
0x0000000004ca3000 	/System/Library/Frameworks/ApplicationServices.framework/Versions/A/Frameworks/QD.framework/Versions/A/QD
0x0000000004ca3000 	/System/Library/Frameworks/ApplicationServices.framework/Versions/A/Frameworks/SpeechSynthesis.framework/Versions/A/SpeechSynthesis
0x0000000004ca3000 	/System/Library/Frameworks/IOSurface.framework/Versions/A/IOSurface
0x0000000004ca3000 	/System/Library/Frameworks/Accelerate.framework/Versions/A/Accelerate
0x0000000004ca3000 	/System/Library/Frameworks/ApplicationServices.framework/Versions/A/Frameworks/ATS.framework/Versions/A/Resources/libFontParser.dylib
0x0000000004ca3000 	/System/Library/Frameworks/ApplicationServices.framework/Versions/A/Frameworks/ATS.framework/Versions/A/Resources/libFontRegistry.dylib
0x0000000004ca3000 	/System/Library/Frameworks/Accelerate.framework/Versions/A/Frameworks/vImage.framework/Versions/A/vImage
0x0000000004ca3000 	/System/Library/Frameworks/Accelerate.framework/Versions/A/Frameworks/vecLib.framework/Versions/A/vecLib
0x0000000004ca3000 	/System/Library/Frameworks/Accelerate.framework/Versions/A/Frameworks/vecLib.framework/Versions/A/libvDSP.dylib
0x0000000004ca3000 	/System/Library/Frameworks/Accelerate.framework/Versions/A/Frameworks/vecLib.framework/Versions/A/libvMisc.dylib
0x0000000004ca3000 	/System/Library/Frameworks/Accelerate.framework/Versions/A/Frameworks/vecLib.framework/Versions/A/libLAPACK.dylib
0x0000000004ca3000 	/System/Library/Frameworks/Accelerate.framework/Versions/A/Frameworks/vecLib.framework/Versions/A/libBLAS.dylib
0x0000000004ca3000 	/System/Library/Frameworks/ImageIO.framework/Versions/A/Resources/libJPEG.dylib
0x0000000004ca3000 	/System/Library/Frameworks/ImageIO.framework/Versions/A/Resources/libTIFF.dylib
0x0000000004ca3000 	/System/Library/Frameworks/ImageIO.framework/Versions/A/Resources/libPng.dylib
0x0000000004ca3000 	/System/Library/Frameworks/ImageIO.framework/Versions/A/Resources/libGIF.dylib
0x0000000004ca3000 	/System/Library/Frameworks/ImageIO.framework/Versions/A/Resources/libJP2.dylib
0x0000000004ca3000 	/System/Library/Frameworks/ImageIO.framework/Versions/A/Resources/libRadiance.dylib
0x0000000004ca3000 	/usr/lib/libcups.2.dylib
0x0000000004ca3000 	/System/Library/Frameworks/Kerberos.framework/Versions/A/Kerberos
0x0000000004ca3000 	/System/Library/Frameworks/GSS.framework/Versions/A/GSS
0x0000000004ca3000 	/usr/lib/libresolv.9.dylib
0x0000000004ca3000 	/usr/lib/libiconv.2.dylib
0x0000000004ca3000 	/System/Library/PrivateFrameworks/Heimdal.framework/Versions/A/Heimdal
0x0000000004ca3000 	/System/Library/PrivateFrameworks/TrustEvaluationAgent.framework/Versions/A/TrustEvaluationAgent
0x0000000004ca3000 	/System/Library/Frameworks/OpenDirectory.framework/Versions/A/OpenDirectory
0x0000000004ca3000 	/System/Library/PrivateFrameworks/CommonAuth.framework/Versions/A/CommonAuth
0x0000000004ca3000 	/System/Library/PrivateFrameworks/Bom.framework/Versions/A/Bom
0x0000000004ca3000 	/System/Library/Frameworks/CoreVideo.framework/Versions/A/CoreVideo
0x0000000004ca3000 	/System/Library/Frameworks/QuartzCore.framework/Versions/A/Frameworks/CoreImage.framework/Versions/A/CoreImage
0x0000000004ca3000 	/System/Library/Frameworks/QuartzCore.framework/Versions/A/Frameworks/ScalableUserInterface.framework/Versions/A/ScalableUserInterface
0x0000000004ca3000 	/System/Library/Frameworks/OpenGL.framework/Versions/A/Libraries/libGLU.dylib
0x0000000004ca3000 	/System/Library/Frameworks/OpenGL.framework/Versions/A/Libraries/libGFXShared.dylib
0x0000000004ca3000 	/System/Library/Frameworks/OpenGL.framework/Versions/A/Libraries/libGL.dylib
0x0000000004ca3000 	/System/Library/Frameworks/OpenGL.framework/Versions/A/Libraries/libGLImage.dylib
0x0000000004ca3000 	/System/Library/Frameworks/OpenGL.framework/Versions/A/Libraries/libCVMSPluginSupport.dylib
0x0000000004ca3000 	/System/Library/Frameworks/OpenGL.framework/Versions/A/Libraries/libCoreVMClient.dylib
0x0000000004ca3000 	/System/Library/PrivateFrameworks/CrashReporterSupport.framework/Versions/A/CrashReporterSupport
0x0000000004ca3000 	/System/Library/Frameworks/OpenCL.framework/Versions/A/OpenCL
0x0000000004ca3000 	/System/Library/PrivateFrameworks/FaceCoreLight.framework/Versions/A/FaceCoreLight
0x0000000004ca3000 	/System/Library/PrivateFrameworks/AppleFSCompression.framework/Versions/A/AppleFSCompression
0x0000000004ca3000 	/System/Library/PrivateFrameworks/Ubiquity.framework/Versions/A/Ubiquity
0x0000000004ca3000 	/System/Library/Frameworks/ServiceManagement.framework/Versions/A/ServiceManagement
0x0000000004ca3000 	/System/Library/PrivateFrameworks/ChunkingLibrary.framework/Versions/A/ChunkingLibrary
0x0000000004ca3000 	/System/Library/Frameworks/vecLib.framework/Versions/A/vecLib
0x0000000004ca3000 	/System/Library/Frameworks/SecurityFoundation.framework/Versions/A/SecurityFoundation
0x0000000004ca3000 	/System/Library/PrivateFrameworks/CommerceKit.framework/Versions/A/Frameworks/CommerceCore.framework/Versions/A/CommerceCore
0x0000000004ca3000 	/System/Library/PrivateFrameworks/CoreSymbolication.framework/Versions/A/CoreSymbolication
0x0000000004ca3000 	/System/Library/PrivateFrameworks/Symbolication.framework/Versions/A/Symbolication
0x0000000004ca3000 	/System/Library/PrivateFrameworks/DebugSymbols.framework/Versions/A/DebugSymbols
0x0000000101b5f000 	/Library/Java/JavaVirtualMachines/jdk1.8.0_121.jdk/Contents/Home/jre/lib/server/libjvm.dylib
0x0000000102c04000 	/Library/Java/JavaVirtualMachines/jdk1.8.0_121.jdk/Contents/Home/jre/lib/libverify.dylib
0x0000000102c12000 	/Library/Java/JavaVirtualMachines/jdk1.8.0_121.jdk/Contents/Home/jre/lib/libjava.dylib
0x0000000102cd4000 	/Library/Java/JavaVirtualMachines/jdk1.8.0_121.jdk/Contents/Home/jre/lib/libzip.dylib
0x00000001969f9000 	/System/Library/Frameworks/JavaVM.framework/Frameworks/JavaRuntimeSupport.framework/JavaRuntimeSupport
0x0000000196a12000 	/System/Library/Frameworks/JavaVM.framework/Versions/A/Frameworks/JavaNativeFoundation.framework/Versions/A/JavaNativeFoundation
0x0000000196a28000 	/System/Library/Frameworks/JavaVM.framework/Versions/A/JavaVM
0x0000000004ca3000 	/System/Library/Frameworks/Carbon.framework/Versions/A/Carbon
0x00000001121f4000 	/System/Library/PrivateFrameworks/JavaLaunching.framework/Versions/A/JavaLaunching
0x0000000004ca3000 	/System/Library/Frameworks/Carbon.framework/Versions/A/Frameworks/CommonPanels.framework/Versions/A/CommonPanels
0x0000000004ca3000 	/System/Library/Frameworks/Carbon.framework/Versions/A/Frameworks/Help.framework/Versions/A/Help
0x0000000004ca3000 	/System/Library/Frameworks/Carbon.framework/Versions/A/Frameworks/ImageCapture.framework/Versions/A/ImageCapture
0x0000000004ca3000 	/System/Library/Frameworks/Carbon.framework/Versions/A/Frameworks/OpenScripting.framework/Versions/A/OpenScripting
0x0000000004ca3000 	/System/Library/Frameworks/Carbon.framework/Versions/A/Frameworks/Print.framework/Versions/A/Print
0x0000000004ca3000 	/System/Library/Frameworks/Carbon.framework/Versions/A/Frameworks/SecurityHI.framework/Versions/A/SecurityHI
0x00000001971a4000 	/private/var/folders/cl/40rj8v854dn3dwd1f2dr28c40000gn/T/libgdxliaderlich/6e213a1/libgdx64.dylib
0x00000001971ee000 	/Library/Java/JavaVirtualMachines/jdk1.8.0_121.jdk/Contents/Home/jre/lib/libawt.dylib
0x0000000197296000 	/Library/Java/JavaVirtualMachines/jdk1.8.0_121.jdk/Contents/Home/jre/lib/./libmlib_image.dylib
0x0000000197362000 	/Library/Java/JavaVirtualMachines/jdk1.8.0_121.jdk/Contents/Home/jre/lib/libawt_lwawt.dylib
0x0000000197419000 	/Library/Java/JavaVirtualMachines/jdk1.8.0_121.jdk/Contents/Home/jre/lib/./libosxapp.dylib
0x0000000197435000 	/System/Library/Frameworks/ExceptionHandling.framework/Versions/A/ExceptionHandling
0x0000000004ca3000 	/System/Library/PrivateFrameworks/CoreServicesInternal.framework/Versions/A/CoreServicesInternal
0x0000000004ca3000 	/System/Library/PrivateFrameworks/Librarian.framework/Versions/A/Librarian
0x0000000004ca3000 	/System/Library/Frameworks/ApplicationServices.framework/Versions/A/Frameworks/CoreGraphics.framework/Versions/A/Resources/libCSync.A.dylib
0x0000000004ca3000 	/System/Library/Frameworks/ApplicationServices.framework/Versions/A/Frameworks/CoreGraphics.framework/Versions/A/Resources/libRIP.A.dylib
0x0000000004ca3000 	/System/Library/Frameworks/ApplicationServices.framework/Versions/A/Frameworks/CoreGraphics.framework/Versions/A/Resources/libCGXType.A.dylib
0x000000019ae7c000 	/Library/Java/JavaVirtualMachines/jdk1.8.0_121.jdk/Contents/Home/jre/lib/libfontmanager.dylib
0x000000019aee3000 	/private/var/folders/cl/40rj8v854dn3dwd1f2dr28c40000gn/T/libgdxliaderlich/f7649394/liblwjgl.dylib
0x0000000198818000 	/Library/Java/JavaVirtualMachines/jdk1.8.0_121.jdk/Contents/Home/jre/lib/libjawt.dylib
0x000000019af65000 	/var/folders/cl/40rj8v854dn3dwd1f2dr28c40000gn/T/libgdxliaderlich/f7649394/openal.dylib
0x000000012afc1000 	/System/Library/Components/CoreAudio.component/Contents/MacOS/CoreAudio
0x0000000198844000 	/System/Library/Extensions/AppleHDA.kext/Contents/PlugIns/AppleHDAHALPlugIn.bundle/Contents/MacOS/AppleHDAHALPlugIn
0x000000019b34a000 	/System/Library/Frameworks/OpenGL.framework/Resources/GLEngine.bundle/GLEngine
0x000000019b53f000 	/System/Library/Frameworks/OpenGL.framework/Versions/A/Libraries/libGLProgrammability.dylib
0x000000019b6e7000 	/System/Library/Extensions/AppleIntelHD4000GraphicsGLDriver.bundle/Contents/MacOS/AppleIntelHD4000GraphicsGLDriver
0x000000019884e000 	/System/Library/PrivateFrameworks/IOAccelerator.framework/Versions/A/IOAccelerator
0x000000019bce3000 	/System/Library/PrivateFrameworks/GPUSupport.framework/Versions/A/Libraries/libGPUSupportMercury.dylib
0x000000019c0f6000 	/System/Library/Frameworks/OpenGL.framework/Resources//GLRendererFloat.bundle/GLRendererFloat
0x000000019885e000 	/System/Library/Frameworks/OpenCL.framework/Versions/A/Libraries/libcldcpuengine.dylib
0x0000000004ca3000 	/System/Library/PrivateFrameworks/DiskImages.framework/Versions/A/DiskImages
0x0000000004ca3000 	/System/Library/Frameworks/DiscRecording.framework/Versions/A/DiscRecording
0x0000000004ca3000 	/usr/lib/libcurl.4.dylib
0x0000000004ca3000 	/System/Library/PrivateFrameworks/MediaKit.framework/Versions/A/MediaKit
0x0000000004ca3000 	/usr/lib/libssl.0.9.8.dylib
0x0000000004ca3000 	/usr/lib/libcrypto.0.9.8.dylib
0x0000000004ca3000 	/System/Library/Frameworks/LDAP.framework/Versions/A/LDAP
0x0000000004ca3000 	/usr/lib/libsasl2.2.dylib

VM Arguments:
jvm_args: -Dfile.encoding=UTF-8 
java_command: com.mygdx.game.desktop.DesktopLauncher
java_class_path (initial): /Users/liaderlich/git/Runner-desktop/bin:/Users/liaderlich/git/Runner-core/bin:/Users/liaderlich/.gradle/caches/modules-2/files-2.1/com.badlogicgames.gdx/gdx/1.9.6/47d1e9b890e364ec28f128e9bb3b9a12a94c164/gdx-1.9.6.jar:/Users/liaderlich/.gradle/caches/modules-2/files-2.1/com.badlogicgames.gdx/gdx-box2d/1.9.6/c249ef4060a4fada952f278455c8f7b9cba3c18a/gdx-box2d-1.9.6.jar:/Users/liaderlich/.gradle/caches/modules-2/files-2.1/com.badlogicgames.gdx/gdx-backend-lwjgl/1.9.6/ee7c23636ee4a942d329579daecc3ec5e517fe4c/gdx-backend-lwjgl-1.9.6.jar:/Users/liaderlich/.gradle/caches/modules-2/files-2.1/com.badlogicgames.gdx/gdx-platform/1.9.6/6f84dd7a18dc68e4ec492dfbb0594f930babcf63/gdx-platform-1.9.6-natives-desktop.jar:/Users/liaderlich/.gradle/caches/modules-2/files-2.1/com.badlogicgames.gdx/gdx-box2d-platform/1.9.6/d7b6168f5afd3948fd126c0b248f66c49b73ca35/gdx-box2d-platform-1.9.6-natives-desktop.jar:/Users/liaderlich/.gradle/caches/modules-2/files-2.1/org.lwjgl.lwjgl/lwjgl/2.9.2/a9d80fe5935c7a9149f6584d9777cfd471f65489/lwjgl-2.9.2.jar:/Users/liaderlich/.gradle/caches/modules-2/files-2.1/org.lwjgl.lwjgl/lwjgl_util/2.9.2/4b9e37300a87799856e0bd15ed81663cdb6b0947/lwjgl_util-2.9.2.jar:/Users/liaderlich/.gradle/caches/modules-2/files-2.1/com.badlogicgames.jlayer/jlayer/1.0.1-gdx/7cca83cec5c1b2f011362f4d85aabd71a73b049d/jlayer-1.0.1-gdx.jar:/Users/liaderlich/.gradle/caches/modules-2/files-2.1/org.jcraft/jorbis/0.0.17/8872d22b293e8f5d7d56ff92be966e6dc28ebdc6/jorbis-0.0.17.jar:/Users/liaderlich/.gradle/caches/modules-2/files-2.1/org.lwjgl.lwjgl/lwjgl-platform/2.9.2/510c7d317f5e9e700b9cfaac5fd38bdebf0702e0/lwjgl-platform-2.9.2-natives-windows.jar:/Users/liaderlich/.gradle/caches/modules-2/files-2.1/org.lwjgl.lwjgl/lwjgl-platform/2.9.2/d276cdf61fe2b516c7b7f4aa1b8dea91dbdc8d56/lwjgl-platform-2.9.2-natives-linux.jar:/Users/liaderlich/.gradle/caches/modules-2/files-2.1/org.lwjgl.lwjgl/lwjgl-platform/2.9.2/d55b46b40b40249d627a83a7f7f22649709d70c3/lwjgl-platform-2.9.2
Launcher Type: SUN_STANDARD

Environment Variables:
PATH=/usr/bin:/bin:/usr/sbin:/sbin
SHELL=/bin/bash

Signal Handlers:
SIGSEGV: [libjvm.dylib+0x5b1141], sa_mask[0]=11111111011111110111111111111111, sa_flags=SA_ONSTACK|SA_RESTART|SA_SIGINFO
SIGBUS: [libjvm.dylib+0x5b1141], sa_mask[0]=11111111011111110111111111111111, sa_flags=SA_RESTART|SA_SIGINFO
SIGFPE: [libjvm.dylib+0x487bc4], sa_mask[0]=11111111011111110111111111111111, sa_flags=SA_RESTART|SA_SIGINFO
SIGPIPE: [libjvm.dylib+0x487bc4], sa_mask[0]=11111111011111110111111111111111, sa_flags=SA_RESTART|SA_SIGINFO
SIGXFSZ: [libjvm.dylib+0x487bc4], sa_mask[0]=11111111011111110111111111111111, sa_flags=SA_RESTART|SA_SIGINFO
SIGILL: [libjvm.dylib+0x487bc4], sa_mask[0]=11111111011111110111111111111111, sa_flags=SA_RESTART|SA_SIGINFO
SIGUSR1: SIG_DFL, sa_mask[0]=00000000000000000000000000000000, sa_flags=SA_RESTART
SIGUSR2: [libjvm.dylib+0x4876e2], sa_mask[0]=00100000000000000000000000000000, sa_flags=SA_RESTART|SA_SIGINFO
SIGHUP: [libjvm.dylib+0x485cb9], sa_mask[0]=11111111011111110111111111111111, sa_flags=SA_RESTART|SA_SIGINFO
SIGINT: [libjvm.dylib+0x485cb9], sa_mask[0]=11111111011111110111111111111111, sa_flags=SA_RESTART|SA_SIGINFO
SIGTERM: [libjvm.dylib+0x485cb9], sa_mask[0]=11111111011111110111111111111111, sa_flags=SA_RESTART|SA_SIGINFO
SIGQUIT: [libjvm.dylib+0x485cb9], sa_mask[0]=11111111011111110111111111111111, sa_flags=SA_RESTART|SA_SIGINFO


---------------  S Y S T E M  ---------------

OS:Bsduname:Darwin 12.5.0 Darwin Kernel Version 12.5.0: Sun Sep 29 13:33:47 PDT 2013; root:xnu-2050.48.12~1/RELEASE_X86_64 x86_64
rlimit: STACK 8192k, CORE 0k, NPROC 709, NOFILE 10240, AS infinity
load average:2.63 2.17 1.94

CPU:total 4 (2 cores per cpu, 2 threads per core) family 6 model 58 stepping 9, cmov, cx8, fxsr, mmx, sse, sse2, sse3, ssse3, sse4.1, sse4.2, popcnt, avx, aes, clmul, erms, ht, tsc, tscinvbit, tscinv

Memory: 4k page, physical 4194304k(30844k free)

/proc/meminfo:


vm_info: Java HotSpot(TM) 64-Bit Server VM (25.121-b13) for bsd-amd64 JRE (1.8.0_121-b13), built on Dec 12 2016 20:39:32 by "java_re" with gcc 4.2.1 (Based on Apple Inc. build 5658) (LLVM build 2336.11.00)

time: Sun Apr  2 18:39:02 2017
elapsed time: 6 seconds (0d 0h 0m 6s)

